#
# A fatal error has been detected by the Java Runtime Environment:
#
#  SIGFPE (0x8) at pc=0x00007ff13151c0de, pid=4407, tid=0x00007ff13037d700
#
# JRE version: Java(TM) SE Runtime Environment (8.0_111-b14) (build 1.8.0_111-b14)
# Java VM: Java HotSpot(TM) 64-Bit Server VM (25.111-b14 mixed mode linux-amd64 compressed oops)
# Problematic frame:
# C  [libopencv_java310.so+0x5750de]  cv::inRange(cv::_InputArray const&, cv::_InputArray const&, cv::_InputArray const&, cv::_OutputArray const&)+0x434
#
# Failed to write core dump. Core dumps have been disabled. To enable core dumping, try "ulimit -c unlimited" before starting Java again
#
# If you would like to submit a bug report, please visit:
#   http://bugreport.java.com/bugreport/crash.jsp
# The crash happened outside the Java Virtual Machine in native code.
# See problematic frame for where to report the bug.
#

---------------  T H R E A D  ---------------

Current thread (0x00007ff17c31c000):  JavaThread "AWT-EventQueue-0" [_thread_in_native, id=4441, stack(0x00007ff13027d000,0x00007ff13037e000)]

siginfo: si_signo: 8 (SIGFPE), si_code: 1 (FPE_INTDIV), si_addr: 0x00007ff13151c0de

Registers:
RAX=0x00000000000003ff, RBX=0x00007ff16caa3b88, RCX=0x0000000000000000, RDX=0x0000000000000000
RSP=0x00007ff130379620, RBP=0x00007ff130379e60, RSI=0x00007ff1303795e0, RDI=0x00007ff1303797f0
R8 =0x0000000000000000, R9 =0x0000000000000000, R10=0x00007ff16d015808, R11=0x00007ff184667a70
R12=0x0000000000000000, R13=0x00007ff16caa3b88, R14=0x00007ff13037a190, R15=0x00007ff17c31c000
RIP=0x00007ff13151c0de, EFLAGS=0x0000000000010206, CSGSFS=0x0000000000000033, ERR=0x0000000000000000
  TRAPNO=0x0000000000000000

Top of Stack: (sp=0x00007ff130379620)
0x00007ff130379620:   00007ff130379f60 00007ff130379f40
0x00007ff130379630:   00007ff130379f20 00007ff130379f00
0x00007ff130379640:   0000000000000000 00007ff1010166f0
0x00007ff130379650:   0002000000010000 0000000100020000
0x00007ff130379660:   0000000000000000 00007ff117eff510
0x00007ff130379670:   0000027e00000004 00007ff100000016
0x00007ff130379680:   00007ff100000010 0000000000000000
0x00007ff130379690:   0000000000000000 0000000000000000
0x00007ff1303796a0:   00007ff17c31c000 0000000000000000
0x00007ff1303796b0:   0000000000000001 0000000000000000
0x00007ff1303796c0:   0000000100000004 0000000030984290
0x00007ff1303796d0:   00007ff130379700 00007ff17c04d6d0
0x00007ff1303796e0:   0000000000000010 00007ff117eb5d30
0x00007ff1303796f0:   00007ff130379730 00007ff1846bd900
0x00007ff130379700:   00007ff16d114d08 00007ff183fa905a
0x00007ff130379710:   0000000000000010 00007ff17c04d6d0
0x00007ff130379720:   00007ff1309de4d0 00007ff1303797b8
0x00007ff130379730:   00007ff130379770 00007ff1846be542
0x00007ff130379740:   00007ff1303797a0 00007ff184587022
0x00007ff130379750:   00007ff140199e20 00007ff16d0473e0
0x00007ff130379760:   00007ff1309a6690 00007ff130379780
0x00007ff130379770:   00007ff1303797e0 00007ff1842d4b73
0x00007ff130379780:   00007ff140199e00 0000000000000000
0x00007ff130379790:   00007ff16d047400 0000000000000001
0x00007ff1303797a0:   00000001303797e0 00007ff13037a000
0x00007ff1303797b0:   00007ff1303797a8 00007ff13096c880
0x00007ff1303797c0:   0000000000000008 00007ff1309f59e8
0x00007ff1303797d0:   00007ff17c31c000 00007ff140199e00
0x00007ff1303797e0:   00007ff130379820 00007ff1842d4fde
0x00007ff1303797f0:   0000000042ff0000 0000000000000000
0x00007ff130379800:   0000000000000000 0000000000000000
0x00007ff130379810:   0000000000000000 0000000000000000 

Instructions: (pc=0x00007ff13151c0de)
0x00007ff13151c0be:   89 c7 e8 6b f1 d7 ff 48 89 85 58 f8 ff ff 48 8b
0x00007ff13151c0ce:   85 58 f8 ff ff 48 05 ff 03 00 00 ba 00 00 00 00
0x00007ff13151c0de:   48 f7 b5 58 f8 ff ff 48 89 85 18 f8 ff ff 48 8d
0x00007ff13151c0ee:   85 90 f9 ff ff 48 83 c0 40 48 89 c7 e8 d1 8e d6 

Register to memory mapping:

RAX=0x00000000000003ff is an unknown value
RBX={method} {0x00007ff16caa3b88} 'inRange_0' '(JDDDDDDDDJ)V' in 'org/opencv/core/Core'
RCX=0x0000000000000000 is an unknown value
RDX=0x0000000000000000 is an unknown value
RSP=0x00007ff130379620 is pointing into the stack for thread: 0x00007ff17c31c000
RBP=0x00007ff130379e60 is pointing into the stack for thread: 0x00007ff17c31c000
RSI=0x00007ff1303795e0 is pointing into the stack for thread: 0x00007ff17c31c000
RDI=0x00007ff1303797f0 is pointing into the stack for thread: 0x00007ff17c31c000
R8 =0x0000000000000000 is an unknown value
R9 =0x0000000000000000 is an unknown value
R10=0x00007ff16d015808 is at code_begin+808 in an Interpreter codelet
method entry point (kind = native)  [0x00007ff16d0154e0, 0x00007ff16d015de0]  2304 bytes
R11=0x00007ff184667a70: <offset 0x9c2a70> in /home/g/Documents/jdk1.8.0_111/jre/lib/amd64/server/libjvm.so at 0x00007ff183ca5000
R12=0x0000000000000000 is an unknown value
R13={method} {0x00007ff16caa3b88} 'inRange_0' '(JDDDDDDDDJ)V' in 'org/opencv/core/Core'
R14=0x00007ff13037a190 is pointing into the stack for thread: 0x00007ff17c31c000
R15=0x00007ff17c31c000 is a thread


Stack: [0x00007ff13027d000,0x00007ff13037e000],  sp=0x00007ff130379620,  free space=1009k
Native frames: (J=compiled Java code, j=interpreted, Vv=VM code, C=native code)
C  [libopencv_java310.so+0x5750de]  cv::inRange(cv::_InputArray const&, cv::_InputArray const&, cv::_InputArray const&, cv::_OutputArray const&)+0x434
C  [libopencv_java310.so+0x32ce81]  Java_org_opencv_core_Core_inRange_10+0x184
j  org.opencv.core.Core.inRange(Lorg/opencv/core/Mat;Lorg/opencv/core/Scalar;Lorg/opencv/core/Scalar;Lorg/opencv/core/Mat;)V+56
j  ip.ImgProcessing.bgSubtraction(Lorg/opencv/core/Mat;)Lorg/opencv/core/Mat;+15
j  main.Main$1.actionPerformed(Ljava/awt/event/ActionEvent;)V+24
j  javax.swing.AbstractButton.fireActionPerformed(Ljava/awt/event/ActionEvent;)V+83
j  javax.swing.AbstractButton$Handler.actionPerformed(Ljava/awt/event/ActionEvent;)V+5
j  javax.swing.DefaultButtonModel.fireActionPerformed(Ljava/awt/event/ActionEvent;)V+34
j  javax.swing.DefaultButtonModel.setPressed(Z)V+117
j  javax.swing.plaf.basic.BasicButtonListener.mouseReleased(Ljava/awt/event/MouseEvent;)V+35
j  java.awt.Component.processMouseEvent(Ljava/awt/event/MouseEvent;)V+64
j  javax.swing.JComponent.processMouseEvent(Ljava/awt/event/MouseEvent;)V+23
j  java.awt.Component.processEvent(Ljava/awt/AWTEvent;)V+81
j  java.awt.Container.processEvent(Ljava/awt/AWTEvent;)V+18
J 919 C1 java.awt.Component.dispatchEventImpl(Ljava/awt/AWTEvent;)V (883 bytes) @ 0x00007ff16d32c0bc [0x00007ff16d326c40+0x547c]
J 740 C1 java.awt.Container.dispatchEventImpl(Ljava/awt/AWTEvent;)V (129 bytes) @ 0x00007ff16d2993e4 [0x00007ff16d2992a0+0x144]
J 739 C1 java.awt.Component.dispatchEvent(Ljava/awt/AWTEvent;)V (6 bytes) @ 0x00007ff16d298444 [0x00007ff16d298340+0x104]
j  java.awt.LightweightDispatcher.retargetMouseEvent(Ljava/awt/Component;ILjava/awt/event/MouseEvent;)V+327
j  java.awt.LightweightDispatcher.processMouseEvent(Ljava/awt/event/MouseEvent;)Z+155
J 990 C1 java.awt.LightweightDispatcher.dispatchEvent(Ljava/awt/AWTEvent;)Z (73 bytes) @ 0x00007ff16d391b74 [0x00007ff16d391740+0x434]
J 740 C1 java.awt.Container.dispatchEventImpl(Ljava/awt/AWTEvent;)V (129 bytes) @ 0x00007ff16d299384 [0x00007ff16d2992a0+0xe4]
J 963 C1 java.awt.Window.dispatchEventImpl(Ljava/awt/AWTEvent;)V (23 bytes) @ 0x00007ff16d37da04 [0x00007ff16d37d420+0x5e4]
J 880 C1 java.awt.EventQueue.dispatchEventImpl(Ljava/awt/AWTEvent;Ljava/lang/Object;)V (149 bytes) @ 0x00007ff16d30fbac [0x00007ff16d30e380+0x182c]
J 878 C1 java.awt.EventQueue$3.run()Ljava/lang/Void; (60 bytes) @ 0x00007ff16d30d784 [0x00007ff16d30d580+0x204]
J 877 C1 java.awt.EventQueue$3.run()Ljava/lang/Object; (5 bytes) @ 0x00007ff16d30d20c [0x00007ff16d30d180+0x8c]
v  ~StubRoutines::call_stub
V  [libjvm.so+0x690206]  JavaCalls::call_helper(JavaValue*, methodHandle*, JavaCallArguments*, Thread*)+0x1056
V  [libjvm.so+0x728e4c]  JVM_DoPrivileged+0x27c
J 585  java.security.AccessController.doPrivileged(Ljava/security/PrivilegedAction;Ljava/security/AccessControlContext;)Ljava/lang/Object; (0 bytes) @ 0x00007ff16d254a55 [0x00007ff16d254980+0xd5]
J 935 C1 java.awt.EventQueue$4.run()Ljava/lang/Object; (5 bytes) @ 0x00007ff16d36c364 [0x00007ff16d36bf40+0x424]
v  ~StubRoutines::call_stub
V  [libjvm.so+0x690206]  JavaCalls::call_helper(JavaValue*, methodHandle*, JavaCallArguments*, Thread*)+0x1056
V  [libjvm.so+0x728e4c]  JVM_DoPrivileged+0x27c
J 585  java.security.AccessController.doPrivileged(Ljava/security/PrivilegedAction;Ljava/security/AccessControlContext;)Ljava/lang/Object; (0 bytes) @ 0x00007ff16d254a55 [0x00007ff16d254980+0xd5]
J 766 C1 java.awt.EventQueue.dispatchEvent(Ljava/awt/AWTEvent;)V (80 bytes) @ 0x00007ff16d2ab134 [0x00007ff16d2aa2c0+0xe74]
J 921 C1 java.awt.EventDispatchThread.pumpOneEventForFilters(I)V (295 bytes) @ 0x00007ff16d3344d4 [0x00007ff16d332980+0x1b54]
j  java.awt.EventDispatchThread.pumpEventsForFilter(ILjava/awt/Conditional;Ljava/awt/EventFilter;)V+35
j  java.awt.EventDispatchThread.pumpEventsForHierarchy(ILjava/awt/Conditional;Ljava/awt/Component;)V+11
j  java.awt.EventDispatchThread.pumpEvents(ILjava/awt/Conditional;)V+4
j  java.awt.EventDispatchThread.pumpEvents(Ljava/awt/Conditional;)V+3
j  java.awt.EventDispatchThread.run()V+9
v  ~StubRoutines::call_stub
V  [libjvm.so+0x690206]  JavaCalls::call_helper(JavaValue*, methodHandle*, JavaCallArguments*, Thread*)+0x1056
V  [libjvm.so+0x690711]  JavaCalls::call_virtual(JavaValue*, KlassHandle, Symbol*, Symbol*, JavaCallArguments*, Thread*)+0x321
V  [libjvm.so+0x690bb7]  JavaCalls::call_virtual(JavaValue*, Handle, KlassHandle, Symbol*, Symbol*, Thread*)+0x47
V  [libjvm.so+0x7278f0]  thread_entry(JavaThread*, Thread*)+0xa0
V  [libjvm.so+0xa742b3]  JavaThread::thread_main_inner()+0x103
V  [libjvm.so+0xa743fc]  JavaThread::run()+0x11c
V  [libjvm.so+0x924ea8]  java_start(Thread*)+0x108
C  [libpthread.so.0+0x76ba]  start_thread+0xca

Java frames: (J=compiled Java code, j=interpreted, Vv=VM code)
j  org.opencv.core.Core.inRange_0(JDDDDDDDDJ)V+0
j  org.opencv.core.Core.inRange(Lorg/opencv/core/Mat;Lorg/opencv/core/Scalar;Lorg/opencv/core/Scalar;Lorg/opencv/core/Mat;)V+56
j  ip.ImgProcessing.bgSubtraction(Lorg/opencv/core/Mat;)Lorg/opencv/core/Mat;+15
j  main.Main$1.actionPerformed(Ljava/awt/event/ActionEvent;)V+24
j  javax.swing.AbstractButton.fireActionPerformed(Ljava/awt/event/ActionEvent;)V+83
j  javax.swing.AbstractButton$Handler.actionPerformed(Ljava/awt/event/ActionEvent;)V+5
j  javax.swing.DefaultButtonModel.fireActionPerformed(Ljava/awt/event/ActionEvent;)V+34
j  javax.swing.DefaultButtonModel.setPressed(Z)V+117
j  javax.swing.plaf.basic.BasicButtonListener.mouseReleased(Ljava/awt/event/MouseEvent;)V+35
j  java.awt.Component.processMouseEvent(Ljava/awt/event/MouseEvent;)V+64
j  javax.swing.JComponent.processMouseEvent(Ljava/awt/event/MouseEvent;)V+23
j  java.awt.Component.processEvent(Ljava/awt/AWTEvent;)V+81
j  java.awt.Container.processEvent(Ljava/awt/AWTEvent;)V+18
J 919 C1 java.awt.Component.dispatchEventImpl(Ljava/awt/AWTEvent;)V (883 bytes) @ 0x00007ff16d32c0bc [0x00007ff16d326c40+0x547c]
J 740 C1 java.awt.Container.dispatchEventImpl(Ljava/awt/AWTEvent;)V (129 bytes) @ 0x00007ff16d2993e4 [0x00007ff16d2992a0+0x144]
J 739 C1 java.awt.Component.dispatchEvent(Ljava/awt/AWTEvent;)V (6 bytes) @ 0x00007ff16d298444 [0x00007ff16d298340+0x104]
j  java.awt.LightweightDispatcher.retargetMouseEvent(Ljava/awt/Component;ILjava/awt/event/MouseEvent;)V+327
j  java.awt.LightweightDispatcher.processMouseEvent(Ljava/awt/event/MouseEvent;)Z+155
J 990 C1 java.awt.LightweightDispatcher.dispatchEvent(Ljava/awt/AWTEvent;)Z (73 bytes) @ 0x00007ff16d391b74 [0x00007ff16d391740+0x434]
J 740 C1 java.awt.Container.dispatchEventImpl(Ljava/awt/AWTEvent;)V (129 bytes) @ 0x00007ff16d299384 [0x00007ff16d2992a0+0xe4]
J 963 C1 java.awt.Window.dispatchEventImpl(Ljava/awt/AWTEvent;)V (23 bytes) @ 0x00007ff16d37da04 [0x00007ff16d37d420+0x5e4]
J 880 C1 java.awt.EventQueue.dispatchEventImpl(Ljava/awt/AWTEvent;Ljava/lang/Object;)V (149 bytes) @ 0x00007ff16d30fbac [0x00007ff16d30e380+0x182c]
J 878 C1 java.awt.EventQueue$3.run()Ljava/lang/Void; (60 bytes) @ 0x00007ff16d30d784 [0x00007ff16d30d580+0x204]
J 877 C1 java.awt.EventQueue$3.run()Ljava/lang/Object; (5 bytes) @ 0x00007ff16d30d20c [0x00007ff16d30d180+0x8c]
v  ~StubRoutines::call_stub
J 585  java.security.AccessController.doPrivileged(Ljava/security/PrivilegedAction;Ljava/security/AccessControlContext;)Ljava/lang/Object; (0 bytes) @ 0x00007ff16d2549e3 [0x00007ff16d254980+0x63]
J 935 C1 java.awt.EventQueue$4.run()Ljava/lang/Object; (5 bytes) @ 0x00007ff16d36c364 [0x00007ff16d36bf40+0x424]
v  ~StubRoutines::call_stub
J 585  java.security.AccessController.doPrivileged(Ljava/security/PrivilegedAction;Ljava/security/AccessControlContext;)Ljava/lang/Object; (0 bytes) @ 0x00007ff16d2549e3 [0x00007ff16d254980+0x63]
J 766 C1 java.awt.EventQueue.dispatchEvent(Ljava/awt/AWTEvent;)V (80 bytes) @ 0x00007ff16d2ab134 [0x00007ff16d2aa2c0+0xe74]
J 921 C1 java.awt.EventDispatchThread.pumpOneEventForFilters(I)V (295 bytes) @ 0x00007ff16d3344d4 [0x00007ff16d332980+0x1b54]
j  java.awt.EventDispatchThread.pumpEventsForFilter(ILjava/awt/Conditional;Ljava/awt/EventFilter;)V+35
j  java.awt.EventDispatchThread.pumpEventsForHierarchy(ILjava/awt/Conditional;Ljava/awt/Component;)V+11
j  java.awt.EventDispatchThread.pumpEvents(ILjava/awt/Conditional;)V+4
j  java.awt.EventDispatchThread.pumpEvents(Ljava/awt/Conditional;)V+3
j  java.awt.EventDispatchThread.run()V+9
v  ~StubRoutines::call_stub

---------------  P R O C E S S  ---------------

Java Threads: ( => current thread )
  0x00007ff1180b1000 JavaThread "TimerQueue" daemon [_thread_blocked, id=4442, stack(0x00007ff13017c000,0x00007ff13027d000)]
  0x00007ff17c00a800 JavaThread "DestroyJavaVM" [_thread_blocked, id=4409, stack(0x00007ff185794000,0x00007ff185895000)]
=>0x00007ff17c31c000 JavaThread "AWT-EventQueue-0" [_thread_in_native, id=4441, stack(0x00007ff13027d000,0x00007ff13037e000)]
  0x00007ff17c2b9800 JavaThread "AWT-Shutdown" [_thread_blocked, id=4440, stack(0x00007ff15c038000,0x00007ff15c139000)]
  0x00007ff17c25d000 JavaThread "AWT-XAWT" daemon [_thread_in_native, id=4439, stack(0x00007ff15c139000,0x00007ff15c23a000)]
  0x00007ff17c239000 JavaThread "Java2D Disposer" daemon [_thread_blocked, id=4438, stack(0x00007ff15c64a000,0x00007ff15c74b000)]
  0x00007ff17c12c800 JavaThread "Monitor Ctrl-Break" daemon [_thread_in_native, id=4437, stack(0x00007ff15e5c3000,0x00007ff15e6c4000)]
  0x00007ff17c0c0000 JavaThread "Service Thread" daemon [_thread_blocked, id=4435, stack(0x00007ff15ea15000,0x00007ff15eb16000)]
  0x00007ff17c0bd800 JavaThread "C1 CompilerThread2" daemon [_thread_blocked, id=4434, stack(0x00007ff15eb16000,0x00007ff15ec17000)]
  0x00007ff17c0bb800 JavaThread "C2 CompilerThread1" daemon [_thread_blocked, id=4433, stack(0x00007ff15ec17000,0x00007ff15ed18000)]
  0x00007ff17c0b8800 JavaThread "C2 CompilerThread0" daemon [_thread_blocked, id=4432, stack(0x00007ff15ed18000,0x00007ff15ee19000)]
  0x00007ff17c0b7000 JavaThread "Signal Dispatcher" daemon [_thread_blocked, id=4431, stack(0x00007ff15ee19000,0x00007ff15ef1a000)]
  0x00007ff17c084800 JavaThread "Finalizer" daemon [_thread_blocked, id=4424, stack(0x00007ff15f1f2000,0x00007ff15f2f3000)]
  0x00007ff17c080000 JavaThread "Reference Handler" daemon [_thread_blocked, id=4423, stack(0x00007ff15f2f3000,0x00007ff15f3f4000)]

Other Threads:
  0x00007ff17c078000 VMThread [stack: 0x00007ff15f3f4000,0x00007ff15f4f5000] [id=4422]
  0x00007ff17c0c3000 WatcherThread [stack: 0x00007ff15e914000,0x00007ff15ea15000] [id=4436]

VM state:not at safepoint (normal execution)

VM Mutex/Monitor currently owned by a thread: None

Heap:
 PSYoungGen      total 17920K, used 16688K [0x00000000ec780000, 0x00000000edb80000, 0x0000000100000000)
  eden space 15360K, 94% used [0x00000000ec780000,0x00000000ed5bd028,0x00000000ed680000)
  from space 2560K, 82% used [0x00000000ed680000,0x00000000ed88f138,0x00000000ed900000)
  to   space 2560K, 0% used [0x00000000ed900000,0x00000000ed900000,0x00000000edb80000)
 ParOldGen       total 40960K, used 8K [0x00000000c5600000, 0x00000000c7e00000, 0x00000000ec780000)
  object space 40960K, 0% used [0x00000000c5600000,0x00000000c5602000,0x00000000c7e00000)
 Metaspace       used 12829K, capacity 13064K, committed 13312K, reserved 1060864K
  class space    used 1456K, capacity 1532K, committed 1536K, reserved 1048576K

Card table byte_map: [0x00007ff182369000,0x00007ff18253f000] byte_map_base: 0x00007ff181d3e000

Marking Bits: (ParMarkBitMap*) 0x00007ff184c68220
 Begin Bits: [0x00007ff1800dc000, 0x00007ff180f84000)
 End Bits:   [0x00007ff180f84000, 0x00007ff181e2c000)

Polling page: 0x00007ff1858b7000

CodeCache: size=245760Kb used=3683Kb max_used=3683Kb free=242076Kb
 bounds [0x00007ff16d000000, 0x00007ff16d3a0000, 0x00007ff17c000000]
 total_blobs=1722 nmethods=1005 adapters=632
 compilation: enabled

Compilation events (10 events):
Event: 510.071 Thread 0x00007ff17c0bd800 1000       3       java.awt.Image$1::getSurfaceManager (5 bytes)
Event: 510.071 Thread 0x00007ff17c0bd800 nmethod 1000 0x00007ff16d396e10 code [0x00007ff16d396f80, 0x00007ff16d3970d0]
Event: 510.071 Thread 0x00007ff17c0bd800 1001       1       sun.java2d.SurfaceDataProxy::isValid (5 bytes)
Event: 510.071 Thread 0x00007ff17c0bd800 nmethod 1001 0x00007ff16d397190 code [0x00007ff16d3972e0, 0x00007ff16d3973f0]
Event: 510.091 Thread 0x00007ff17c0bd800 1002       3       sun.awt.X11.XToolkit::nowMillisUTC_offset (146 bytes)
Event: 510.094 Thread 0x00007ff17c0bd800 nmethod 1002 0x00007ff16d397450 code [0x00007ff16d3977a0, 0x00007ff16d399008]
Event: 510.225 Thread 0x00007ff17c0bd800 1004       1       java.awt.Component::getGraphicsConfiguration_NoClientCode (5 bytes)
Event: 510.226 Thread 0x00007ff17c0bd800 nmethod 1004 0x00007ff16d399d50 code [0x00007ff16d399ea0, 0x00007ff16d399fb0]
Event: 510.383 Thread 0x00007ff17c0bd800 1005       3       java.awt.Container::countComponents (10 bytes)
Event: 510.384 Thread 0x00007ff17c0bd800 nmethod 1005 0x00007ff16d39a010 code [0x00007ff16d39a180, 0x00007ff16d39a3a8]

GC Heap History (2 events):
Event: 6.011 GC heap before
{Heap before GC invocations=1 (full 0):
 PSYoungGen      total 17920K, used 15360K [0x00000000ec780000, 0x00000000edb80000, 0x0000000100000000)
  eden space 15360K, 100% used [0x00000000ec780000,0x00000000ed680000,0x00000000ed680000)
  from space 2560K, 0% used [0x00000000ed900000,0x00000000ed900000,0x00000000edb80000)
  to   space 2560K, 0% used [0x00000000ed680000,0x00000000ed680000,0x00000000ed900000)
 ParOldGen       total 40960K, used 0K [0x00000000c5600000, 0x00000000c7e00000, 0x00000000ec780000)
  object space 40960K, 0% used [0x00000000c5600000,0x00000000c5600000,0x00000000c7e00000)
 Metaspace       used 11928K, capacity 12100K, committed 12288K, reserved 1060864K
  class space    used 1399K, capacity 1468K, committed 1536K, reserved 1048576K
Event: 6.018 GC heap after
Heap after GC invocations=1 (full 0):
 PSYoungGen      total 17920K, used 2108K [0x00000000ec780000, 0x00000000edb80000, 0x0000000100000000)
  eden space 15360K, 0% used [0x00000000ec780000,0x00000000ec780000,0x00000000ed680000)
  from space 2560K, 82% used [0x00000000ed680000,0x00000000ed88f138,0x00000000ed900000)
  to   space 2560K, 0% used [0x00000000ed900000,0x00000000ed900000,0x00000000edb80000)
 ParOldGen       total 40960K, used 8K [0x00000000c5600000, 0x00000000c7e00000, 0x00000000ec780000)
  object space 40960K, 0% used [0x00000000c5600000,0x00000000c5602000,0x00000000c7e00000)
 Metaspace       used 11928K, capacity 12100K, committed 12288K, reserved 1060864K
  class space    used 1399K, capacity 1468K, committed 1536K, reserved 1048576K
}

Deoptimization events (5 events):
Event: 2.499 Thread 0x00007ff17c31c000 Uncommon trap: reason=class_check action=maybe_recompile pc=0x00007ff16d163970 method=java.lang.String.equals(Ljava/lang/Object;)Z @ 8
Event: 2.499 Thread 0x00007ff17c31c000 Uncommon trap: reason=class_check action=maybe_recompile pc=0x00007ff16d163970 method=java.lang.String.equals(Ljava/lang/Object;)Z @ 8
Event: 2.609 Thread 0x00007ff17c31c000 Uncommon trap: reason=class_check action=maybe_recompile pc=0x00007ff16d163970 method=java.lang.String.equals(Ljava/lang/Object;)Z @ 8
Event: 2.609 Thread 0x00007ff17c31c000 Uncommon trap: reason=class_check action=maybe_recompile pc=0x00007ff16d163970 method=java.lang.String.equals(Ljava/lang/Object;)Z @ 8
Event: 6.097 Thread 0x00007ff17c31c000 Uncommon trap: reason=unstable_if action=reinterpret pc=0x00007ff16d247078 method=ip.ImgProcessing.histoGram(Lorg/opencv/core/Mat;)Lorg/opencv/core/Mat; @ 21

Internal exceptions (10 events):
Event: 0.078 Thread 0x00007ff17c00a800 Exception <a 'java/lang/NoSuchMethodError': Method sun.misc.Unsafe.prefetchRead(Ljava/lang/Object;J)V name or signature does not match> (0x00000000ec787f60) thrown at [/HUDSON3/workspace/8-2-build-linux-amd64/jdk8u111/7883/hotspot/src/share/vm/prims/jni.c
Event: 0.295 Thread 0x00007ff17c00a800 Exception <a 'java/security/PrivilegedActionException'> (0x00000000ec88cb68) thrown at [/HUDSON3/workspace/8-2-build-linux-amd64/jdk8u111/7883/hotspot/src/share/vm/prims/jvm.cpp, line 1386]
Event: 0.295 Thread 0x00007ff17c00a800 Exception <a 'java/security/PrivilegedActionException'> (0x00000000ec88cd78) thrown at [/HUDSON3/workspace/8-2-build-linux-amd64/jdk8u111/7883/hotspot/src/share/vm/prims/jvm.cpp, line 1386]
Event: 0.296 Thread 0x00007ff17c00a800 Exception <a 'java/security/PrivilegedActionException'> (0x00000000ec88f348) thrown at [/HUDSON3/workspace/8-2-build-linux-amd64/jdk8u111/7883/hotspot/src/share/vm/prims/jvm.cpp, line 1386]
Event: 0.296 Thread 0x00007ff17c00a800 Exception <a 'java/security/PrivilegedActionException'> (0x00000000ec88f558) thrown at [/HUDSON3/workspace/8-2-build-linux-amd64/jdk8u111/7883/hotspot/src/share/vm/prims/jvm.cpp, line 1386]
Event: 0.440 Thread 0x00007ff17c00a800 Exception <a 'java/lang/NoSuchFieldError': method resolution failed> (0x00000000ec9ac2b8) thrown at [/HUDSON3/workspace/8-2-build-linux-amd64/jdk8u111/7883/hotspot/src/share/vm/prims/methodHandles.cpp, line 1146]
Event: 0.443 Thread 0x00007ff17c00a800 Exception <a 'java/lang/NoSuchFieldError': method resolution failed> (0x00000000ec9b9a88) thrown at [/HUDSON3/workspace/8-2-build-linux-amd64/jdk8u111/7883/hotspot/src/share/vm/prims/methodHandles.cpp, line 1146]
Event: 0.494 Thread 0x00007ff17c00a800 Exception <a 'java/io/FileNotFoundException'> (0x00000000eca36e60) thrown at [/HUDSON3/workspace/8-2-build-linux-amd64/jdk8u111/7883/hotspot/src/share/vm/prims/jni.cpp, line 709]
Event: 0.494 Thread 0x00007ff17c00a800 Exception <a 'java/io/FileNotFoundException'> (0x00000000eca37808) thrown at [/HUDSON3/workspace/8-2-build-linux-amd64/jdk8u111/7883/hotspot/src/share/vm/prims/jni.cpp, line 709]
Event: 1.150 Thread 0x00007ff17c31c000 Exception <a 'java/lang/UnsupportedOperationException': > (0x00000000ecd492e8) thrown at [/HUDSON3/workspace/8-2-build-linux-amd64/jdk8u111/7883/hotspot/src/share/vm/prims/jni.cpp, line 735]

Events (10 events):
Event: 508.182 loading class sun/util/locale/provider/RuleBasedBreakIterator$1
Event: 508.182 loading class sun/util/locale/provider/RuleBasedBreakIterator$1 done
Event: 508.198 loading class sun/text/CompactByteArray
Event: 508.212 loading class sun/text/CompactByteArray done
Event: 508.212 loading class sun/text/SupplementaryCharacterData
Event: 508.213 loading class sun/text/SupplementaryCharacterData done
Event: 508.213 loading class java/text/BreakIterator$BreakIteratorCache
Event: 508.213 loading class java/text/BreakIterator$BreakIteratorCache done
Event: 508.215 loading class javax/swing/text/GapContent$UndoPosRef
Event: 508.215 loading class javax/swing/text/GapContent$UndoPosRef done


Dynamic libraries:
00400000-00401000 r-xp 00000000 08:05 930318                             /home/g/Documents/jdk1.8.0_111/bin/java
00600000-00601000 rw-p 00000000 08:05 930318                             /home/g/Documents/jdk1.8.0_111/bin/java
01888000-018a9000 rw-p 00000000 00:00 0                                  [heap]
c5600000-c7e00000 rw-p 00000000 00:00 0 
c7e00000-ec780000 ---p 00000000 00:00 0 
ec780000-edb80000 rw-p 00000000 00:00 0 
edb80000-100000000 ---p 00000000 00:00 0 
100000000-100180000 rw-p 00000000 00:00 0 
100180000-140000000 ---p 00000000 00:00 0 
7ff0f0000000-7ff0f0021000 rw-p 00000000 00:00 0 
7ff0f0021000-7ff0f4000000 ---p 00000000 00:00 0 
7ff0f4000000-7ff0f4021000 rw-p 00000000 00:00 0 
7ff0f4021000-7ff0f8000000 ---p 00000000 00:00 0 
7ff0f8000000-7ff0f8021000 rw-p 00000000 00:00 0 
7ff0f8021000-7ff0fc000000 ---p 00000000 00:00 0 
7ff0fc000000-7ff0fc021000 rw-p 00000000 00:00 0 
7ff0fc021000-7ff100000000 ---p 00000000 00:00 0 
7ff100000000-7ff100021000 rw-p 00000000 00:00 0 
7ff100021000-7ff104000000 ---p 00000000 00:00 0 
7ff104000000-7ff104021000 rw-p 00000000 00:00 0 
7ff104021000-7ff108000000 ---p 00000000 00:00 0 
7ff108000000-7ff108021000 rw-p 00000000 00:00 0 
7ff108021000-7ff10c000000 ---p 00000000 00:00 0 
7ff10f7ff000-7ff10f800000 ---p 00000000 00:00 0 
7ff10f800000-7ff110000000 rwxp 00000000 00:00 0 
7ff110000000-7ff110021000 rw-p 00000000 00:00 0 
7ff110021000-7ff114000000 ---p 00000000 00:00 0 
7ff1145f9000-7ff1145fa000 ---p 00000000 00:00 0 
7ff1145fa000-7ff114dfa000 rwxp 00000000 00:00 0 
7ff114dfa000-7ff114dfb000 ---p 00000000 00:00 0 
7ff114dfb000-7ff1155fb000 rwxp 00000000 00:00 0 
7ff1155fb000-7ff1155fc000 ---p 00000000 00:00 0 
7ff1155fc000-7ff115dfc000 rwxp 00000000 00:00 0 
7ff115dfc000-7ff115dfd000 ---p 00000000 00:00 0 
7ff115dfd000-7ff1165fd000 rwxp 00000000 00:00 0 
7ff1165fd000-7ff1165fe000 ---p 00000000 00:00 0 
7ff1165fe000-7ff116dfe000 rwxp 00000000 00:00 0 
7ff116dfe000-7ff116dff000 ---p 00000000 00:00 0 
7ff116dff000-7ff1175ff000 rwxp 00000000 00:00 0 
7ff1175ff000-7ff117600000 ---p 00000000 00:00 0 
7ff117600000-7ff117e00000 rwxp 00000000 00:00 0 
7ff117e00000-7ff117f80000 rw-p 00000000 00:00 0 
7ff117f80000-7ff118000000 ---p 00000000 00:00 0 
7ff118000000-7ff1187e9000 rw-p 00000000 00:00 0 
7ff1187e9000-7ff11c000000 ---p 00000000 00:00 0 
7ff11c000000-7ff11c021000 rw-p 00000000 00:00 0 
7ff11c021000-7ff120000000 ---p 00000000 00:00 0 
7ff120000000-7ff120021000 rw-p 00000000 00:00 0 
7ff120021000-7ff124000000 ---p 00000000 00:00 0 
7ff124000000-7ff124021000 rw-p 00000000 00:00 0 
7ff124021000-7ff128000000 ---p 00000000 00:00 0 
7ff128000000-7ff128021000 rw-p 00000000 00:00 0 
7ff128021000-7ff12c000000 ---p 00000000 00:00 0 
7ff12c000000-7ff12c021000 rw-p 00000000 00:00 0 
7ff12c021000-7ff130000000 ---p 00000000 00:00 0 
7ff13017c000-7ff13017f000 ---p 00000000 00:00 0 
7ff13017f000-7ff13027d000 rwxp 00000000 00:00 0 
7ff13027d000-7ff130280000 ---p 00000000 00:00 0 
7ff130280000-7ff13037e000 rwxp 00000000 00:00 0 
7ff13037e000-7ff1303e7000 r-xp 00000000 08:05 930457                     /home/g/Documents/jdk1.8.0_111/jre/lib/amd64/libt2k.so
7ff1303e7000-7ff1305e7000 ---p 00069000 08:05 930457                     /home/g/Documents/jdk1.8.0_111/jre/lib/amd64/libt2k.so
7ff1305e7000-7ff1305ee000 rw-p 00069000 08:05 930457                     /home/g/Documents/jdk1.8.0_111/jre/lib/amd64/libt2k.so
7ff1305ee000-7ff1305fe000 rw-p 00000000 00:00 0 
7ff1305fe000-7ff13060f000 r-xp 00000000 08:05 930425                     /home/g/Documents/jdk1.8.0_111/jre/lib/amd64/libnio.so
7ff13060f000-7ff13080e000 ---p 00011000 08:05 930425                     /home/g/Documents/jdk1.8.0_111/jre/lib/amd64/libnio.so
7ff13080e000-7ff13080f000 rw-p 00010000 08:05 930425                     /home/g/Documents/jdk1.8.0_111/jre/lib/amd64/libnio.so
7ff13080f000-7ff130a0f000 rw-p 00000000 00:00 0 
7ff130a0f000-7ff130a25000 r-xp 00000000 08:05 4592281                    /lib/x86_64-linux-gnu/libgcc_s.so.1
7ff130a25000-7ff130c24000 ---p 00016000 08:05 4592281                    /lib/x86_64-linux-gnu/libgcc_s.so.1
7ff130c24000-7ff130c25000 rw-p 00015000 08:05 4592281                    /lib/x86_64-linux-gnu/libgcc_s.so.1
7ff130c25000-7ff130d97000 r-xp 00000000 08:05 3287218                    /usr/lib/x86_64-linux-gnu/libstdc++.so.6.0.21
7ff130d97000-7ff130f97000 ---p 00172000 08:05 3287218                    /usr/lib/x86_64-linux-gnu/libstdc++.so.6.0.21
7ff130f97000-7ff130fa1000 r--p 00172000 08:05 3287218                    /usr/lib/x86_64-linux-gnu/libstdc++.so.6.0.21
7ff130fa1000-7ff130fa3000 rw-p 0017c000 08:05 3287218                    /usr/lib/x86_64-linux-gnu/libstdc++.so.6.0.21
7ff130fa3000-7ff130fa7000 rw-p 00000000 00:00 0 
7ff130fa7000-7ff133cd1000 r-xp 00000000 08:05 929317                     /home/g/Documents/opencv-3.1.0/build/lib/libopencv_java310.so
7ff133cd1000-7ff133ed1000 ---p 02d2a000 08:05 929317                     /home/g/Documents/opencv-3.1.0/build/lib/libopencv_java310.so
7ff133ed1000-7ff133ef4000 r--p 02d2a000 08:05 929317                     /home/g/Documents/opencv-3.1.0/build/lib/libopencv_java310.so
7ff133ef4000-7ff133f5a000 rw-p 02d4d000 08:05 929317                     /home/g/Documents/opencv-3.1.0/build/lib/libopencv_java310.so
7ff133f5a000-7ff134000000 rw-p 00000000 00:00 0 
7ff134000000-7ff134021000 rw-p 00000000 00:00 0 
7ff134021000-7ff138000000 ---p 00000000 00:00 0 
7ff138000000-7ff138021000 rw-p 00000000 00:00 0 
7ff138021000-7ff13c000000 ---p 00000000 00:00 0 
7ff13c000000-7ff13c06d000 rw-p 00000000 00:00 0 
7ff13c06d000-7ff140000000 ---p 00000000 00:00 0 
7ff140000000-7ff14074f000 rw-p 00000000 00:00 0 
7ff14074f000-7ff144000000 ---p 00000000 00:00 0 
7ff144000000-7ff144021000 rw-p 00000000 00:00 0 
7ff144021000-7ff148000000 ---p 00000000 00:00 0 
7ff148000000-7ff148128000 rw-p 00000000 00:00 0 
7ff148128000-7ff14c000000 ---p 00000000 00:00 0 
7ff14c000000-7ff14c021000 rw-p 00000000 00:00 0 
7ff14c021000-7ff150000000 ---p 00000000 00:00 0 
7ff150000000-7ff150021000 rw-p 00000000 00:00 0 
7ff150021000-7ff154000000 ---p 00000000 00:00 0 
7ff154000000-7ff154091000 rw-p 00000000 00:00 0 
7ff154091000-7ff158000000 ---p 00000000 00:00 0 
7ff158000000-7ff158021000 rw-p 00000000 00:00 0 
7ff158021000-7ff15c000000 ---p 00000000 00:00 0 
7ff15c038000-7ff15c03b000 ---p 00000000 00:00 0 
7ff15c03b000-7ff15c139000 rwxp 00000000 00:00 0 
7ff15c139000-7ff15c13c000 ---p 00000000 00:00 0 
7ff15c13c000-7ff15c23a000 rwxp 00000000 00:00 0 
7ff15c23a000-7ff15c23f000 r-xp 00000000 08:05 3286030                    /usr/lib/x86_64-linux-gnu/libXfixes.so.3.1.0
7ff15c23f000-7ff15c43e000 ---p 00005000 08:05 3286030                    /usr/lib/x86_64-linux-gnu/libXfixes.so.3.1.0
7ff15c43e000-7ff15c43f000 r--p 00004000 08:05 3286030                    /usr/lib/x86_64-linux-gnu/libXfixes.so.3.1.0
7ff15c43f000-7ff15c440000 rw-p 00005000 08:05 3286030                    /usr/lib/x86_64-linux-gnu/libXfixes.so.3.1.0
7ff15c440000-7ff15c449000 r-xp 00000000 08:05 3286022                    /usr/lib/x86_64-linux-gnu/libXcursor.so.1.0.2
7ff15c449000-7ff15c648000 ---p 00009000 08:05 3286022                    /usr/lib/x86_64-linux-gnu/libXcursor.so.1.0.2
7ff15c648000-7ff15c649000 r--p 00008000 08:05 3286022                    /usr/lib/x86_64-linux-gnu/libXcursor.so.1.0.2
7ff15c649000-7ff15c64a000 rw-p 00009000 08:05 3286022                    /usr/lib/x86_64-linux-gnu/libXcursor.so.1.0.2
7ff15c64a000-7ff15c64d000 ---p 00000000 00:00 0 
7ff15c64d000-7ff15c74b000 rwxp 00000000 00:00 0 
7ff15c74b000-7ff15c7b0000 r-xp 00000000 08:05 930419                     /home/g/Documents/jdk1.8.0_111/jre/lib/amd64/libfontmanager.so
7ff15c7b0000-7ff15c9af000 ---p 00065000 08:05 930419                     /home/g/Documents/jdk1.8.0_111/jre/lib/amd64/libfontmanager.so
7ff15c9af000-7ff15c9b4000 rw-p 00064000 08:05 930419                     /home/g/Documents/jdk1.8.0_111/jre/lib/amd64/libfontmanager.so
7ff15c9b4000-7ff15c9c4000 rw-p 00000000 00:00 0 
7ff15c9c4000-7ff15c9c9000 r-xp 00000000 08:05 3286026                    /usr/lib/x86_64-linux-gnu/libXdmcp.so.6.0.0
7ff15c9c9000-7ff15cbc8000 ---p 00005000 08:05 3286026                    /usr/lib/x86_64-linux-gnu/libXdmcp.so.6.0.0
7ff15cbc8000-7ff15cbc9000 r--p 00004000 08:05 3286026                    /usr/lib/x86_64-linux-gnu/libXdmcp.so.6.0.0
7ff15cbc9000-7ff15cbca000 rw-p 00005000 08:05 3286026                    /usr/lib/x86_64-linux-gnu/libXdmcp.so.6.0.0
7ff15cbca000-7ff15cbcc000 r-xp 00000000 08:05 3286015                    /usr/lib/x86_64-linux-gnu/libXau.so.6.0.0
7ff15cbcc000-7ff15cdcc000 ---p 00002000 08:05 3286015                    /usr/lib/x86_64-linux-gnu/libXau.so.6.0.0
7ff15cdcc000-7ff15cdcd000 r--p 00002000 08:05 3286015                    /usr/lib/x86_64-linux-gnu/libXau.so.6.0.0
7ff15cdcd000-7ff15cdce000 rw-p 00003000 08:05 3286015                    /usr/lib/x86_64-linux-gnu/libXau.so.6.0.0
7ff15cdce000-7ff15cdef000 r-xp 00000000 08:05 3287435                    /usr/lib/x86_64-linux-gnu/libxcb.so.1.1.0
7ff15cdef000-7ff15cfee000 ---p 00021000 08:05 3287435                    /usr/lib/x86_64-linux-gnu/libxcb.so.1.1.0
7ff15cfee000-7ff15cfef000 r--p 00020000 08:05 3287435                    /usr/lib/x86_64-linux-gnu/libxcb.so.1.1.0
7ff15cfef000-7ff15cff0000 rw-p 00021000 08:05 3287435                    /usr/lib/x86_64-linux-gnu/libxcb.so.1.1.0
7ff15cff0000-7ff15cfff000 r-xp 00000000 08:05 3286036                    /usr/lib/x86_64-linux-gnu/libXi.so.6.1.0
7ff15cfff000-7ff15d1fe000 ---p 0000f000 08:05 3286036                    /usr/lib/x86_64-linux-gnu/libXi.so.6.1.0
7ff15d1fe000-7ff15d1ff000 r--p 0000e000 08:05 3286036                    /usr/lib/x86_64-linux-gnu/libXi.so.6.1.0
7ff15d1ff000-7ff15d200000 rw-p 0000f000 08:05 3286036                    /usr/lib/x86_64-linux-gnu/libXi.so.6.1.0
7ff15d200000-7ff15d205000 r-xp 00000000 08:05 3286054                    /usr/lib/x86_64-linux-gnu/libXtst.so.6.1.0
7ff15d205000-7ff15d404000 ---p 00005000 08:05 3286054                    /usr/lib/x86_64-linux-gnu/libXtst.so.6.1.0
7ff15d404000-7ff15d405000 r--p 00004000 08:05 3286054                    /usr/lib/x86_64-linux-gnu/libXtst.so.6.1.0
7ff15d405000-7ff15d406000 rw-p 00005000 08:05 3286054                    /usr/lib/x86_64-linux-gnu/libXtst.so.6.1.0
7ff15d406000-7ff15d40f000 r-xp 00000000 08:05 3286048                    /usr/lib/x86_64-linux-gnu/libXrender.so.1.3.0
7ff15d40f000-7ff15d60e000 ---p 00009000 08:05 3286048                    /usr/lib/x86_64-linux-gnu/libXrender.so.1.3.0
7ff15d60e000-7ff15d60f000 r--p 00008000 08:05 3286048                    /usr/lib/x86_64-linux-gnu/libXrender.so.1.3.0
7ff15d60f000-7ff15d610000 rw-p 00009000 08:05 3286048                    /usr/lib/x86_64-linux-gnu/libXrender.so.1.3.0
7ff15d610000-7ff15d745000 r-xp 00000000 08:05 3286011                    /usr/lib/x86_64-linux-gnu/libX11.so.6.3.0
7ff15d745000-7ff15d945000 ---p 00135000 08:05 3286011                    /usr/lib/x86_64-linux-gnu/libX11.so.6.3.0
7ff15d945000-7ff15d946000 r--p 00135000 08:05 3286011                    /usr/lib/x86_64-linux-gnu/libX11.so.6.3.0
7ff15d946000-7ff15d94a000 rw-p 00136000 08:05 3286011                    /usr/lib/x86_64-linux-gnu/libX11.so.6.3.0
7ff15d94a000-7ff15d95b000 r-xp 00000000 08:05 3286028                    /usr/lib/x86_64-linux-gnu/libXext.so.6.4.0
7ff15d95b000-7ff15db5a000 ---p 00011000 08:05 3286028                    /usr/lib/x86_64-linux-gnu/libXext.so.6.4.0
7ff15db5a000-7ff15db5b000 r--p 00010000 08:05 3286028                    /usr/lib/x86_64-linux-gnu/libXext.so.6.4.0
7ff15db5b000-7ff15db5c000 rw-p 00011000 08:05 3286028                    /usr/lib/x86_64-linux-gnu/libXext.so.6.4.0
7ff15db7b000-7ff15dbcf000 r-xp 00000000 08:05 930427                     /home/g/Documents/jdk1.8.0_111/jre/lib/amd64/libawt_xawt.so
7ff15dbcf000-7ff15ddcf000 ---p 00054000 08:05 930427                     /home/g/Documents/jdk1.8.0_111/jre/lib/amd64/libawt_xawt.so
7ff15ddcf000-7ff15ddd3000 rw-p 00054000 08:05 930427                     /home/g/Documents/jdk1.8.0_111/jre/lib/amd64/libawt_xawt.so
7ff15ddd3000-7ff15ddd4000 rw-p 00000000 00:00 0 
7ff15ddd4000-7ff15de76000 r-xp 00000000 08:05 930460                     /home/g/Documents/jdk1.8.0_111/jre/lib/amd64/libawt.so
7ff15de76000-7ff15e076000 ---p 000a2000 08:05 930460                     /home/g/Documents/jdk1.8.0_111/jre/lib/amd64/libawt.so
7ff15e076000-7ff15e082000 rw-p 000a2000 08:05 930460                     /home/g/Documents/jdk1.8.0_111/jre/lib/amd64/libawt.so
7ff15e082000-7ff15e0a6000 rw-p 00000000 00:00 0 
7ff15e0a6000-7ff15e0ab000 r--s 002f9000 08:05 930345                     /home/g/Documents/jdk1.8.0_111/jre/lib/charsets.jar
7ff15e0ab000-7ff15e3ac000 rw-p 00000000 00:00 0 
7ff15e3ac000-7ff15e3c2000 r-xp 00000000 08:05 930400                     /home/g/Documents/jdk1.8.0_111/jre/lib/amd64/libnet.so
7ff15e3c2000-7ff15e5c2000 ---p 00016000 08:05 930400                     /home/g/Documents/jdk1.8.0_111/jre/lib/amd64/libnet.so
7ff15e5c2000-7ff15e5c3000 rw-p 00016000 08:05 930400                     /home/g/Documents/jdk1.8.0_111/jre/lib/amd64/libnet.so
7ff15e5c3000-7ff15e5c6000 ---p 00000000 00:00 0 
7ff15e5c6000-7ff15e6c4000 rwxp 00000000 00:00 0 
7ff15e6c4000-7ff15e6c5000 r-xp 00000000 08:05 404569                     /home/g/Documents/idea-IC-163.7743.44/bin/libbreakgen64.so
7ff15e6c5000-7ff15e8c4000 ---p 00001000 08:05 404569                     /home/g/Documents/idea-IC-163.7743.44/bin/libbreakgen64.so
7ff15e8c4000-7ff15e8c5000 r--p 00000000 08:05 404569                     /home/g/Documents/idea-IC-163.7743.44/bin/libbreakgen64.so
7ff15e8c5000-7ff15e8c6000 rw-p 00001000 08:05 404569                     /home/g/Documents/idea-IC-163.7743.44/bin/libbreakgen64.so
7ff15e8c6000-7ff15e8cb000 r--s 00048000 08:05 929348                     /home/g/Documents/opencv-3.1.0/build/bin/opencv-310.jar
7ff15e8cb000-7ff15e8de000 r--s 00345000 08:05 930624                     /home/g/Documents/jdk1.8.0_111/jre/lib/resources.jar
7ff15e8de000-7ff15e8f0000 r--s 000d6000 08:05 930623                     /home/g/Documents/jdk1.8.0_111/jre/lib/plugin.jar
7ff15e8f0000-7ff15e8f4000 r--s 00097000 08:05 930344                     /home/g/Documents/jdk1.8.0_111/jre/lib/jsse.jar
7ff15e8f4000-7ff15e8f9000 r--s 00084000 08:05 930499                     /home/g/Documents/jdk1.8.0_111/jre/lib/jfr.jar
7ff15e8f9000-7ff15e914000 r--s 00208000 08:05 930508                     /home/g/Documents/jdk1.8.0_111/jre/lib/deploy.jar
7ff15e914000-7ff15e915000 ---p 00000000 00:00 0 
7ff15e915000-7ff15ea15000 rwxp 00000000 00:00 0 
7ff15ea15000-7ff15ea18000 ---p 00000000 00:00 0 
7ff15ea18000-7ff15eb16000 rwxp 00000000 00:00 0 
7ff15eb16000-7ff15eb19000 ---p 00000000 00:00 0 
7ff15eb19000-7ff15ec17000 rwxp 00000000 00:00 0 
7ff15ec17000-7ff15ec1a000 ---p 00000000 00:00 0 
7ff15ec1a000-7ff15ed18000 rwxp 00000000 00:00 0 
7ff15ed18000-7ff15ed1b000 ---p 00000000 00:00 0 
7ff15ed1b000-7ff15ee19000 rwxp 00000000 00:00 0 
7ff15ee19000-7ff15ee1c000 ---p 00000000 00:00 0 
7ff15ee1c000-7ff15ef1a000 rwxp 00000000 00:00 0 
7ff15ef1a000-7ff15f1f2000 r--p 00000000 08:05 3284534                    /usr/lib/locale/locale-archive
7ff15f1f2000-7ff15f1f5000 ---p 00000000 00:00 0 
7ff15f1f5000-7ff15f2f3000 rwxp 00000000 00:00 0 
7ff15f2f3000-7ff15f2f6000 ---p 00000000 00:00 0 
7ff15f2f6000-7ff15f3f4000 rwxp 00000000 00:00 0 
7ff15f3f4000-7ff15f3f5000 ---p 00000000 00:00 0 
7ff15f3f5000-7ff15f4f5000 rwxp 00000000 00:00 0 
7ff15f4f5000-7ff160000000 rw-p 00000000 00:00 0 
7ff160000000-7ff160021000 rw-p 00000000 00:00 0 
7ff160021000-7ff164000000 ---p 00000000 00:00 0 
7ff164000000-7ff164021000 rw-p 00000000 00:00 0 
7ff164021000-7ff168000000 ---p 00000000 00:00 0 
7ff168000000-7ff168021000 rw-p 00000000 00:00 0 
7ff168021000-7ff16c000000 ---p 00000000 00:00 0 
7ff16c001000-7ff16c003000 r--s 00019000 08:05 395806                     /home/g/Documents/idea-IC-163.7743.44/lib/idea_rt.jar
7ff16c003000-7ff16c00d000 r--s 0006c000 08:05 930507                     /home/g/Documents/jdk1.8.0_111/jre/lib/javaws.jar
7ff16c00d000-7ff16c453000 rw-p 00000000 00:00 0 
7ff16c453000-7ff16c62b000 r--s 03d2a000 08:05 930392                     /home/g/Documents/jdk1.8.0_111/jre/lib/rt.jar
7ff16c62b000-7ff16d000000 rw-p 00000000 00:00 0 
7ff16d000000-7ff16d3a0000 rwxp 00000000 00:00 0 
7ff16d3a0000-7ff17c000000 ---p 00000000 00:00 0 
7ff17c000000-7ff17c324000 rw-p 00000000 00:00 0 
7ff17c324000-7ff180000000 ---p 00000000 00:00 0 
7ff180000000-7ff180003000 r--s 0001a000 08:05 930654                     /home/g/Documents/jdk1.8.0_111/jre/lib/jce.jar
7ff180003000-7ff181e2c000 rw-p 00000000 00:00 0 
7ff181e2c000-7ff181e2d000 ---p 00000000 00:00 0 
7ff181e2d000-7ff181f2d000 rwxp 00000000 00:00 0 
7ff181f2d000-7ff181f2e000 ---p 00000000 00:00 0 
7ff181f2e000-7ff18202e000 rwxp 00000000 00:00 0 
7ff18202e000-7ff18202f000 ---p 00000000 00:00 0 
7ff18202f000-7ff18212f000 rwxp 00000000 00:00 0 
7ff18212f000-7ff182130000 ---p 00000000 00:00 0 
7ff182130000-7ff182230000 rwxp 00000000 00:00 0 
7ff182230000-7ff182244000 rw-p 00000000 00:00 0 
7ff182244000-7ff182369000 ---p 00000000 00:00 0 
7ff182369000-7ff18237d000 rw-p 00000000 00:00 0 
7ff18237d000-7ff1824a1000 ---p 00000000 00:00 0 
7ff1824a1000-7ff1824ac000 rw-p 00000000 00:00 0 
7ff1824ac000-7ff18253e000 ---p 00000000 00:00 0 
7ff18253e000-7ff18254e000 rw-p 00000000 00:00 0 
7ff18254e000-7ff1828ff000 ---p 00000000 00:00 0 
7ff1828ff000-7ff182919000 r-xp 00000000 08:05 930423                     /home/g/Documents/jdk1.8.0_111/jre/lib/amd64/libzip.so
7ff182919000-7ff182b19000 ---p 0001a000 08:05 930423                     /home/g/Documents/jdk1.8.0_111/jre/lib/amd64/libzip.so
7ff182b19000-7ff182b1a000 rw-p 0001a000 08:05 930423                     /home/g/Documents/jdk1.8.0_111/jre/lib/amd64/libzip.so
7ff182b1a000-7ff182b25000 r-xp 00000000 08:05 4596442                    /lib/x86_64-linux-gnu/libnss_files-2.23.so
7ff182b25000-7ff182d24000 ---p 0000b000 08:05 4596442                    /lib/x86_64-linux-gnu/libnss_files-2.23.so
7ff182d24000-7ff182d25000 r--p 0000a000 08:05 4596442                    /lib/x86_64-linux-gnu/libnss_files-2.23.so
7ff182d25000-7ff182d26000 rw-p 0000b000 08:05 4596442                    /lib/x86_64-linux-gnu/libnss_files-2.23.so
7ff182d26000-7ff182d2c000 rw-p 00000000 00:00 0 
7ff182d2c000-7ff182d37000 r-xp 00000000 08:05 4595065                    /lib/x86_64-linux-gnu/libnss_nis-2.23.so
7ff182d37000-7ff182f36000 ---p 0000b000 08:05 4595065                    /lib/x86_64-linux-gnu/libnss_nis-2.23.so
7ff182f36000-7ff182f37000 r--p 0000a000 08:05 4595065                    /lib/x86_64-linux-gnu/libnss_nis-2.23.so
7ff182f37000-7ff182f38000 rw-p 0000b000 08:05 4595065                    /lib/x86_64-linux-gnu/libnss_nis-2.23.so
7ff182f38000-7ff182f4e000 r-xp 00000000 08:05 4596438                    /lib/x86_64-linux-gnu/libnsl-2.23.so
7ff182f4e000-7ff18314d000 ---p 00016000 08:05 4596438                    /lib/x86_64-linux-gnu/libnsl-2.23.so
7ff18314d000-7ff18314e000 r--p 00015000 08:05 4596438                    /lib/x86_64-linux-gnu/libnsl-2.23.so
7ff18314e000-7ff18314f000 rw-p 00016000 08:05 4596438                    /lib/x86_64-linux-gnu/libnsl-2.23.so
7ff18314f000-7ff183151000 rw-p 00000000 00:00 0 
7ff183151000-7ff183159000 r-xp 00000000 08:05 4596439                    /lib/x86_64-linux-gnu/libnss_compat-2.23.so
7ff183159000-7ff183358000 ---p 00008000 08:05 4596439                    /lib/x86_64-linux-gnu/libnss_compat-2.23.so
7ff183358000-7ff183359000 r--p 00007000 08:05 4596439                    /lib/x86_64-linux-gnu/libnss_compat-2.23.so
7ff183359000-7ff18335a000 rw-p 00008000 08:05 4596439                    /lib/x86_64-linux-gnu/libnss_compat-2.23.so
7ff18335a000-7ff183385000 r-xp 00000000 08:05 930450                     /home/g/Documents/jdk1.8.0_111/jre/lib/amd64/libjava.so
7ff183385000-7ff183584000 ---p 0002b000 08:05 930450                     /home/g/Documents/jdk1.8.0_111/jre/lib/amd64/libjava.so
7ff183584000-7ff183586000 rw-p 0002a000 08:05 930450                     /home/g/Documents/jdk1.8.0_111/jre/lib/amd64/libjava.so
7ff183586000-7ff183593000 r-xp 00000000 08:05 930401                     /home/g/Documents/jdk1.8.0_111/jre/lib/amd64/libverify.so
7ff183593000-7ff183792000 ---p 0000d000 08:05 930401                     /home/g/Documents/jdk1.8.0_111/jre/lib/amd64/libverify.so
7ff183792000-7ff183794000 rw-p 0000c000 08:05 930401                     /home/g/Documents/jdk1.8.0_111/jre/lib/amd64/libverify.so
7ff183794000-7ff18379b000 r-xp 00000000 08:05 4594950                    /lib/x86_64-linux-gnu/librt-2.23.so
7ff18379b000-7ff18399a000 ---p 00007000 08:05 4594950                    /lib/x86_64-linux-gnu/librt-2.23.so
7ff18399a000-7ff18399b000 r--p 00006000 08:05 4594950                    /lib/x86_64-linux-gnu/librt-2.23.so
7ff18399b000-7ff18399c000 rw-p 00007000 08:05 4594950                    /lib/x86_64-linux-gnu/librt-2.23.so
7ff18399c000-7ff183aa4000 r-xp 00000000 08:05 4595074                    /lib/x86_64-linux-gnu/libm-2.23.so
7ff183aa4000-7ff183ca3000 ---p 00108000 08:05 4595074                    /lib/x86_64-linux-gnu/libm-2.23.so
7ff183ca3000-7ff183ca4000 r--p 00107000 08:05 4595074                    /lib/x86_64-linux-gnu/libm-2.23.so
7ff183ca4000-7ff183ca5000 rw-p 00108000 08:05 4595074                    /lib/x86_64-linux-gnu/libm-2.23.so
7ff183ca5000-7ff184972000 r-xp 00000000 08:05 930454                     /home/g/Documents/jdk1.8.0_111/jre/lib/amd64/server/libjvm.so
7ff184972000-7ff184b71000 ---p 00ccd000 08:05 930454                     /home/g/Documents/jdk1.8.0_111/jre/lib/amd64/server/libjvm.so
7ff184b71000-7ff184c4a000 rw-p 00ccc000 08:05 930454                     /home/g/Documents/jdk1.8.0_111/jre/lib/amd64/server/libjvm.so
7ff184c4a000-7ff184c95000 rw-p 00000000 00:00 0 
7ff184c95000-7ff184e54000 r-xp 00000000 08:05 4595069                    /lib/x86_64-linux-gnu/libc-2.23.so
7ff184e54000-7ff185054000 ---p 001bf000 08:05 4595069                    /lib/x86_64-linux-gnu/libc-2.23.so
7ff185054000-7ff185058000 r--p 001bf000 08:05 4595069                    /lib/x86_64-linux-gnu/libc-2.23.so
7ff185058000-7ff18505a000 rw-p 001c3000 08:05 4595069                    /lib/x86_64-linux-gnu/libc-2.23.so
7ff18505a000-7ff18505e000 rw-p 00000000 00:00 0 
7ff18505e000-7ff185061000 r-xp 00000000 08:05 4595068                    /lib/x86_64-linux-gnu/libdl-2.23.so
7ff185061000-7ff185260000 ---p 00003000 08:05 4595068                    /lib/x86_64-linux-gnu/libdl-2.23.so
7ff185260000-7ff185261000 r--p 00002000 08:05 4595068                    /lib/x86_64-linux-gnu/libdl-2.23.so
7ff185261000-7ff185262000 rw-p 00003000 08:05 4595068                    /lib/x86_64-linux-gnu/libdl-2.23.so
7ff185262000-7ff185277000 r-xp 00000000 08:05 929582                     /home/g/Documents/jdk1.8.0_111/lib/amd64/jli/libjli.so
7ff185277000-7ff185477000 ---p 00015000 08:05 929582                     /home/g/Documents/jdk1.8.0_111/lib/amd64/jli/libjli.so
7ff185477000-7ff185478000 rw-p 00015000 08:05 929582                     /home/g/Documents/jdk1.8.0_111/lib/amd64/jli/libjli.so
7ff185478000-7ff185490000 r-xp 00000000 08:05 4595075                    /lib/x86_64-linux-gnu/libpthread-2.23.so
7ff185490000-7ff18568f000 ---p 00018000 08:05 4595075                    /lib/x86_64-linux-gnu/libpthread-2.23.so
7ff18568f000-7ff185690000 r--p 00017000 08:05 4595075                    /lib/x86_64-linux-gnu/libpthread-2.23.so
7ff185690000-7ff185691000 rw-p 00018000 08:05 4595075                    /lib/x86_64-linux-gnu/libpthread-2.23.so
7ff185691000-7ff185695000 rw-p 00000000 00:00 0 
7ff185695000-7ff1856bb000 r-xp 00000000 08:05 4587535                    /lib/x86_64-linux-gnu/ld-2.23.so
7ff1856bc000-7ff1856bd000 r--s 00000000 08:05 930471                     /home/g/Documents/jdk1.8.0_111/jre/lib/management-agent.jar
7ff1856bd000-7ff1856c2000 r--s 002f9000 08:05 930345                     /home/g/Documents/jdk1.8.0_111/jre/lib/charsets.jar
7ff1856c2000-7ff185794000 rw-p 00000000 00:00 0 
7ff185794000-7ff185797000 ---p 00000000 00:00 0 
7ff185797000-7ff185895000 rwxp 00000000 00:00 0 
7ff185895000-7ff185899000 rw-p 00000000 00:00 0 
7ff185899000-7ff18589b000 r--s 00007000 08:05 930465                     /home/g/Documents/jdk1.8.0_111/jre/lib/jfxswt.jar
7ff18589b000-7ff1858ae000 rw-p 00000000 00:00 0 
7ff1858ae000-7ff1858b6000 rw-s 00000000 08:05 3014679                    /tmp/hsperfdata_g/4407
7ff1858b6000-7ff1858b7000 rw-p 00000000 00:00 0 
7ff1858b7000-7ff1858b8000 r--p 00000000 00:00 0 
7ff1858b8000-7ff1858ba000 rw-p 00000000 00:00 0 
7ff1858ba000-7ff1858bb000 r--p 00025000 08:05 4587535                    /lib/x86_64-linux-gnu/ld-2.23.so
7ff1858bb000-7ff1858bc000 rw-p 00026000 08:05 4587535                    /lib/x86_64-linux-gnu/ld-2.23.so
7ff1858bc000-7ff1858bd000 rw-p 00000000 00:00 0 
7ffd213a8000-7ffd213c8000 rwxp 00000000 00:00 0                          [stack]
7ffd213c8000-7ffd213c9000 rw-p 00000000 00:00 0 
7ffd213d4000-7ffd213d6000 r--p 00000000 00:00 0                          [vvar]
7ffd213d6000-7ffd213d8000 r-xp 00000000 00:00 0                          [vdso]
ffffffffff600000-ffffffffff601000 r-xp 00000000 00:00 0                  [vsyscall]

VM Arguments:
jvm_args: -Djava.library.path=/home/g/Documents/opencv-3.1.0/build/lib -Didea.launcher.port=7537 -Didea.launcher.bin.path=/home/g/Documents/idea-IC-163.7743.44/bin -Dfile.encoding=UTF-8 
java_command: com.intellij.rt.execution.application.AppMain main.Main
java_class_path (initial): /home/g/Documents/jdk1.8.0_111/jre/lib/charsets.jar:/home/g/Documents/jdk1.8.0_111/jre/lib/deploy.jar:/home/g/Documents/jdk1.8.0_111/jre/lib/ext/cldrdata.jar:/home/g/Documents/jdk1.8.0_111/jre/lib/ext/dnsns.jar:/home/g/Documents/jdk1.8.0_111/jre/lib/ext/jaccess.jar:/home/g/Documents/jdk1.8.0_111/jre/lib/ext/jfxrt.jar:/home/g/Documents/jdk1.8.0_111/jre/lib/ext/localedata.jar:/home/g/Documents/jdk1.8.0_111/jre/lib/ext/nashorn.jar:/home/g/Documents/jdk1.8.0_111/jre/lib/ext/sunec.jar:/home/g/Documents/jdk1.8.0_111/jre/lib/ext/sunjce_provider.jar:/home/g/Documents/jdk1.8.0_111/jre/lib/ext/sunpkcs11.jar:/home/g/Documents/jdk1.8.0_111/jre/lib/ext/zipfs.jar:/home/g/Documents/jdk1.8.0_111/jre/lib/javaws.jar:/home/g/Documents/jdk1.8.0_111/jre/lib/jce.jar:/home/g/Documents/jdk1.8.0_111/jre/lib/jfr.jar:/home/g/Documents/jdk1.8.0_111/jre/lib/jfxswt.jar:/home/g/Documents/jdk1.8.0_111/jre/lib/jsse.jar:/home/g/Documents/jdk1.8.0_111/jre/lib/management-agent.jar:/home/g/Documents/jdk1.8.0_111/jre/lib/plugin.jar:/home/g/Documents/jdk1.8.0_111/jre/lib/resources.jar:/home/g/Documents/jdk1.8.0_111/jre/lib/rt.jar:/home/g/IdeaProjects/thesis/out/production/thesis:/home/g/Documents/opencv-3.1.0/build/bin/opencv-310.jar:/home/g/Documents/idea-IC-163.7743.44/lib/idea_rt.jar
Launcher Type: SUN_STANDARD

Environment Variables:
PATH=/usr/local/sbin:/usr/local/bin:/usr/sbin:/usr/bin:/sbin:/bin:/usr/games:/usr/local/games
USERNAME=g
LD_LIBRARY_PATH=/home/g/Documents/idea-IC-163.7743.44/bin:
SHELL=/bin/bash
DISPLAY=:0

Signal Handlers:
SIGSEGV: [libjvm.so+0xac64b0], sa_mask[0]=11111111011111111101111111111110, sa_flags=SA_RESTART|SA_SIGINFO
SIGBUS: [libjvm.so+0xac64b0], sa_mask[0]=11111111011111111101111111111110, sa_flags=SA_RESTART|SA_SIGINFO
SIGFPE: [libjvm.so+0x91f950], sa_mask[0]=11111111011111111101111111111110, sa_flags=SA_RESTART|SA_SIGINFO
SIGPIPE: [libjvm.so+0x91f950], sa_mask[0]=11111111011111111101111111111110, sa_flags=SA_RESTART|SA_SIGINFO
SIGXFSZ: [libjvm.so+0x91f950], sa_mask[0]=11111111011111111101111111111110, sa_flags=SA_RESTART|SA_SIGINFO
SIGILL: [libjvm.so+0x91f950], sa_mask[0]=11111111011111111101111111111110, sa_flags=SA_RESTART|SA_SIGINFO
SIGUSR1: SIG_DFL, sa_mask[0]=00000000000000000000000000000000, sa_flags=none
SIGUSR2: [libjvm.so+0x920f80], sa_mask[0]=00100000000000000000000000000000, sa_flags=SA_RESTART|SA_SIGINFO
SIGHUP: [libjvm.so+0x922380], sa_mask[0]=11111111011111111101111111111110, sa_flags=SA_RESTART|SA_SIGINFO
SIGINT: [libjvm.so+0x922380], sa_mask[0]=11111111011111111101111111111110, sa_flags=SA_RESTART|SA_SIGINFO
SIGTERM: [libjvm.so+0x922380], sa_mask[0]=11111111011111111101111111111110, sa_flags=SA_RESTART|SA_SIGINFO
SIGQUIT: [libjvm.so+0x922380], sa_mask[0]=11111111011111111101111111111110, sa_flags=SA_RESTART|SA_SIGINFO


---------------  S Y S T E M  ---------------

OS:DISTRIB_ID=LinuxMint
DISTRIB_RELEASE=18
DISTRIB_CODENAME=sarah
DISTRIB_DESCRIPTION="Linux Mint 18 Sarah"

uname:Linux 4.4.0-21-generic #37-Ubuntu SMP Mon Apr 18 18:33:37 UTC 2016 x86_64
libc:glibc 2.23 NPTL 2.23 
rlimit: STACK 8192k, CORE 0k, NPROC 14845, NOFILE 65536, AS infinity
load average:0.65 0.79 0.63

/proc/meminfo:
MemTotal:        3841456 kB
MemFree:          371900 kB
MemAvailable:    1885936 kB
Buffers:          126636 kB
Cached:          1437728 kB
SwapCached:            0 kB
Active:          2539160 kB
Inactive:         727280 kB
Active(anon):    1708668 kB
Inactive(anon):   128816 kB
Active(file):     830492 kB
Inactive(file):   598464 kB
Unevictable:           0 kB
Mlocked:               0 kB
SwapTotal:       3986428 kB
SwapFree:        3986428 kB
Dirty:               508 kB
Writeback:             0 kB
AnonPages:       1702116 kB
Mapped:           294672 kB
Shmem:            135412 kB
Slab:             141040 kB
SReclaimable:     114048 kB
SUnreclaim:        26992 kB
KernelStack:        7792 kB
PageTables:        21624 kB
NFS_Unstable:          0 kB
Bounce:                0 kB
WritebackTmp:          0 kB
CommitLimit:     5907156 kB
Committed_AS:    3792248 kB
VmallocTotal:   34359738367 kB
VmallocUsed:           0 kB
VmallocChunk:          0 kB
HardwareCorrupted:     0 kB
AnonHugePages:    876544 kB
CmaTotal:              0 kB
CmaFree:               0 kB
HugePages_Total:       0
HugePages_Free:        0
HugePages_Rsvd:        0
HugePages_Surp:        0
Hugepagesize:       2048 kB
DirectMap4k:       98560 kB
DirectMap2M:     3889152 kB


CPU:total 4 (2 cores per cpu, 2 threads per core) family 6 model 37 stepping 2, cmov, cx8, fxsr, mmx, sse, sse2, sse3, ssse3, sse4.1, sse4.2, popcnt, ht, tsc, tscinvbit

/proc/cpuinfo:
processor	: 0
vendor_id	: GenuineIntel
cpu family	: 6
model		: 37
model name	: Intel(R) Core(TM) i3 CPU       M 330  @ 2.13GHz
stepping	: 2
microcode	: 0xc
cpu MHz		: 933.000
cache size	: 3072 KB
physical id	: 0
siblings	: 4
core id		: 0
cpu cores	: 2
apicid		: 0
initial apicid	: 0
fpu		: yes
fpu_exception	: yes
cpuid level	: 11
wp		: yes
flags		: fpu vme de pse tsc msr pae mce cx8 apic sep mtrr pge mca cmov pat pse36 clflush dts acpi mmx fxsr sse sse2 ss ht tm pbe syscall nx rdtscp lm constant_tsc arch_perfmon pebs bts rep_good nopl xtopology nonstop_tsc aperfmperf pni dtes64 monitor ds_cpl vmx est tm2 ssse3 cx16 xtpr pdcm sse4_1 sse4_2 popcnt lahf_lm tpr_shadow vnmi flexpriority ept vpid dtherm arat
bugs		:
bogomips	: 4266.63
clflush size	: 64
cache_alignment	: 64
address sizes	: 36 bits physical, 48 bits virtual
power management:

processor	: 1
vendor_id	: GenuineIntel
cpu family	: 6
model		: 37
model name	: Intel(R) Core(TM) i3 CPU       M 330  @ 2.13GHz
stepping	: 2
microcode	: 0xc
cpu MHz		: 2133.000
cache size	: 3072 KB
physical id	: 0
siblings	: 4
core id		: 0
cpu cores	: 2
apicid		: 1
initial apicid	: 1
fpu		: yes
fpu_exception	: yes
cpuid level	: 11
wp		: yes
flags		: fpu vme de pse tsc msr pae mce cx8 apic sep mtrr pge mca cmov pat pse36 clflush dts acpi mmx fxsr sse sse2 ss ht tm pbe syscall nx rdtscp lm constant_tsc arch_perfmon pebs bts rep_good nopl xtopology nonstop_tsc aperfmperf pni dtes64 monitor ds_cpl vmx est tm2 ssse3 cx16 xtpr pdcm sse4_1 sse4_2 popcnt lahf_lm tpr_shadow vnmi flexpriority ept vpid dtherm arat
bugs		:
bogomips	: 4266.63
clflush size	: 64
cache_alignment	: 64
address sizes	: 36 bits physical, 48 bits virtual
power management:

processor	: 2
vendor_id	: GenuineIntel
cpu family	: 6
model		: 37
model name	: Intel(R) Core(TM) i3 CPU       M 330  @ 2.13GHz
stepping	: 2
microcode	: 0xc
cpu MHz		: 2133.000
cache size	: 3072 KB
physical id	: 0
siblings	: 4
core id		: 2
cpu cores	: 2
apicid		: 4
initial apicid	: 4
fpu		: yes
fpu_exception	: yes
cpuid level	: 11
wp		: yes
flags		: fpu vme de pse tsc msr pae mce cx8 apic sep mtrr pge mca cmov pat pse36 clflush dts acpi mmx fxsr sse sse2 ss ht tm pbe syscall nx rdtscp lm constant_tsc arch_perfmon pebs bts rep_good nopl xtopology nonstop_tsc aperfmperf pni dtes64 monitor ds_cpl vmx est tm2 ssse3 cx16 xtpr pdcm sse4_1 sse4_2 popcnt lahf_lm tpr_shadow vnmi flexpriority ept vpid dtherm arat
bugs		:
bogomips	: 4266.63
clflush size	: 64
cache_alignment	: 64
address sizes	: 36 bits physical, 48 bits virtual
power management:

processor	: 3
vendor_id	: GenuineIntel
cpu family	: 6
model		: 37
model name	: Intel(R) Core(TM) i3 CPU       M 330  @ 2.13GHz
stepping	: 2
microcode	: 0xc
cpu MHz		: 2133.000
cache size	: 3072 KB
physical id	: 0
siblings	: 4
core id		: 2
cpu cores	: 2
apicid		: 5
initial apicid	: 5
fpu		: yes
fpu_exception	: yes
cpuid level	: 11
wp		: yes
flags		: fpu vme de pse tsc msr pae mce cx8 apic sep mtrr pge mca cmov pat pse36 clflush dts acpi mmx fxsr sse sse2 ss ht tm pbe syscall nx rdtscp lm constant_tsc arch_perfmon pebs bts rep_good nopl xtopology nonstop_tsc aperfmperf pni dtes64 monitor ds_cpl vmx est tm2 ssse3 cx16 xtpr pdcm sse4_1 sse4_2 popcnt lahf_lm tpr_shadow vnmi flexpriority ept vpid dtherm arat
bugs		:
bogomips	: 4266.63
clflush size	: 64
cache_alignment	: 64
address sizes	: 36 bits physical, 48 bits virtual
power management:



Memory: 4k page, physical 3841456k(371900k free), swap 3986428k(3986428k free)

vm_info: Java HotSpot(TM) 64-Bit Server VM (25.111-b14) for linux-amd64 JRE (1.8.0_111-b14), built on Sep 22 2016 16:14:03 by "java_re" with gcc 4.3.0 20080428 (Red Hat 4.3.0-8)

time: Thu Jan 12 21:39:45 2017
elapsed time: 510 seconds (0d 0h 8m 30s)

