#
# A fatal error has been detected by the Java Runtime Environment:
#
#  SIGFPE (0x8) at pc=0x00007fa2d951c0de, pid=3691, tid=0x00007fa2e1a79700
#
# JRE version: Java(TM) SE Runtime Environment (8.0_111-b14) (build 1.8.0_111-b14)
# Java VM: Java HotSpot(TM) 64-Bit Server VM (25.111-b14 mixed mode linux-amd64 compressed oops)
# Problematic frame:
# C  [libopencv_java310.so+0x5750de]  cv::inRange(cv::_InputArray const&, cv::_InputArray const&, cv::_InputArray const&, cv::_OutputArray const&)+0x434
#
# Failed to write core dump. Core dumps have been disabled. To enable core dumping, try "ulimit -c unlimited" before starting Java again
#
# If you would like to submit a bug report, please visit:
#   http://bugreport.java.com/bugreport/crash.jsp
# The crash happened outside the Java Virtual Machine in native code.
# See problematic frame for where to report the bug.
#

---------------  T H R E A D  ---------------

Current thread (0x00007fa32c358800):  JavaThread "AWT-EventQueue-0" [_thread_in_native, id=3725, stack(0x00007fa2e1979000,0x00007fa2e1a7a000)]

siginfo: si_signo: 8 (SIGFPE), si_code: 1 (FPE_INTDIV), si_addr: 0x00007fa2d951c0de

Registers:
RAX=0x00000000000003ff, RBX=0x00007fa31af18b88, RCX=0x0000000000000000, RDX=0x0000000000000000
RSP=0x00007fa2e1a75740, RBP=0x00007fa2e1a75f80, RSI=0x00007fa2e1a75700, RDI=0x00007fa2e1a75910
R8 =0x0000000000000000, R9 =0x0000000000000000, R10=0x00007fa31d015808, R11=0x00007fa332d48a70
R12=0x0000000000000000, R13=0x00007fa31af18b88, R14=0x00007fa2e1a762b0, R15=0x00007fa32c358800
RIP=0x00007fa2d951c0de, EFLAGS=0x0000000000010206, CSGSFS=0x0000000000000033, ERR=0x0000000000000000
  TRAPNO=0x0000000000000000

Top of Stack: (sp=0x00007fa2e1a75740)
0x00007fa2e1a75740:   00007fa2e1a76080 00007fa2e1a76060
0x00007fa2e1a75750:   00007fa2e1a76040 00007fa2e1a76020
0x00007fa2e1a75760:   00007fa2e21a0978 00007fa301018800
0x00007fa2e1a75770:   0002000000010000 0000000100020000
0x00007fa2e1a75780:   00007fa200000000 00007fa32c358800
0x00007fa2e1a75790:   00007fa2e2036790 00007fa32c358800
0x00007fa2e1a757a0:   00007fa2e1a75840 00007fa2e1a75860
0x00007fa2e1a757b0:   00007fa2e1a75850 00007fa2e21ef208
0x00007fa2e1a757c0:   00007fa2e2036790 0000000000000003
0x00007fa2e1a757d0:   00007fa2e1a75920 0000000000000000
0x00007fa2e1a757e0:   00007fa32c358800 00007fa32c358800
0x00007fa2e1a757f0:   00007fa332e86b67 000001802c358800
0x00007fa2e1a75800:   00007fa332e86b67 000001802c358800
0x00007fa2e1a75810:   00007fa2e1a75960 ffffffffe1a75870
0x00007fa2e1a75820:   00007fa33265ee90 00007fa2e21fc838
0x00007fa2e1a75830:   00007fa2e21ef1e8 00007fa3e21f0700
0x00007fa2e1a75840:   00007fa2e20cd140 00007fa32c358800
0x00007fa2e1a75850:   00007fa2e1694128 00007fa3e16a35c8
0x00007fa2e1a75860:   00007fa2e2036790 00007fa32c358800
0x00007fa2e1a75870:   0000000000600014 00007fa2e1a75470
0x00007fa2e1a75880:   0000027e00000004 00007fa200000016
0x00007fa2e1a75890:   00007fa2e21fc818 00000000e21ef6a0
0x00007fa2e1a758a0:   00007fa2e20cd140 00007fa32c358800
0x00007fa2e1a758b0:   00007fa2e21fc0c8 00007fa3e169c500
0x00007fa2e1a758c0:   00007fa2e169c4e0 00007fa3e169c4c0
0x00007fa2e1a758d0:   00000000e169c4a0 000000013265ee90
0x00007fa2e1a758e0:   00007fa2e1694128 00007fa33265ee90
0x00007fa2e1a758f0:   00007fa2e1a759e0 00007fa32c33d930
0x00007fa2e1a75900:   00000159e169c540 00007fa2e2036790
0x00007fa2e1a75910:   0000000042ff0000 0000000000000000
0x00007fa2e1a75920:   0000000000000000 0000000000000000
0x00007fa2e1a75930:   0000000000000000 0000000000000000 

Instructions: (pc=0x00007fa2d951c0de)
0x00007fa2d951c0be:   89 c7 e8 6b f1 d7 ff 48 89 85 58 f8 ff ff 48 8b
0x00007fa2d951c0ce:   85 58 f8 ff ff 48 05 ff 03 00 00 ba 00 00 00 00
0x00007fa2d951c0de:   48 f7 b5 58 f8 ff ff 48 89 85 18 f8 ff ff 48 8d
0x00007fa2d951c0ee:   85 90 f9 ff ff 48 83 c0 40 48 89 c7 e8 d1 8e d6 

Register to memory mapping:

RAX=0x00000000000003ff is an unknown value
RBX={method} {0x00007fa31af18b88} 'inRange_0' '(JDDDDDDDDJ)V' in 'org/opencv/core/Core'
RCX=0x0000000000000000 is an unknown value
RDX=0x0000000000000000 is an unknown value
RSP=0x00007fa2e1a75740 is pointing into the stack for thread: 0x00007fa32c358800
RBP=0x00007fa2e1a75f80 is pointing into the stack for thread: 0x00007fa32c358800
RSI=0x00007fa2e1a75700 is pointing into the stack for thread: 0x00007fa32c358800
RDI=0x00007fa2e1a75910 is pointing into the stack for thread: 0x00007fa32c358800
R8 =0x0000000000000000 is an unknown value
R9 =0x0000000000000000 is an unknown value
R10=0x00007fa31d015808 is at code_begin+808 in an Interpreter codelet
method entry point (kind = native)  [0x00007fa31d0154e0, 0x00007fa31d015de0]  2304 bytes
R11=0x00007fa332d48a70: <offset 0x9c2a70> in /home/g/Documents/jdk1.8.0_111/jre/lib/amd64/server/libjvm.so at 0x00007fa332386000
R12=0x0000000000000000 is an unknown value
R13={method} {0x00007fa31af18b88} 'inRange_0' '(JDDDDDDDDJ)V' in 'org/opencv/core/Core'
R14=0x00007fa2e1a762b0 is pointing into the stack for thread: 0x00007fa32c358800
R15=0x00007fa32c358800 is a thread


Stack: [0x00007fa2e1979000,0x00007fa2e1a7a000],  sp=0x00007fa2e1a75740,  free space=1009k
Native frames: (J=compiled Java code, j=interpreted, Vv=VM code, C=native code)
C  [libopencv_java310.so+0x5750de]  cv::inRange(cv::_InputArray const&, cv::_InputArray const&, cv::_InputArray const&, cv::_OutputArray const&)+0x434
C  [libopencv_java310.so+0x32ce81]  Java_org_opencv_core_Core_inRange_10+0x184
j  org.opencv.core.Core.inRange(Lorg/opencv/core/Mat;Lorg/opencv/core/Scalar;Lorg/opencv/core/Scalar;Lorg/opencv/core/Mat;)V+56
j  ip.ImgProcessing.bgSubtraction(Lorg/opencv/core/Mat;)Lorg/opencv/core/Mat;+15
j  main.Main$1.actionPerformed(Ljava/awt/event/ActionEvent;)V+24
j  javax.swing.AbstractButton.fireActionPerformed(Ljava/awt/event/ActionEvent;)V+83
j  javax.swing.AbstractButton$Handler.actionPerformed(Ljava/awt/event/ActionEvent;)V+5
j  javax.swing.DefaultButtonModel.fireActionPerformed(Ljava/awt/event/ActionEvent;)V+34
j  javax.swing.DefaultButtonModel.setPressed(Z)V+117
j  javax.swing.plaf.basic.BasicButtonListener.mouseReleased(Ljava/awt/event/MouseEvent;)V+35
j  java.awt.Component.processMouseEvent(Ljava/awt/event/MouseEvent;)V+64
j  javax.swing.JComponent.processMouseEvent(Ljava/awt/event/MouseEvent;)V+23
j  java.awt.Component.processEvent(Ljava/awt/AWTEvent;)V+81
j  java.awt.Container.processEvent(Ljava/awt/AWTEvent;)V+18
j  java.awt.Component.dispatchEventImpl(Ljava/awt/AWTEvent;)V+589
J 714 C1 java.awt.Container.dispatchEventImpl(Ljava/awt/AWTEvent;)V (129 bytes) @ 0x00007fa31d2b80e4 [0x00007fa31d2b7fa0+0x144]
J 713 C1 java.awt.Component.dispatchEvent(Ljava/awt/AWTEvent;)V (6 bytes) @ 0x00007fa31d2b7c04 [0x00007fa31d2b7b00+0x104]
j  java.awt.LightweightDispatcher.retargetMouseEvent(Ljava/awt/Component;ILjava/awt/event/MouseEvent;)V+327
j  java.awt.LightweightDispatcher.processMouseEvent(Ljava/awt/event/MouseEvent;)Z+155
j  java.awt.LightweightDispatcher.dispatchEvent(Ljava/awt/AWTEvent;)Z+50
J 714 C1 java.awt.Container.dispatchEventImpl(Ljava/awt/AWTEvent;)V (129 bytes) @ 0x00007fa31d2b8084 [0x00007fa31d2b7fa0+0xe4]
j  java.awt.Window.dispatchEventImpl(Ljava/awt/AWTEvent;)V+19
J 713 C1 java.awt.Component.dispatchEvent(Ljava/awt/AWTEvent;)V (6 bytes) @ 0x00007fa31d2b7c04 [0x00007fa31d2b7b00+0x104]
j  java.awt.EventQueue.dispatchEventImpl(Ljava/awt/AWTEvent;Ljava/lang/Object;)V+41
j  java.awt.EventQueue.access$500(Ljava/awt/EventQueue;Ljava/awt/AWTEvent;Ljava/lang/Object;)V+3
j  java.awt.EventQueue$3.run()Ljava/lang/Void;+32
j  java.awt.EventQueue$3.run()Ljava/lang/Object;+1
v  ~StubRoutines::call_stub
V  [libjvm.so+0x690206]  JavaCalls::call_helper(JavaValue*, methodHandle*, JavaCallArguments*, Thread*)+0x1056
V  [libjvm.so+0x728e4c]  JVM_DoPrivileged+0x27c
J 581  java.security.AccessController.doPrivileged(Ljava/security/PrivilegedAction;Ljava/security/AccessControlContext;)Ljava/lang/Object; (0 bytes) @ 0x00007fa31d256b15 [0x00007fa31d256a40+0xd5]
J 590 C1 java.security.ProtectionDomain$JavaSecurityAccessImpl.doIntersectionPrivilege(Ljava/security/PrivilegedAction;Ljava/security/AccessControlContext;Ljava/security/AccessControlContext;)Ljava/lang/Object; (22 bytes) @ 0x00007fa31d259284 [0x00007fa31d258e20+0x464]
j  java.security.ProtectionDomain$JavaSecurityAccessImpl.doIntersectionPrivilege(Ljava/security/PrivilegedAction;Ljava/security/AccessControlContext;)Ljava/lang/Object;+6
j  java.awt.EventQueue$4.run()Ljava/lang/Void;+11
j  java.awt.EventQueue$4.run()Ljava/lang/Object;+1
v  ~StubRoutines::call_stub
V  [libjvm.so+0x690206]  JavaCalls::call_helper(JavaValue*, methodHandle*, JavaCallArguments*, Thread*)+0x1056
V  [libjvm.so+0x728e4c]  JVM_DoPrivileged+0x27c
J 581  java.security.AccessController.doPrivileged(Ljava/security/PrivilegedAction;Ljava/security/AccessControlContext;)Ljava/lang/Object; (0 bytes) @ 0x00007fa31d256b15 [0x00007fa31d256a40+0xd5]
J 750 C1 java.awt.EventQueue.dispatchEvent(Ljava/awt/AWTEvent;)V (80 bytes) @ 0x00007fa31d2cabb4 [0x00007fa31d2c9d40+0xe74]
j  java.awt.EventDispatchThread.pumpOneEventForFilters(I)V+245
j  java.awt.EventDispatchThread.pumpEventsForFilter(ILjava/awt/Conditional;Ljava/awt/EventFilter;)V+35
j  java.awt.EventDispatchThread.pumpEventsForHierarchy(ILjava/awt/Conditional;Ljava/awt/Component;)V+11
j  java.awt.EventDispatchThread.pumpEvents(ILjava/awt/Conditional;)V+4
j  java.awt.EventDispatchThread.pumpEvents(Ljava/awt/Conditional;)V+3
j  java.awt.EventDispatchThread.run()V+9
v  ~StubRoutines::call_stub
V  [libjvm.so+0x690206]  JavaCalls::call_helper(JavaValue*, methodHandle*, JavaCallArguments*, Thread*)+0x1056
V  [libjvm.so+0x690711]  JavaCalls::call_virtual(JavaValue*, KlassHandle, Symbol*, Symbol*, JavaCallArguments*, Thread*)+0x321
V  [libjvm.so+0x690bb7]  JavaCalls::call_virtual(JavaValue*, Handle, KlassHandle, Symbol*, Symbol*, Thread*)+0x47
V  [libjvm.so+0x7278f0]  thread_entry(JavaThread*, Thread*)+0xa0
V  [libjvm.so+0xa742b3]  JavaThread::thread_main_inner()+0x103
V  [libjvm.so+0xa743fc]  JavaThread::run()+0x11c
V  [libjvm.so+0x924ea8]  java_start(Thread*)+0x108
C  [libpthread.so.0+0x76ba]  start_thread+0xca

Java frames: (J=compiled Java code, j=interpreted, Vv=VM code)
j  org.opencv.core.Core.inRange_0(JDDDDDDDDJ)V+0
j  org.opencv.core.Core.inRange(Lorg/opencv/core/Mat;Lorg/opencv/core/Scalar;Lorg/opencv/core/Scalar;Lorg/opencv/core/Mat;)V+56
j  ip.ImgProcessing.bgSubtraction(Lorg/opencv/core/Mat;)Lorg/opencv/core/Mat;+15
j  main.Main$1.actionPerformed(Ljava/awt/event/ActionEvent;)V+24
j  javax.swing.AbstractButton.fireActionPerformed(Ljava/awt/event/ActionEvent;)V+83
j  javax.swing.AbstractButton$Handler.actionPerformed(Ljava/awt/event/ActionEvent;)V+5
j  javax.swing.DefaultButtonModel.fireActionPerformed(Ljava/awt/event/ActionEvent;)V+34
j  javax.swing.DefaultButtonModel.setPressed(Z)V+117
j  javax.swing.plaf.basic.BasicButtonListener.mouseReleased(Ljava/awt/event/MouseEvent;)V+35
j  java.awt.Component.processMouseEvent(Ljava/awt/event/MouseEvent;)V+64
j  javax.swing.JComponent.processMouseEvent(Ljava/awt/event/MouseEvent;)V+23
j  java.awt.Component.processEvent(Ljava/awt/AWTEvent;)V+81
j  java.awt.Container.processEvent(Ljava/awt/AWTEvent;)V+18
j  java.awt.Component.dispatchEventImpl(Ljava/awt/AWTEvent;)V+589
J 714 C1 java.awt.Container.dispatchEventImpl(Ljava/awt/AWTEvent;)V (129 bytes) @ 0x00007fa31d2b80e4 [0x00007fa31d2b7fa0+0x144]
J 713 C1 java.awt.Component.dispatchEvent(Ljava/awt/AWTEvent;)V (6 bytes) @ 0x00007fa31d2b7c04 [0x00007fa31d2b7b00+0x104]
j  java.awt.LightweightDispatcher.retargetMouseEvent(Ljava/awt/Component;ILjava/awt/event/MouseEvent;)V+327
j  java.awt.LightweightDispatcher.processMouseEvent(Ljava/awt/event/MouseEvent;)Z+155
j  java.awt.LightweightDispatcher.dispatchEvent(Ljava/awt/AWTEvent;)Z+50
J 714 C1 java.awt.Container.dispatchEventImpl(Ljava/awt/AWTEvent;)V (129 bytes) @ 0x00007fa31d2b8084 [0x00007fa31d2b7fa0+0xe4]
j  java.awt.Window.dispatchEventImpl(Ljava/awt/AWTEvent;)V+19
J 713 C1 java.awt.Component.dispatchEvent(Ljava/awt/AWTEvent;)V (6 bytes) @ 0x00007fa31d2b7c04 [0x00007fa31d2b7b00+0x104]
j  java.awt.EventQueue.dispatchEventImpl(Ljava/awt/AWTEvent;Ljava/lang/Object;)V+41
j  java.awt.EventQueue.access$500(Ljava/awt/EventQueue;Ljava/awt/AWTEvent;Ljava/lang/Object;)V+3
j  java.awt.EventQueue$3.run()Ljava/lang/Void;+32
j  java.awt.EventQueue$3.run()Ljava/lang/Object;+1
v  ~StubRoutines::call_stub
J 581  java.security.AccessController.doPrivileged(Ljava/security/PrivilegedAction;Ljava/security/AccessControlContext;)Ljava/lang/Object; (0 bytes) @ 0x00007fa31d256aa3 [0x00007fa31d256a40+0x63]
J 590 C1 java.security.ProtectionDomain$JavaSecurityAccessImpl.doIntersectionPrivilege(Ljava/security/PrivilegedAction;Ljava/security/AccessControlContext;Ljava/security/AccessControlContext;)Ljava/lang/Object; (22 bytes) @ 0x00007fa31d259284 [0x00007fa31d258e20+0x464]
j  java.security.ProtectionDomain$JavaSecurityAccessImpl.doIntersectionPrivilege(Ljava/security/PrivilegedAction;Ljava/security/AccessControlContext;)Ljava/lang/Object;+6
j  java.awt.EventQueue$4.run()Ljava/lang/Void;+11
j  java.awt.EventQueue$4.run()Ljava/lang/Object;+1
v  ~StubRoutines::call_stub
J 581  java.security.AccessController.doPrivileged(Ljava/security/PrivilegedAction;Ljava/security/AccessControlContext;)Ljava/lang/Object; (0 bytes) @ 0x00007fa31d256aa3 [0x00007fa31d256a40+0x63]
J 750 C1 java.awt.EventQueue.dispatchEvent(Ljava/awt/AWTEvent;)V (80 bytes) @ 0x00007fa31d2cabb4 [0x00007fa31d2c9d40+0xe74]
j  java.awt.EventDispatchThread.pumpOneEventForFilters(I)V+245
j  java.awt.EventDispatchThread.pumpEventsForFilter(ILjava/awt/Conditional;Ljava/awt/EventFilter;)V+35
j  java.awt.EventDispatchThread.pumpEventsForHierarchy(ILjava/awt/Conditional;Ljava/awt/Component;)V+11
j  java.awt.EventDispatchThread.pumpEvents(ILjava/awt/Conditional;)V+4
j  java.awt.EventDispatchThread.pumpEvents(Ljava/awt/Conditional;)V+3
j  java.awt.EventDispatchThread.run()V+9
v  ~StubRoutines::call_stub

---------------  P R O C E S S  ---------------

Java Threads: ( => current thread )
  0x00007fa2c40b1000 JavaThread "TimerQueue" daemon [_thread_blocked, id=3726, stack(0x00007fa2e1878000,0x00007fa2e1979000)]
  0x00007fa32c00a800 JavaThread "DestroyJavaVM" [_thread_blocked, id=3694, stack(0x00007fa333e75000,0x00007fa333f76000)]
=>0x00007fa32c358800 JavaThread "AWT-EventQueue-0" [_thread_in_native, id=3725, stack(0x00007fa2e1979000,0x00007fa2e1a7a000)]
  0x00007fa32c2f5800 JavaThread "AWT-Shutdown" [_thread_blocked, id=3724, stack(0x00007fa2e1f0b000,0x00007fa2e200c000)]
  0x00007fa32c29b000 JavaThread "AWT-XAWT" daemon [_thread_in_native, id=3723, stack(0x00007fa2e220c000,0x00007fa2e230d000)]
  0x00007fa32c277000 JavaThread "Java2D Disposer" daemon [_thread_blocked, id=3722, stack(0x00007fa2e2d00000,0x00007fa2e2e01000)]
  0x00007fa32c145800 JavaThread "Monitor Ctrl-Break" daemon [_thread_in_native, id=3721, stack(0x00007fa318ca5000,0x00007fa318da6000)]
  0x00007fa32c0c0800 JavaThread "Service Thread" daemon [_thread_blocked, id=3719, stack(0x00007fa3190c1000,0x00007fa3191c2000)]
  0x00007fa32c0bd800 JavaThread "C1 CompilerThread2" daemon [_thread_blocked, id=3718, stack(0x00007fa3191c2000,0x00007fa3192c3000)]
  0x00007fa32c0bb800 JavaThread "C2 CompilerThread1" daemon [_thread_blocked, id=3717, stack(0x00007fa3192c3000,0x00007fa3193c4000)]
  0x00007fa32c0b8800 JavaThread "C2 CompilerThread0" daemon [_thread_blocked, id=3716, stack(0x00007fa3193c4000,0x00007fa3194c5000)]
  0x00007fa32c0b7000 JavaThread "Signal Dispatcher" daemon [_thread_blocked, id=3715, stack(0x00007fa3194c5000,0x00007fa3195c6000)]
  0x00007fa32c084800 JavaThread "Finalizer" daemon [_thread_blocked, id=3708, stack(0x00007fa31989e000,0x00007fa31999f000)]
  0x00007fa32c080000 JavaThread "Reference Handler" daemon [_thread_blocked, id=3707, stack(0x00007fa31999f000,0x00007fa319aa0000)]

Other Threads:
  0x00007fa32c078000 VMThread [stack: 0x00007fa319aa0000,0x00007fa319ba1000] [id=3706]
  0x00007fa32c0c3800 WatcherThread [stack: 0x00007fa318fc0000,0x00007fa3190c1000] [id=3720]

VM state:not at safepoint (normal execution)

VM Mutex/Monitor currently owned by a thread: None

Heap:
 PSYoungGen      total 17920K, used 9299K [0x00000000ec780000, 0x00000000edb80000, 0x0000000100000000)
  eden space 15360K, 60% used [0x00000000ec780000,0x00000000ed094f18,0x00000000ed680000)
  from space 2560K, 0% used [0x00000000ed900000,0x00000000ed900000,0x00000000edb80000)
  to   space 2560K, 0% used [0x00000000ed680000,0x00000000ed680000,0x00000000ed900000)
 ParOldGen       total 40960K, used 0K [0x00000000c5600000, 0x00000000c7e00000, 0x00000000ec780000)
  object space 40960K, 0% used [0x00000000c5600000,0x00000000c5600000,0x00000000c7e00000)
 Metaspace       used 12156K, capacity 12360K, committed 12544K, reserved 1060864K
  class space    used 1406K, capacity 1468K, committed 1536K, reserved 1048576K

Card table byte_map: [0x00007fa330a4a000,0x00007fa330c20000] byte_map_base: 0x00007fa33041f000

Marking Bits: (ParMarkBitMap*) 0x00007fa333349220
 Begin Bits: [0x00007fa31b2b0000, 0x00007fa31c158000)
 End Bits:   [0x00007fa31c158000, 0x00007fa31d000000)

Polling page: 0x00007fa333f98000

CodeCache: size=245760Kb used=2884Kb max_used=2884Kb free=242875Kb
 bounds [0x00007fa31d000000, 0x00007fa31d2e0000, 0x00007fa32c000000]
 total_blobs=1474 nmethods=763 adapters=626
 compilation: enabled

Compilation events (10 events):
Event: 184.001 Thread 0x00007fa32c0bd800 nmethod 757 0x00007fa31d2cd190 code [0x00007fa31d2cd340, 0x00007fa31d2cd838]
Event: 184.001 Thread 0x00007fa32c0bd800  758       3       sun.java2d.xr.MutableInteger::hashCode (5 bytes)
Event: 184.001 Thread 0x00007fa32c0bd800 nmethod 758 0x00007fa31d2cd9d0 code [0x00007fa31d2cdb40, 0x00007fa31d2cdcb0]
Event: 184.001 Thread 0x00007fa32c0bd800  759       3       sun.font.XRGlyphCacheEntry::setLastUsed (6 bytes)
Event: 184.002 Thread 0x00007fa32c0bd800 nmethod 759 0x00007fa31d2cdd50 code [0x00007fa31d2cdea0, 0x00007fa31d2cdff0]
Event: 184.002 Thread 0x00007fa32c0bd800  760       3       sun.font.GlyphList::setGlyphIndex (261 bytes)
Event: 184.003 Thread 0x00007fa32c0bd800 nmethod 760 0x00007fa31d2ce050 code [0x00007fa31d2ce300, 0x00007fa31d2cec78]
Event: 184.003 Thread 0x00007fa32c0bd800  761       3       sun.java2d.xr.GrowableIntArray::addInt (13 bytes)
Event: 184.003 Thread 0x00007fa32c0bd800 nmethod 761 0x00007fa31d2cf490 code [0x00007fa31d2cf600, 0x00007fa31d2cf8c8]
Event: 184.015 Thread 0x00007fa32c0bd800  762       3       java.awt.EventQueue::getPriority (78 bytes)

GC Heap History (0 events):
No events

Deoptimization events (4 events):
Event: 2.195 Thread 0x00007fa32c358800 Uncommon trap: reason=class_check action=maybe_recompile pc=0x00007fa31d16d630 method=java.lang.String.equals(Ljava/lang/Object;)Z @ 8
Event: 2.195 Thread 0x00007fa32c358800 Uncommon trap: reason=class_check action=maybe_recompile pc=0x00007fa31d16d630 method=java.lang.String.equals(Ljava/lang/Object;)Z @ 8
Event: 2.364 Thread 0x00007fa32c358800 Uncommon trap: reason=class_check action=maybe_recompile pc=0x00007fa31d16d630 method=java.lang.String.equals(Ljava/lang/Object;)Z @ 8
Event: 2.364 Thread 0x00007fa32c358800 Uncommon trap: reason=class_check action=maybe_recompile pc=0x00007fa31d16d630 method=java.lang.String.equals(Ljava/lang/Object;)Z @ 8

Internal exceptions (10 events):
Event: 0.073 Thread 0x00007fa32c00a800 Exception <a 'java/lang/NoSuchMethodError': Method sun.misc.Unsafe.prefetchRead(Ljava/lang/Object;J)V name or signature does not match> (0x00000000ec787f60) thrown at [/HUDSON3/workspace/8-2-build-linux-amd64/jdk8u111/7883/hotspot/src/share/vm/prims/jni.c
Event: 0.232 Thread 0x00007fa32c00a800 Exception <a 'java/security/PrivilegedActionException'> (0x00000000ec88cb68) thrown at [/HUDSON3/workspace/8-2-build-linux-amd64/jdk8u111/7883/hotspot/src/share/vm/prims/jvm.cpp, line 1386]
Event: 0.232 Thread 0x00007fa32c00a800 Exception <a 'java/security/PrivilegedActionException'> (0x00000000ec88cd78) thrown at [/HUDSON3/workspace/8-2-build-linux-amd64/jdk8u111/7883/hotspot/src/share/vm/prims/jvm.cpp, line 1386]
Event: 0.232 Thread 0x00007fa32c00a800 Exception <a 'java/security/PrivilegedActionException'> (0x00000000ec88f348) thrown at [/HUDSON3/workspace/8-2-build-linux-amd64/jdk8u111/7883/hotspot/src/share/vm/prims/jvm.cpp, line 1386]
Event: 0.232 Thread 0x00007fa32c00a800 Exception <a 'java/security/PrivilegedActionException'> (0x00000000ec88f558) thrown at [/HUDSON3/workspace/8-2-build-linux-amd64/jdk8u111/7883/hotspot/src/share/vm/prims/jvm.cpp, line 1386]
Event: 0.317 Thread 0x00007fa32c00a800 Exception <a 'java/lang/NoSuchFieldError': method resolution failed> (0x00000000ec9ac2b8) thrown at [/HUDSON3/workspace/8-2-build-linux-amd64/jdk8u111/7883/hotspot/src/share/vm/prims/methodHandles.cpp, line 1146]
Event: 0.322 Thread 0x00007fa32c00a800 Exception <a 'java/lang/NoSuchFieldError': method resolution failed> (0x00000000ec9b9a88) thrown at [/HUDSON3/workspace/8-2-build-linux-amd64/jdk8u111/7883/hotspot/src/share/vm/prims/methodHandles.cpp, line 1146]
Event: 0.369 Thread 0x00007fa32c00a800 Exception <a 'java/io/FileNotFoundException'> (0x00000000eca36ed8) thrown at [/HUDSON3/workspace/8-2-build-linux-amd64/jdk8u111/7883/hotspot/src/share/vm/prims/jni.cpp, line 709]
Event: 0.369 Thread 0x00007fa32c00a800 Exception <a 'java/io/FileNotFoundException'> (0x00000000eca37880) thrown at [/HUDSON3/workspace/8-2-build-linux-amd64/jdk8u111/7883/hotspot/src/share/vm/prims/jni.cpp, line 709]
Event: 0.998 Thread 0x00007fa32c358800 Exception <a 'java/lang/UnsupportedOperationException': > (0x00000000ecd493a0) thrown at [/HUDSON3/workspace/8-2-build-linux-amd64/jdk8u111/7883/hotspot/src/share/vm/prims/jni.cpp, line 735]

Events (10 events):
Event: 5.545 loading class sun/misc/FDBigInteger
Event: 5.545 loading class sun/misc/FDBigInteger done
Event: 7.240 loading class java/awt/LightweightDispatcher$2
Event: 7.240 loading class java/awt/LightweightDispatcher$2 done
Event: 180.455 loading class sun/awt/im/CompositionArea
Event: 180.456 loading class sun/awt/im/CompositionArea done
Event: 180.494 loading class javax/swing/Autoscroller
Event: 180.494 loading class javax/swing/Autoscroller done
Event: 182.821 loading class javax/swing/text/GapContent$RemoveUndo
Event: 182.821 loading class javax/swing/text/GapContent$RemoveUndo done


Dynamic libraries:
00400000-00401000 r-xp 00000000 08:05 930318                             /home/g/Documents/jdk1.8.0_111/bin/java
00600000-00601000 rw-p 00000000 08:05 930318                             /home/g/Documents/jdk1.8.0_111/bin/java
00fbb000-00fdc000 rw-p 00000000 00:00 0                                  [heap]
c5600000-c7e00000 rw-p 00000000 00:00 0 
c7e00000-ec780000 ---p 00000000 00:00 0 
ec780000-edb80000 rw-p 00000000 00:00 0 
edb80000-100000000 ---p 00000000 00:00 0 
100000000-100180000 rw-p 00000000 00:00 0 
100180000-140000000 ---p 00000000 00:00 0 
7fa2c4000000-7fa2c43fb000 rw-p 00000000 00:00 0 
7fa2c43fb000-7fa2c8000000 ---p 00000000 00:00 0 
7fa2c8000000-7fa2c8021000 rw-p 00000000 00:00 0 
7fa2c8021000-7fa2cc000000 ---p 00000000 00:00 0 
7fa2cc000000-7fa2cc021000 rw-p 00000000 00:00 0 
7fa2cc021000-7fa2d0000000 ---p 00000000 00:00 0 
7fa2d0000000-7fa2d0021000 rw-p 00000000 00:00 0 
7fa2d0021000-7fa2d4000000 ---p 00000000 00:00 0 
7fa2d4000000-7fa2d4021000 rw-p 00000000 00:00 0 
7fa2d4021000-7fa2d8000000 ---p 00000000 00:00 0 
7fa2d8fa7000-7fa2dbcd1000 r-xp 00000000 08:05 929317                     /home/g/Documents/opencv-3.1.0/build/lib/libopencv_java310.so
7fa2dbcd1000-7fa2dbed1000 ---p 02d2a000 08:05 929317                     /home/g/Documents/opencv-3.1.0/build/lib/libopencv_java310.so
7fa2dbed1000-7fa2dbef4000 r--p 02d2a000 08:05 929317                     /home/g/Documents/opencv-3.1.0/build/lib/libopencv_java310.so
7fa2dbef4000-7fa2dbf5a000 rw-p 02d4d000 08:05 929317                     /home/g/Documents/opencv-3.1.0/build/lib/libopencv_java310.so
7fa2dbf5a000-7fa2dc000000 rw-p 00000000 00:00 0 
7fa2dc000000-7fa2dc021000 rw-p 00000000 00:00 0 
7fa2dc021000-7fa2e0000000 ---p 00000000 00:00 0 
7fa2e1678000-7fa2e1738000 rw-p 00000000 00:00 0 
7fa2e1738000-7fa2e1878000 ---p 00000000 00:00 0 
7fa2e1878000-7fa2e187b000 ---p 00000000 00:00 0 
7fa2e187b000-7fa2e1979000 rwxp 00000000 00:00 0 
7fa2e1979000-7fa2e197c000 ---p 00000000 00:00 0 
7fa2e197c000-7fa2e1a7a000 rwxp 00000000 00:00 0 
7fa2e1a7a000-7fa2e1ae3000 r-xp 00000000 08:05 930457                     /home/g/Documents/jdk1.8.0_111/jre/lib/amd64/libt2k.so
7fa2e1ae3000-7fa2e1ce3000 ---p 00069000 08:05 930457                     /home/g/Documents/jdk1.8.0_111/jre/lib/amd64/libt2k.so
7fa2e1ce3000-7fa2e1cea000 rw-p 00069000 08:05 930457                     /home/g/Documents/jdk1.8.0_111/jre/lib/amd64/libt2k.so
7fa2e1cea000-7fa2e1cfa000 rw-p 00000000 00:00 0 
7fa2e1cfa000-7fa2e1d0b000 r-xp 00000000 08:05 930425                     /home/g/Documents/jdk1.8.0_111/jre/lib/amd64/libnio.so
7fa2e1d0b000-7fa2e1f0a000 ---p 00011000 08:05 930425                     /home/g/Documents/jdk1.8.0_111/jre/lib/amd64/libnio.so
7fa2e1f0a000-7fa2e1f0b000 rw-p 00010000 08:05 930425                     /home/g/Documents/jdk1.8.0_111/jre/lib/amd64/libnio.so
7fa2e1f0b000-7fa2e1f0e000 ---p 00000000 00:00 0 
7fa2e1f0e000-7fa2e200c000 rwxp 00000000 00:00 0 
7fa2e200c000-7fa2e220c000 rw-p 00000000 00:00 0 
7fa2e220c000-7fa2e220f000 ---p 00000000 00:00 0 
7fa2e220f000-7fa2e230d000 rwxp 00000000 00:00 0 
7fa2e230d000-7fa2e2323000 r-xp 00000000 08:05 4592281                    /lib/x86_64-linux-gnu/libgcc_s.so.1
7fa2e2323000-7fa2e2522000 ---p 00016000 08:05 4592281                    /lib/x86_64-linux-gnu/libgcc_s.so.1
7fa2e2522000-7fa2e2523000 rw-p 00015000 08:05 4592281                    /lib/x86_64-linux-gnu/libgcc_s.so.1
7fa2e2523000-7fa2e2695000 r-xp 00000000 08:05 3287218                    /usr/lib/x86_64-linux-gnu/libstdc++.so.6.0.21
7fa2e2695000-7fa2e2895000 ---p 00172000 08:05 3287218                    /usr/lib/x86_64-linux-gnu/libstdc++.so.6.0.21
7fa2e2895000-7fa2e289f000 r--p 00172000 08:05 3287218                    /usr/lib/x86_64-linux-gnu/libstdc++.so.6.0.21
7fa2e289f000-7fa2e28a1000 rw-p 0017c000 08:05 3287218                    /usr/lib/x86_64-linux-gnu/libstdc++.so.6.0.21
7fa2e28a1000-7fa2e28a5000 rw-p 00000000 00:00 0 
7fa2e28f0000-7fa2e28f5000 r-xp 00000000 08:05 3286030                    /usr/lib/x86_64-linux-gnu/libXfixes.so.3.1.0
7fa2e28f5000-7fa2e2af4000 ---p 00005000 08:05 3286030                    /usr/lib/x86_64-linux-gnu/libXfixes.so.3.1.0
7fa2e2af4000-7fa2e2af5000 r--p 00004000 08:05 3286030                    /usr/lib/x86_64-linux-gnu/libXfixes.so.3.1.0
7fa2e2af5000-7fa2e2af6000 rw-p 00005000 08:05 3286030                    /usr/lib/x86_64-linux-gnu/libXfixes.so.3.1.0
7fa2e2af6000-7fa2e2aff000 r-xp 00000000 08:05 3286022                    /usr/lib/x86_64-linux-gnu/libXcursor.so.1.0.2
7fa2e2aff000-7fa2e2cfe000 ---p 00009000 08:05 3286022                    /usr/lib/x86_64-linux-gnu/libXcursor.so.1.0.2
7fa2e2cfe000-7fa2e2cff000 r--p 00008000 08:05 3286022                    /usr/lib/x86_64-linux-gnu/libXcursor.so.1.0.2
7fa2e2cff000-7fa2e2d00000 rw-p 00009000 08:05 3286022                    /usr/lib/x86_64-linux-gnu/libXcursor.so.1.0.2
7fa2e2d00000-7fa2e2d03000 ---p 00000000 00:00 0 
7fa2e2d03000-7fa2e2e01000 rwxp 00000000 00:00 0 
7fa2e2e01000-7fa2e2e66000 r-xp 00000000 08:05 930419                     /home/g/Documents/jdk1.8.0_111/jre/lib/amd64/libfontmanager.so
7fa2e2e66000-7fa2e3065000 ---p 00065000 08:05 930419                     /home/g/Documents/jdk1.8.0_111/jre/lib/amd64/libfontmanager.so
7fa2e3065000-7fa2e306a000 rw-p 00064000 08:05 930419                     /home/g/Documents/jdk1.8.0_111/jre/lib/amd64/libfontmanager.so
7fa2e306a000-7fa2e307a000 rw-p 00000000 00:00 0 
7fa2e307a000-7fa2e307f000 r-xp 00000000 08:05 3286026                    /usr/lib/x86_64-linux-gnu/libXdmcp.so.6.0.0
7fa2e307f000-7fa2e327e000 ---p 00005000 08:05 3286026                    /usr/lib/x86_64-linux-gnu/libXdmcp.so.6.0.0
7fa2e327e000-7fa2e327f000 r--p 00004000 08:05 3286026                    /usr/lib/x86_64-linux-gnu/libXdmcp.so.6.0.0
7fa2e327f000-7fa2e3280000 rw-p 00005000 08:05 3286026                    /usr/lib/x86_64-linux-gnu/libXdmcp.so.6.0.0
7fa2e3280000-7fa2e3282000 r-xp 00000000 08:05 3286015                    /usr/lib/x86_64-linux-gnu/libXau.so.6.0.0
7fa2e3282000-7fa2e3482000 ---p 00002000 08:05 3286015                    /usr/lib/x86_64-linux-gnu/libXau.so.6.0.0
7fa2e3482000-7fa2e3483000 r--p 00002000 08:05 3286015                    /usr/lib/x86_64-linux-gnu/libXau.so.6.0.0
7fa2e3483000-7fa2e3484000 rw-p 00003000 08:05 3286015                    /usr/lib/x86_64-linux-gnu/libXau.so.6.0.0
7fa2e3484000-7fa2e34a5000 r-xp 00000000 08:05 3287435                    /usr/lib/x86_64-linux-gnu/libxcb.so.1.1.0
7fa2e34a5000-7fa2e36a4000 ---p 00021000 08:05 3287435                    /usr/lib/x86_64-linux-gnu/libxcb.so.1.1.0
7fa2e36a4000-7fa2e36a5000 r--p 00020000 08:05 3287435                    /usr/lib/x86_64-linux-gnu/libxcb.so.1.1.0
7fa2e36a5000-7fa2e36a6000 rw-p 00021000 08:05 3287435                    /usr/lib/x86_64-linux-gnu/libxcb.so.1.1.0
7fa2e36a6000-7fa2e36b5000 r-xp 00000000 08:05 3286036                    /usr/lib/x86_64-linux-gnu/libXi.so.6.1.0
7fa2e36b5000-7fa2e38b4000 ---p 0000f000 08:05 3286036                    /usr/lib/x86_64-linux-gnu/libXi.so.6.1.0
7fa2e38b4000-7fa2e38b5000 r--p 0000e000 08:05 3286036                    /usr/lib/x86_64-linux-gnu/libXi.so.6.1.0
7fa2e38b5000-7fa2e38b6000 rw-p 0000f000 08:05 3286036                    /usr/lib/x86_64-linux-gnu/libXi.so.6.1.0
7fa2e38b6000-7fa2e38bb000 r-xp 00000000 08:05 3286054                    /usr/lib/x86_64-linux-gnu/libXtst.so.6.1.0
7fa2e38bb000-7fa2e3aba000 ---p 00005000 08:05 3286054                    /usr/lib/x86_64-linux-gnu/libXtst.so.6.1.0
7fa2e3aba000-7fa2e3abb000 r--p 00004000 08:05 3286054                    /usr/lib/x86_64-linux-gnu/libXtst.so.6.1.0
7fa2e3abb000-7fa2e3abc000 rw-p 00005000 08:05 3286054                    /usr/lib/x86_64-linux-gnu/libXtst.so.6.1.0
7fa2e3abc000-7fa2e3ac5000 r-xp 00000000 08:05 3286048                    /usr/lib/x86_64-linux-gnu/libXrender.so.1.3.0
7fa2e3ac5000-7fa2e3cc4000 ---p 00009000 08:05 3286048                    /usr/lib/x86_64-linux-gnu/libXrender.so.1.3.0
7fa2e3cc4000-7fa2e3cc5000 r--p 00008000 08:05 3286048                    /usr/lib/x86_64-linux-gnu/libXrender.so.1.3.0
7fa2e3cc5000-7fa2e3cc6000 rw-p 00009000 08:05 3286048                    /usr/lib/x86_64-linux-gnu/libXrender.so.1.3.0
7fa2e3cc6000-7fa2e3dfb000 r-xp 00000000 08:05 3286011                    /usr/lib/x86_64-linux-gnu/libX11.so.6.3.0
7fa2e3dfb000-7fa2e3ffb000 ---p 00135000 08:05 3286011                    /usr/lib/x86_64-linux-gnu/libX11.so.6.3.0
7fa2e3ffb000-7fa2e3ffc000 r--p 00135000 08:05 3286011                    /usr/lib/x86_64-linux-gnu/libX11.so.6.3.0
7fa2e3ffc000-7fa2e4000000 rw-p 00136000 08:05 3286011                    /usr/lib/x86_64-linux-gnu/libX11.so.6.3.0
7fa2e4000000-7fa2e4021000 rw-p 00000000 00:00 0 
7fa2e4021000-7fa2e8000000 ---p 00000000 00:00 0 
7fa2e8000000-7fa2e8021000 rw-p 00000000 00:00 0 
7fa2e8021000-7fa2ec000000 ---p 00000000 00:00 0 
7fa2ec000000-7fa2ec1de000 rw-p 00000000 00:00 0 
7fa2ec1de000-7fa2f0000000 ---p 00000000 00:00 0 
7fa2f0000000-7fa2f05e3000 rw-p 00000000 00:00 0 
7fa2f05e3000-7fa2f4000000 ---p 00000000 00:00 0 
7fa2f4000000-7fa2f4021000 rw-p 00000000 00:00 0 
7fa2f4021000-7fa2f8000000 ---p 00000000 00:00 0 
7fa2f8000000-7fa2f8044000 rw-p 00000000 00:00 0 
7fa2f8044000-7fa2fc000000 ---p 00000000 00:00 0 
7fa2fc000000-7fa2fc021000 rw-p 00000000 00:00 0 
7fa2fc021000-7fa300000000 ---p 00000000 00:00 0 
7fa300000000-7fa300021000 rw-p 00000000 00:00 0 
7fa300021000-7fa304000000 ---p 00000000 00:00 0 
7fa304000000-7fa304021000 rw-p 00000000 00:00 0 
7fa304021000-7fa308000000 ---p 00000000 00:00 0 
7fa308000000-7fa308091000 rw-p 00000000 00:00 0 
7fa308091000-7fa30c000000 ---p 00000000 00:00 0 
7fa30c000000-7fa30c021000 rw-p 00000000 00:00 0 
7fa30c021000-7fa310000000 ---p 00000000 00:00 0 
7fa310000000-7fa310021000 rw-p 00000000 00:00 0 
7fa310021000-7fa314000000 ---p 00000000 00:00 0 
7fa314000000-7fa314021000 rw-p 00000000 00:00 0 
7fa314021000-7fa318000000 ---p 00000000 00:00 0 
7fa31802c000-7fa31803d000 r-xp 00000000 08:05 3286028                    /usr/lib/x86_64-linux-gnu/libXext.so.6.4.0
7fa31803d000-7fa31823c000 ---p 00011000 08:05 3286028                    /usr/lib/x86_64-linux-gnu/libXext.so.6.4.0
7fa31823c000-7fa31823d000 r--p 00010000 08:05 3286028                    /usr/lib/x86_64-linux-gnu/libXext.so.6.4.0
7fa31823d000-7fa31823e000 rw-p 00011000 08:05 3286028                    /usr/lib/x86_64-linux-gnu/libXext.so.6.4.0
7fa31825d000-7fa3182b1000 r-xp 00000000 08:05 930427                     /home/g/Documents/jdk1.8.0_111/jre/lib/amd64/libawt_xawt.so
7fa3182b1000-7fa3184b1000 ---p 00054000 08:05 930427                     /home/g/Documents/jdk1.8.0_111/jre/lib/amd64/libawt_xawt.so
7fa3184b1000-7fa3184b5000 rw-p 00054000 08:05 930427                     /home/g/Documents/jdk1.8.0_111/jre/lib/amd64/libawt_xawt.so
7fa3184b5000-7fa3184b6000 rw-p 00000000 00:00 0 
7fa3184b6000-7fa318558000 r-xp 00000000 08:05 930460                     /home/g/Documents/jdk1.8.0_111/jre/lib/amd64/libawt.so
7fa318558000-7fa318758000 ---p 000a2000 08:05 930460                     /home/g/Documents/jdk1.8.0_111/jre/lib/amd64/libawt.so
7fa318758000-7fa318764000 rw-p 000a2000 08:05 930460                     /home/g/Documents/jdk1.8.0_111/jre/lib/amd64/libawt.so
7fa318764000-7fa318788000 rw-p 00000000 00:00 0 
7fa318788000-7fa31878d000 r--s 002f9000 08:05 930345                     /home/g/Documents/jdk1.8.0_111/jre/lib/charsets.jar
7fa31878d000-7fa318a8e000 rw-p 00000000 00:00 0 
7fa318a8e000-7fa318aa4000 r-xp 00000000 08:05 930400                     /home/g/Documents/jdk1.8.0_111/jre/lib/amd64/libnet.so
7fa318aa4000-7fa318ca4000 ---p 00016000 08:05 930400                     /home/g/Documents/jdk1.8.0_111/jre/lib/amd64/libnet.so
7fa318ca4000-7fa318ca5000 rw-p 00016000 08:05 930400                     /home/g/Documents/jdk1.8.0_111/jre/lib/amd64/libnet.so
7fa318ca5000-7fa318ca8000 ---p 00000000 00:00 0 
7fa318ca8000-7fa318da6000 rwxp 00000000 00:00 0 
7fa318da6000-7fa318da7000 r-xp 00000000 08:05 404569                     /home/g/Documents/idea-IC-163.7743.44/bin/libbreakgen64.so
7fa318da7000-7fa318fa6000 ---p 00001000 08:05 404569                     /home/g/Documents/idea-IC-163.7743.44/bin/libbreakgen64.so
7fa318fa6000-7fa318fa7000 r--p 00000000 08:05 404569                     /home/g/Documents/idea-IC-163.7743.44/bin/libbreakgen64.so
7fa318fa7000-7fa318fa8000 rw-p 00001000 08:05 404569                     /home/g/Documents/idea-IC-163.7743.44/bin/libbreakgen64.so
7fa318fa8000-7fa318fad000 r--s 00048000 08:05 929348                     /home/g/Documents/opencv-3.1.0/build/bin/opencv-310.jar
7fa318fad000-7fa318fc0000 r--s 00345000 08:05 930624                     /home/g/Documents/jdk1.8.0_111/jre/lib/resources.jar
7fa318fc0000-7fa318fc1000 ---p 00000000 00:00 0 
7fa318fc1000-7fa3190c1000 rwxp 00000000 00:00 0 
7fa3190c1000-7fa3190c4000 ---p 00000000 00:00 0 
7fa3190c4000-7fa3191c2000 rwxp 00000000 00:00 0 
7fa3191c2000-7fa3191c5000 ---p 00000000 00:00 0 
7fa3191c5000-7fa3192c3000 rwxp 00000000 00:00 0 
7fa3192c3000-7fa3192c6000 ---p 00000000 00:00 0 
7fa3192c6000-7fa3193c4000 rwxp 00000000 00:00 0 
7fa3193c4000-7fa3193c7000 ---p 00000000 00:00 0 
7fa3193c7000-7fa3194c5000 rwxp 00000000 00:00 0 
7fa3194c5000-7fa3194c8000 ---p 00000000 00:00 0 
7fa3194c8000-7fa3195c6000 rwxp 00000000 00:00 0 
7fa3195c6000-7fa31989e000 r--p 00000000 08:05 3284534                    /usr/lib/locale/locale-archive
7fa31989e000-7fa3198a1000 ---p 00000000 00:00 0 
7fa3198a1000-7fa31999f000 rwxp 00000000 00:00 0 
7fa31999f000-7fa3199a2000 ---p 00000000 00:00 0 
7fa3199a2000-7fa319aa0000 rwxp 00000000 00:00 0 
7fa319aa0000-7fa319aa1000 ---p 00000000 00:00 0 
7fa319aa1000-7fa319ba1000 rwxp 00000000 00:00 0 
7fa319ba1000-7fa31d000000 rw-p 00000000 00:00 0 
7fa31d000000-7fa31d2e0000 rwxp 00000000 00:00 0 
7fa31d2e0000-7fa32c000000 ---p 00000000 00:00 0 
7fa32c000000-7fa32c360000 rw-p 00000000 00:00 0 
7fa32c360000-7fa330000000 ---p 00000000 00:00 0 
7fa330000000-7fa330002000 r--s 00019000 08:05 395806                     /home/g/Documents/idea-IC-163.7743.44/lib/idea_rt.jar
7fa330002000-7fa330014000 r--s 000d6000 08:05 930623                     /home/g/Documents/jdk1.8.0_111/jre/lib/plugin.jar
7fa330014000-7fa330018000 r--s 00097000 08:05 930344                     /home/g/Documents/jdk1.8.0_111/jre/lib/jsse.jar
7fa330018000-7fa33001d000 r--s 00084000 08:05 930499                     /home/g/Documents/jdk1.8.0_111/jre/lib/jfr.jar
7fa33001d000-7fa330020000 r--s 0001a000 08:05 930654                     /home/g/Documents/jdk1.8.0_111/jre/lib/jce.jar
7fa330020000-7fa33002a000 r--s 0006c000 08:05 930507                     /home/g/Documents/jdk1.8.0_111/jre/lib/javaws.jar
7fa33002a000-7fa330045000 r--s 00208000 08:05 930508                     /home/g/Documents/jdk1.8.0_111/jre/lib/deploy.jar
7fa330045000-7fa3300ea000 rw-p 00000000 00:00 0 
7fa3300ea000-7fa3302c2000 r--s 03d2a000 08:05 930392                     /home/g/Documents/jdk1.8.0_111/jre/lib/rt.jar
7fa3302c2000-7fa33050d000 rw-p 00000000 00:00 0 
7fa33050d000-7fa33050e000 ---p 00000000 00:00 0 
7fa33050e000-7fa33060e000 rwxp 00000000 00:00 0 
7fa33060e000-7fa33060f000 ---p 00000000 00:00 0 
7fa33060f000-7fa33070f000 rwxp 00000000 00:00 0 
7fa33070f000-7fa330710000 ---p 00000000 00:00 0 
7fa330710000-7fa330810000 rwxp 00000000 00:00 0 
7fa330810000-7fa330811000 ---p 00000000 00:00 0 
7fa330811000-7fa330911000 rwxp 00000000 00:00 0 
7fa330911000-7fa330925000 rw-p 00000000 00:00 0 
7fa330925000-7fa330a4a000 ---p 00000000 00:00 0 
7fa330a4a000-7fa330a5e000 rw-p 00000000 00:00 0 
7fa330a5e000-7fa330b82000 ---p 00000000 00:00 0 
7fa330b82000-7fa330b8d000 rw-p 00000000 00:00 0 
7fa330b8d000-7fa330c1f000 ---p 00000000 00:00 0 
7fa330c1f000-7fa330c2c000 rw-p 00000000 00:00 0 
7fa330c2c000-7fa330fe0000 ---p 00000000 00:00 0 
7fa330fe0000-7fa330ffa000 r-xp 00000000 08:05 930423                     /home/g/Documents/jdk1.8.0_111/jre/lib/amd64/libzip.so
7fa330ffa000-7fa3311fa000 ---p 0001a000 08:05 930423                     /home/g/Documents/jdk1.8.0_111/jre/lib/amd64/libzip.so
7fa3311fa000-7fa3311fb000 rw-p 0001a000 08:05 930423                     /home/g/Documents/jdk1.8.0_111/jre/lib/amd64/libzip.so
7fa3311fb000-7fa331206000 r-xp 00000000 08:05 4596442                    /lib/x86_64-linux-gnu/libnss_files-2.23.so
7fa331206000-7fa331405000 ---p 0000b000 08:05 4596442                    /lib/x86_64-linux-gnu/libnss_files-2.23.so
7fa331405000-7fa331406000 r--p 0000a000 08:05 4596442                    /lib/x86_64-linux-gnu/libnss_files-2.23.so
7fa331406000-7fa331407000 rw-p 0000b000 08:05 4596442                    /lib/x86_64-linux-gnu/libnss_files-2.23.so
7fa331407000-7fa33140d000 rw-p 00000000 00:00 0 
7fa33140d000-7fa331418000 r-xp 00000000 08:05 4595065                    /lib/x86_64-linux-gnu/libnss_nis-2.23.so
7fa331418000-7fa331617000 ---p 0000b000 08:05 4595065                    /lib/x86_64-linux-gnu/libnss_nis-2.23.so
7fa331617000-7fa331618000 r--p 0000a000 08:05 4595065                    /lib/x86_64-linux-gnu/libnss_nis-2.23.so
7fa331618000-7fa331619000 rw-p 0000b000 08:05 4595065                    /lib/x86_64-linux-gnu/libnss_nis-2.23.so
7fa331619000-7fa33162f000 r-xp 00000000 08:05 4596438                    /lib/x86_64-linux-gnu/libnsl-2.23.so
7fa33162f000-7fa33182e000 ---p 00016000 08:05 4596438                    /lib/x86_64-linux-gnu/libnsl-2.23.so
7fa33182e000-7fa33182f000 r--p 00015000 08:05 4596438                    /lib/x86_64-linux-gnu/libnsl-2.23.so
7fa33182f000-7fa331830000 rw-p 00016000 08:05 4596438                    /lib/x86_64-linux-gnu/libnsl-2.23.so
7fa331830000-7fa331832000 rw-p 00000000 00:00 0 
7fa331832000-7fa33183a000 r-xp 00000000 08:05 4596439                    /lib/x86_64-linux-gnu/libnss_compat-2.23.so
7fa33183a000-7fa331a39000 ---p 00008000 08:05 4596439                    /lib/x86_64-linux-gnu/libnss_compat-2.23.so
7fa331a39000-7fa331a3a000 r--p 00007000 08:05 4596439                    /lib/x86_64-linux-gnu/libnss_compat-2.23.so
7fa331a3a000-7fa331a3b000 rw-p 00008000 08:05 4596439                    /lib/x86_64-linux-gnu/libnss_compat-2.23.so
7fa331a3b000-7fa331a66000 r-xp 00000000 08:05 930450                     /home/g/Documents/jdk1.8.0_111/jre/lib/amd64/libjava.so
7fa331a66000-7fa331c65000 ---p 0002b000 08:05 930450                     /home/g/Documents/jdk1.8.0_111/jre/lib/amd64/libjava.so
7fa331c65000-7fa331c67000 rw-p 0002a000 08:05 930450                     /home/g/Documents/jdk1.8.0_111/jre/lib/amd64/libjava.so
7fa331c67000-7fa331c74000 r-xp 00000000 08:05 930401                     /home/g/Documents/jdk1.8.0_111/jre/lib/amd64/libverify.so
7fa331c74000-7fa331e73000 ---p 0000d000 08:05 930401                     /home/g/Documents/jdk1.8.0_111/jre/lib/amd64/libverify.so
7fa331e73000-7fa331e75000 rw-p 0000c000 08:05 930401                     /home/g/Documents/jdk1.8.0_111/jre/lib/amd64/libverify.so
7fa331e75000-7fa331e7c000 r-xp 00000000 08:05 4594950                    /lib/x86_64-linux-gnu/librt-2.23.so
7fa331e7c000-7fa33207b000 ---p 00007000 08:05 4594950                    /lib/x86_64-linux-gnu/librt-2.23.so
7fa33207b000-7fa33207c000 r--p 00006000 08:05 4594950                    /lib/x86_64-linux-gnu/librt-2.23.so
7fa33207c000-7fa33207d000 rw-p 00007000 08:05 4594950                    /lib/x86_64-linux-gnu/librt-2.23.so
7fa33207d000-7fa332185000 r-xp 00000000 08:05 4595074                    /lib/x86_64-linux-gnu/libm-2.23.so
7fa332185000-7fa332384000 ---p 00108000 08:05 4595074                    /lib/x86_64-linux-gnu/libm-2.23.so
7fa332384000-7fa332385000 r--p 00107000 08:05 4595074                    /lib/x86_64-linux-gnu/libm-2.23.so
7fa332385000-7fa332386000 rw-p 00108000 08:05 4595074                    /lib/x86_64-linux-gnu/libm-2.23.so
7fa332386000-7fa333053000 r-xp 00000000 08:05 930454                     /home/g/Documents/jdk1.8.0_111/jre/lib/amd64/server/libjvm.so
7fa333053000-7fa333252000 ---p 00ccd000 08:05 930454                     /home/g/Documents/jdk1.8.0_111/jre/lib/amd64/server/libjvm.so
7fa333252000-7fa33332b000 rw-p 00ccc000 08:05 930454                     /home/g/Documents/jdk1.8.0_111/jre/lib/amd64/server/libjvm.so
7fa33332b000-7fa333376000 rw-p 00000000 00:00 0 
7fa333376000-7fa333535000 r-xp 00000000 08:05 4595069                    /lib/x86_64-linux-gnu/libc-2.23.so
7fa333535000-7fa333735000 ---p 001bf000 08:05 4595069                    /lib/x86_64-linux-gnu/libc-2.23.so
7fa333735000-7fa333739000 r--p 001bf000 08:05 4595069                    /lib/x86_64-linux-gnu/libc-2.23.so
7fa333739000-7fa33373b000 rw-p 001c3000 08:05 4595069                    /lib/x86_64-linux-gnu/libc-2.23.so
7fa33373b000-7fa33373f000 rw-p 00000000 00:00 0 
7fa33373f000-7fa333742000 r-xp 00000000 08:05 4595068                    /lib/x86_64-linux-gnu/libdl-2.23.so
7fa333742000-7fa333941000 ---p 00003000 08:05 4595068                    /lib/x86_64-linux-gnu/libdl-2.23.so
7fa333941000-7fa333942000 r--p 00002000 08:05 4595068                    /lib/x86_64-linux-gnu/libdl-2.23.so
7fa333942000-7fa333943000 rw-p 00003000 08:05 4595068                    /lib/x86_64-linux-gnu/libdl-2.23.so
7fa333943000-7fa333958000 r-xp 00000000 08:05 929582                     /home/g/Documents/jdk1.8.0_111/lib/amd64/jli/libjli.so
7fa333958000-7fa333b58000 ---p 00015000 08:05 929582                     /home/g/Documents/jdk1.8.0_111/lib/amd64/jli/libjli.so
7fa333b58000-7fa333b59000 rw-p 00015000 08:05 929582                     /home/g/Documents/jdk1.8.0_111/lib/amd64/jli/libjli.so
7fa333b59000-7fa333b71000 r-xp 00000000 08:05 4595075                    /lib/x86_64-linux-gnu/libpthread-2.23.so
7fa333b71000-7fa333d70000 ---p 00018000 08:05 4595075                    /lib/x86_64-linux-gnu/libpthread-2.23.so
7fa333d70000-7fa333d71000 r--p 00017000 08:05 4595075                    /lib/x86_64-linux-gnu/libpthread-2.23.so
7fa333d71000-7fa333d72000 rw-p 00018000 08:05 4595075                    /lib/x86_64-linux-gnu/libpthread-2.23.so
7fa333d72000-7fa333d76000 rw-p 00000000 00:00 0 
7fa333d76000-7fa333d9c000 r-xp 00000000 08:05 4587535                    /lib/x86_64-linux-gnu/ld-2.23.so
7fa333d9d000-7fa333d9e000 r--s 00000000 08:05 930471                     /home/g/Documents/jdk1.8.0_111/jre/lib/management-agent.jar
7fa333d9e000-7fa333da3000 r--s 002f9000 08:05 930345                     /home/g/Documents/jdk1.8.0_111/jre/lib/charsets.jar
7fa333da3000-7fa333e75000 rw-p 00000000 00:00 0 
7fa333e75000-7fa333e78000 ---p 00000000 00:00 0 
7fa333e78000-7fa333f76000 rwxp 00000000 00:00 0 
7fa333f76000-7fa333f7a000 rw-p 00000000 00:00 0 
7fa333f7a000-7fa333f7c000 r--s 00007000 08:05 930465                     /home/g/Documents/jdk1.8.0_111/jre/lib/jfxswt.jar
7fa333f7c000-7fa333f8f000 rw-p 00000000 00:00 0 
7fa333f8f000-7fa333f97000 rw-s 00000000 08:05 3014682                    /tmp/hsperfdata_g/3691
7fa333f97000-7fa333f98000 rw-p 00000000 00:00 0 
7fa333f98000-7fa333f99000 r--p 00000000 00:00 0 
7fa333f99000-7fa333f9b000 rw-p 00000000 00:00 0 
7fa333f9b000-7fa333f9c000 r--p 00025000 08:05 4587535                    /lib/x86_64-linux-gnu/ld-2.23.so
7fa333f9c000-7fa333f9d000 rw-p 00026000 08:05 4587535                    /lib/x86_64-linux-gnu/ld-2.23.so
7fa333f9d000-7fa333f9e000 rw-p 00000000 00:00 0 
7ffcbcaf3000-7ffcbcb13000 rwxp 00000000 00:00 0                          [stack]
7ffcbcb13000-7ffcbcb14000 rw-p 00000000 00:00 0 
7ffcbcb5f000-7ffcbcb61000 r--p 00000000 00:00 0                          [vvar]
7ffcbcb61000-7ffcbcb63000 r-xp 00000000 00:00 0                          [vdso]
ffffffffff600000-ffffffffff601000 r-xp 00000000 00:00 0                  [vsyscall]

VM Arguments:
jvm_args: -Djava.library.path=/home/g/Documents/opencv-3.1.0/build/lib -Didea.launcher.port=7536 -Didea.launcher.bin.path=/home/g/Documents/idea-IC-163.7743.44/bin -Dfile.encoding=UTF-8 
java_command: com.intellij.rt.execution.application.AppMain main.Main
java_class_path (initial): /home/g/Documents/jdk1.8.0_111/jre/lib/charsets.jar:/home/g/Documents/jdk1.8.0_111/jre/lib/deploy.jar:/home/g/Documents/jdk1.8.0_111/jre/lib/ext/cldrdata.jar:/home/g/Documents/jdk1.8.0_111/jre/lib/ext/dnsns.jar:/home/g/Documents/jdk1.8.0_111/jre/lib/ext/jaccess.jar:/home/g/Documents/jdk1.8.0_111/jre/lib/ext/jfxrt.jar:/home/g/Documents/jdk1.8.0_111/jre/lib/ext/localedata.jar:/home/g/Documents/jdk1.8.0_111/jre/lib/ext/nashorn.jar:/home/g/Documents/jdk1.8.0_111/jre/lib/ext/sunec.jar:/home/g/Documents/jdk1.8.0_111/jre/lib/ext/sunjce_provider.jar:/home/g/Documents/jdk1.8.0_111/jre/lib/ext/sunpkcs11.jar:/home/g/Documents/jdk1.8.0_111/jre/lib/ext/zipfs.jar:/home/g/Documents/jdk1.8.0_111/jre/lib/javaws.jar:/home/g/Documents/jdk1.8.0_111/jre/lib/jce.jar:/home/g/Documents/jdk1.8.0_111/jre/lib/jfr.jar:/home/g/Documents/jdk1.8.0_111/jre/lib/jfxswt.jar:/home/g/Documents/jdk1.8.0_111/jre/lib/jsse.jar:/home/g/Documents/jdk1.8.0_111/jre/lib/management-agent.jar:/home/g/Documents/jdk1.8.0_111/jre/lib/plugin.jar:/home/g/Documents/jdk1.8.0_111/jre/lib/resources.jar:/home/g/Documents/jdk1.8.0_111/jre/lib/rt.jar:/home/g/IdeaProjects/thesis/out/production/thesis:/home/g/Documents/opencv-3.1.0/build/bin/opencv-310.jar:/home/g/Documents/idea-IC-163.7743.44/lib/idea_rt.jar
Launcher Type: SUN_STANDARD

Environment Variables:
PATH=/usr/local/sbin:/usr/local/bin:/usr/sbin:/usr/bin:/sbin:/bin:/usr/games:/usr/local/games
USERNAME=g
LD_LIBRARY_PATH=/home/g/Documents/idea-IC-163.7743.44/bin:
SHELL=/bin/bash
DISPLAY=:0

Signal Handlers:
SIGSEGV: [libjvm.so+0xac64b0], sa_mask[0]=11111111011111111101111111111110, sa_flags=SA_RESTART|SA_SIGINFO
SIGBUS: [libjvm.so+0xac64b0], sa_mask[0]=11111111011111111101111111111110, sa_flags=SA_RESTART|SA_SIGINFO
SIGFPE: [libjvm.so+0x91f950], sa_mask[0]=11111111011111111101111111111110, sa_flags=SA_RESTART|SA_SIGINFO
SIGPIPE: [libjvm.so+0x91f950], sa_mask[0]=11111111011111111101111111111110, sa_flags=SA_RESTART|SA_SIGINFO
SIGXFSZ: [libjvm.so+0x91f950], sa_mask[0]=11111111011111111101111111111110, sa_flags=SA_RESTART|SA_SIGINFO
SIGILL: [libjvm.so+0x91f950], sa_mask[0]=11111111011111111101111111111110, sa_flags=SA_RESTART|SA_SIGINFO
SIGUSR1: SIG_DFL, sa_mask[0]=00000000000000000000000000000000, sa_flags=none
SIGUSR2: [libjvm.so+0x920f80], sa_mask[0]=00100000000000000000000000000000, sa_flags=SA_RESTART|SA_SIGINFO
SIGHUP: [libjvm.so+0x922380], sa_mask[0]=11111111011111111101111111111110, sa_flags=SA_RESTART|SA_SIGINFO
SIGINT: [libjvm.so+0x922380], sa_mask[0]=11111111011111111101111111111110, sa_flags=SA_RESTART|SA_SIGINFO
SIGTERM: [libjvm.so+0x922380], sa_mask[0]=11111111011111111101111111111110, sa_flags=SA_RESTART|SA_SIGINFO
SIGQUIT: [libjvm.so+0x922380], sa_mask[0]=11111111011111111101111111111110, sa_flags=SA_RESTART|SA_SIGINFO


---------------  S Y S T E M  ---------------

OS:DISTRIB_ID=LinuxMint
DISTRIB_RELEASE=18
DISTRIB_CODENAME=sarah
DISTRIB_DESCRIPTION="Linux Mint 18 Sarah"

uname:Linux 4.4.0-21-generic #37-Ubuntu SMP Mon Apr 18 18:33:37 UTC 2016 x86_64
libc:glibc 2.23 NPTL 2.23 
rlimit: STACK 8192k, CORE 0k, NPROC 14845, NOFILE 65536, AS infinity
load average:0.28 0.35 0.39

/proc/meminfo:
MemTotal:        3841456 kB
MemFree:          619740 kB
MemAvailable:    2066608 kB
Buffers:          122176 kB
Cached:          1399172 kB
SwapCached:            0 kB
Active:          2259540 kB
Inactive:         762048 kB
Active(anon):    1506700 kB
Inactive(anon):   148328 kB
Active(file):     752840 kB
Inactive(file):   613720 kB
Unevictable:           0 kB
Mlocked:               0 kB
SwapTotal:       3986428 kB
SwapFree:        3986428 kB
Dirty:               912 kB
Writeback:             0 kB
AnonPages:       1500236 kB
Mapped:           297864 kB
Shmem:            154788 kB
Slab:             135644 kB
SReclaimable:     109276 kB
SUnreclaim:        26368 kB
KernelStack:        8112 kB
PageTables:        21244 kB
NFS_Unstable:          0 kB
Bounce:                0 kB
WritebackTmp:          0 kB
CommitLimit:     5907156 kB
Committed_AS:    3547400 kB
VmallocTotal:   34359738367 kB
VmallocUsed:           0 kB
VmallocChunk:          0 kB
HardwareCorrupted:     0 kB
AnonHugePages:    849920 kB
CmaTotal:              0 kB
CmaFree:               0 kB
HugePages_Total:       0
HugePages_Free:        0
HugePages_Rsvd:        0
HugePages_Surp:        0
Hugepagesize:       2048 kB
DirectMap4k:       98560 kB
DirectMap2M:     3889152 kB


CPU:total 4 (2 cores per cpu, 2 threads per core) family 6 model 37 stepping 2, cmov, cx8, fxsr, mmx, sse, sse2, sse3, ssse3, sse4.1, sse4.2, popcnt, ht, tsc, tscinvbit

/proc/cpuinfo:
processor	: 0
vendor_id	: GenuineIntel
cpu family	: 6
model		: 37
model name	: Intel(R) Core(TM) i3 CPU       M 330  @ 2.13GHz
stepping	: 2
microcode	: 0xc
cpu MHz		: 2133.000
cache size	: 3072 KB
physical id	: 0
siblings	: 4
core id		: 0
cpu cores	: 2
apicid		: 0
initial apicid	: 0
fpu		: yes
fpu_exception	: yes
cpuid level	: 11
wp		: yes
flags		: fpu vme de pse tsc msr pae mce cx8 apic sep mtrr pge mca cmov pat pse36 clflush dts acpi mmx fxsr sse sse2 ss ht tm pbe syscall nx rdtscp lm constant_tsc arch_perfmon pebs bts rep_good nopl xtopology nonstop_tsc aperfmperf pni dtes64 monitor ds_cpl vmx est tm2 ssse3 cx16 xtpr pdcm sse4_1 sse4_2 popcnt lahf_lm tpr_shadow vnmi flexpriority ept vpid dtherm arat
bugs		:
bogomips	: 4266.63
clflush size	: 64
cache_alignment	: 64
address sizes	: 36 bits physical, 48 bits virtual
power management:

processor	: 1
vendor_id	: GenuineIntel
cpu family	: 6
model		: 37
model name	: Intel(R) Core(TM) i3 CPU       M 330  @ 2.13GHz
stepping	: 2
microcode	: 0xc
cpu MHz		: 1199.000
cache size	: 3072 KB
physical id	: 0
siblings	: 4
core id		: 0
cpu cores	: 2
apicid		: 1
initial apicid	: 1
fpu		: yes
fpu_exception	: yes
cpuid level	: 11
wp		: yes
flags		: fpu vme de pse tsc msr pae mce cx8 apic sep mtrr pge mca cmov pat pse36 clflush dts acpi mmx fxsr sse sse2 ss ht tm pbe syscall nx rdtscp lm constant_tsc arch_perfmon pebs bts rep_good nopl xtopology nonstop_tsc aperfmperf pni dtes64 monitor ds_cpl vmx est tm2 ssse3 cx16 xtpr pdcm sse4_1 sse4_2 popcnt lahf_lm tpr_shadow vnmi flexpriority ept vpid dtherm arat
bugs		:
bogomips	: 4266.63
clflush size	: 64
cache_alignment	: 64
address sizes	: 36 bits physical, 48 bits virtual
power management:

processor	: 2
vendor_id	: GenuineIntel
cpu family	: 6
model		: 37
model name	: Intel(R) Core(TM) i3 CPU       M 330  @ 2.13GHz
stepping	: 2
microcode	: 0xc
cpu MHz		: 1999.000
cache size	: 3072 KB
physical id	: 0
siblings	: 4
core id		: 2
cpu cores	: 2
apicid		: 4
initial apicid	: 4
fpu		: yes
fpu_exception	: yes
cpuid level	: 11
wp		: yes
flags		: fpu vme de pse tsc msr pae mce cx8 apic sep mtrr pge mca cmov pat pse36 clflush dts acpi mmx fxsr sse sse2 ss ht tm pbe syscall nx rdtscp lm constant_tsc arch_perfmon pebs bts rep_good nopl xtopology nonstop_tsc aperfmperf pni dtes64 monitor ds_cpl vmx est tm2 ssse3 cx16 xtpr pdcm sse4_1 sse4_2 popcnt lahf_lm tpr_shadow vnmi flexpriority ept vpid dtherm arat
bugs		:
bogomips	: 4266.63
clflush size	: 64
cache_alignment	: 64
address sizes	: 36 bits physical, 48 bits virtual
power management:

processor	: 3
vendor_id	: GenuineIntel
cpu family	: 6
model		: 37
model name	: Intel(R) Core(TM) i3 CPU       M 330  @ 2.13GHz
stepping	: 2
microcode	: 0xc
cpu MHz		: 1599.000
cache size	: 3072 KB
physical id	: 0
siblings	: 4
core id		: 2
cpu cores	: 2
apicid		: 5
initial apicid	: 5
fpu		: yes
fpu_exception	: yes
cpuid level	: 11
wp		: yes
flags		: fpu vme de pse tsc msr pae mce cx8 apic sep mtrr pge mca cmov pat pse36 clflush dts acpi mmx fxsr sse sse2 ss ht tm pbe syscall nx rdtscp lm constant_tsc arch_perfmon pebs bts rep_good nopl xtopology nonstop_tsc aperfmperf pni dtes64 monitor ds_cpl vmx est tm2 ssse3 cx16 xtpr pdcm sse4_1 sse4_2 popcnt lahf_lm tpr_shadow vnmi flexpriority ept vpid dtherm arat
bugs		:
bogomips	: 4266.63
clflush size	: 64
cache_alignment	: 64
address sizes	: 36 bits physical, 48 bits virtual
power management:



Memory: 4k page, physical 3841456k(619740k free), swap 3986428k(3986428k free)

vm_info: Java HotSpot(TM) 64-Bit Server VM (25.111-b14) for linux-amd64 JRE (1.8.0_111-b14), built on Sep 22 2016 16:14:03 by "java_re" with gcc 4.3.0 20080428 (Red Hat 4.3.0-8)

time: Thu Jan 12 20:56:42 2017
elapsed time: 184 seconds (0d 0h 3m 4s)

