#
# A fatal error has been detected by the Java Runtime Environment:
#
#  SIGFPE (0x8) at pc=0x00007fdbc951c0de, pid=8156, tid=0x00007fdbc85fe700
#
# JRE version: Java(TM) SE Runtime Environment (8.0_111-b14) (build 1.8.0_111-b14)
# Java VM: Java HotSpot(TM) 64-Bit Server VM (25.111-b14 mixed mode linux-amd64 compressed oops)
# Problematic frame:
# C  [libopencv_java310.so+0x5750de]  cv::inRange(cv::_InputArray const&, cv::_InputArray const&, cv::_InputArray const&, cv::_OutputArray const&)+0x434
#
# Failed to write core dump. Core dumps have been disabled. To enable core dumping, try "ulimit -c unlimited" before starting Java again
#
# If you would like to submit a bug report, please visit:
#   http://bugreport.java.com/bugreport/crash.jsp
# The crash happened outside the Java Virtual Machine in native code.
# See problematic frame for where to report the bug.
#

---------------  T H R E A D  ---------------

Current thread (0x00007fdc1436c000):  JavaThread "AWT-EventQueue-0" [_thread_in_native, id=8190, stack(0x00007fdbc84fe000,0x00007fdbc85ff000)]

siginfo: si_signo: 8 (SIGFPE), si_code: 1 (FPE_INTDIV), si_addr: 0x00007fdbc951c0de

Registers:
RAX=0x00000000000003ff, RBX=0x00007fdc04c68b88, RCX=0x0000000000000000, RDX=0x0000000000000000
RSP=0x00007fdbc85fa340, RBP=0x00007fdbc85fab80, RSI=0x00007fdbc85fa300, RDI=0x00007fdbc85fa510
R8 =0x0000000000000000, R9 =0x0000000000000001, R10=0x0000000000000eb6, R11=0x00007fdbc92a3368
R12=0x0000000000000000, R13=0x00007fdc04c68b88, R14=0x00007fdbc85faeb0, R15=0x00007fdc1436c000
RIP=0x00007fdbc951c0de, EFLAGS=0x0000000000010206, CSGSFS=0x0000000000000033, ERR=0x0000000000000000
  TRAPNO=0x0000000000000000

Top of Stack: (sp=0x00007fdbc85fa340)
0x00007fdbc85fa340:   00007fdbc85fac80 00007fdbc85fac60
0x00007fdbc85fa350:   00007fdbc85fac40 00007fdbc85fac20
0x00007fdbc85fa360:   0000000000000000 00007fdc01016394
0x00007fdbc85fa370:   0002000000010000 0000000100020000
0x00007fdbc85fa380:   0000000000000000 00007fdbb00008d0
0x00007fdbc85fa390:   00007fdbb00008d8 00007fdbb00008c8
0x00007fdbc85fa3a0:   00007fdc1d3d0020 00007fdbc85fa4e0
0x00007fdbc85fa3b0:   0000000100002368 0000000004814208
0x00007fdbc85fa3c0:   00007fdbb00008d0 00007fdbb00008d8
0x00007fdbc85fa3d0:   00007fdbb00008c8 0000000000000000
0x00007fdbc85fa3e0:   0000000000000000 536b10b2dd7c9eb3
0x00007fdbc85fa3f0:   00007fdbc85fa4e0 00007fdbec000a80
0x00007fdbc85fa400:   00007fdbc85fa578 00007fdc1436c000
0x00007fdbc85fa410:   5364ba779bdc9eb3 536b118a1a3e9eb3
0x00007fdbc85fa420:   00007fdbc85fa4a0 00007fdc1d0895d4
0x00007fdbc85fa430:   00007fdbc85fab60 00007fdbb00008c0
0x00007fdbc85fa440:   00007fdc1d3d0020 00007fdbc85fa4e0
0x00007fdbc85fa450:   00000000ec000a80 00007fdbc85fa578
0x00007fdbc85fa460:   00007fdc1436c000 00007fdc1d08998c
0x00007fdbc85fa470:   00007fdbb00c4d40 00007fdc1436c000
0x00007fdbc85fa480:   00007fdbc85fa530 00007fdc1c6f75fd
0x00007fdbc85fa490:   00007fdc1436c000 00007fdbb00008c0
0x00007fdbc85fa4a0:   00007fdc1d3d0020 00007fdbc85fa4e0
0x00007fdbc85fa4b0:   00007fdbb00008c0 00007fdbb00c4d40
0x00007fdbc85fa4c0:   00007fdbc85fa560 00007fdc1436c1f8
0x00007fdbc85fa4d0:   00007fdbc92d3cfd 00007fdbc85fa578
0x00007fdbc85fa4e0:   00007fdc1436c000 00007fdc1d08998c
0x00007fdbc85fa4f0:   00007fdc1c93556d 00007fdbc92d3cfd
0x00007fdbc85fa500:   0000000100061ae8 00007fdbec000a80
0x00007fdbc85fa510:   0000000042ff0000 0000000000000000
0x00007fdbc85fa520:   0000000000000000 0000000000000000
0x00007fdbc85fa530:   0000000000000000 0000000000000000 

Instructions: (pc=0x00007fdbc951c0de)
0x00007fdbc951c0be:   89 c7 e8 6b f1 d7 ff 48 89 85 58 f8 ff ff 48 8b
0x00007fdbc951c0ce:   85 58 f8 ff ff 48 05 ff 03 00 00 ba 00 00 00 00
0x00007fdbc951c0de:   48 f7 b5 58 f8 ff ff 48 89 85 18 f8 ff ff 48 8d
0x00007fdbc951c0ee:   85 90 f9 ff ff 48 83 c0 40 48 89 c7 e8 d1 8e d6 

Register to memory mapping:

RAX=0x00000000000003ff is an unknown value
RBX={method} {0x00007fdc04c68b88} 'inRange_0' '(JDDDDDDDDJ)V' in 'org/opencv/core/Core'
RCX=0x0000000000000000 is an unknown value
RDX=0x0000000000000000 is an unknown value
RSP=0x00007fdbc85fa340 is pointing into the stack for thread: 0x00007fdc1436c000
RBP=0x00007fdbc85fab80 is pointing into the stack for thread: 0x00007fdc1436c000
RSI=0x00007fdbc85fa300 is pointing into the stack for thread: 0x00007fdc1436c000
RDI=0x00007fdbc85fa510 is pointing into the stack for thread: 0x00007fdc1436c000
R8 =0x0000000000000000 is an unknown value
R9 =0x0000000000000001 is an unknown value
R10=0x0000000000000eb6 is an unknown value
R11=0x00007fdbc92a3368: _ZNK2cv3Mat8elemSizeEv+0 in /home/g/Documents/opencv-3.1.0/build/lib/libopencv_java310.so at 0x00007fdbc8fa7000
R12=0x0000000000000000 is an unknown value
R13={method} {0x00007fdc04c68b88} 'inRange_0' '(JDDDDDDDDJ)V' in 'org/opencv/core/Core'
R14=0x00007fdbc85faeb0 is pointing into the stack for thread: 0x00007fdc1436c000
R15=0x00007fdc1436c000 is a thread


Stack: [0x00007fdbc84fe000,0x00007fdbc85ff000],  sp=0x00007fdbc85fa340,  free space=1008k
Native frames: (J=compiled Java code, j=interpreted, Vv=VM code, C=native code)
C  [libopencv_java310.so+0x5750de]  cv::inRange(cv::_InputArray const&, cv::_InputArray const&, cv::_InputArray const&, cv::_OutputArray const&)+0x434
C  [libopencv_java310.so+0x32ce81]  Java_org_opencv_core_Core_inRange_10+0x184
j  org.opencv.core.Core.inRange(Lorg/opencv/core/Mat;Lorg/opencv/core/Scalar;Lorg/opencv/core/Scalar;Lorg/opencv/core/Mat;)V+56
j  ip.ImgProcessing.bgSubtraction(Lorg/opencv/core/Mat;)Lorg/opencv/core/Mat;+15
j  main.Main$1.actionPerformed(Ljava/awt/event/ActionEvent;)V+33
j  javax.swing.AbstractButton.fireActionPerformed(Ljava/awt/event/ActionEvent;)V+83
j  javax.swing.AbstractButton$Handler.actionPerformed(Ljava/awt/event/ActionEvent;)V+5
j  javax.swing.DefaultButtonModel.fireActionPerformed(Ljava/awt/event/ActionEvent;)V+34
j  javax.swing.DefaultButtonModel.setPressed(Z)V+117
j  javax.swing.plaf.basic.BasicButtonListener$Actions.actionPerformed(Ljava/awt/event/ActionEvent;)V+70
j  javax.swing.SwingUtilities.notifyAction(Ljavax/swing/Action;Ljavax/swing/KeyStroke;Ljava/awt/event/KeyEvent;Ljava/lang/Object;I)Z+132
j  javax.swing.JComponent.processKeyBinding(Ljavax/swing/KeyStroke;Ljava/awt/event/KeyEvent;IZ)Z+72
j  javax.swing.JComponent.processKeyBindings(Ljava/awt/event/KeyEvent;Z)Z+111
j  javax.swing.JComponent.processKeyEvent(Ljava/awt/event/KeyEvent;)V+51
j  java.awt.Component.processEvent(Ljava/awt/AWTEvent;)V+121
j  java.awt.Container.processEvent(Ljava/awt/AWTEvent;)V+18
j  java.awt.Component.dispatchEventImpl(Ljava/awt/AWTEvent;)V+589
j  java.awt.Container.dispatchEventImpl(Ljava/awt/AWTEvent;)V+42
j  java.awt.Component.dispatchEvent(Ljava/awt/AWTEvent;)V+2
j  java.awt.KeyboardFocusManager.redispatchEvent(Ljava/awt/Component;Ljava/awt/AWTEvent;)V+7
j  java.awt.DefaultKeyboardFocusManager.dispatchKeyEvent(Ljava/awt/event/KeyEvent;)Z+63
j  java.awt.DefaultKeyboardFocusManager.preDispatchKeyEvent(Ljava/awt/event/KeyEvent;)Z+137
j  java.awt.DefaultKeyboardFocusManager.typeAheadAssertions(Ljava/awt/Component;Ljava/awt/AWTEvent;)Z+166
j  java.awt.DefaultKeyboardFocusManager.dispatchEvent(Ljava/awt/AWTEvent;)Z+1581
j  java.awt.Component.dispatchEventImpl(Ljava/awt/AWTEvent;)V+151
j  java.awt.Container.dispatchEventImpl(Ljava/awt/AWTEvent;)V+42
j  java.awt.Window.dispatchEventImpl(Ljava/awt/AWTEvent;)V+19
j  java.awt.Component.dispatchEvent(Ljava/awt/AWTEvent;)V+2
j  java.awt.EventQueue.dispatchEventImpl(Ljava/awt/AWTEvent;Ljava/lang/Object;)V+41
j  java.awt.EventQueue.access$500(Ljava/awt/EventQueue;Ljava/awt/AWTEvent;Ljava/lang/Object;)V+3
j  java.awt.EventQueue$3.run()Ljava/lang/Void;+32
j  java.awt.EventQueue$3.run()Ljava/lang/Object;+1
v  ~StubRoutines::call_stub
V  [libjvm.so+0x690206]  JavaCalls::call_helper(JavaValue*, methodHandle*, JavaCallArguments*, Thread*)+0x1056
V  [libjvm.so+0x728e4c]  JVM_DoPrivileged+0x27c
j  java.security.AccessController.doPrivileged(Ljava/security/PrivilegedAction;Ljava/security/AccessControlContext;)Ljava/lang/Object;+0
j  java.security.ProtectionDomain$JavaSecurityAccessImpl.doIntersectionPrivilege(Ljava/security/PrivilegedAction;Ljava/security/AccessControlContext;Ljava/security/AccessControlContext;)Ljava/lang/Object;+18
j  java.security.ProtectionDomain$JavaSecurityAccessImpl.doIntersectionPrivilege(Ljava/security/PrivilegedAction;Ljava/security/AccessControlContext;)Ljava/lang/Object;+6
j  java.awt.EventQueue$4.run()Ljava/lang/Void;+11
j  java.awt.EventQueue$4.run()Ljava/lang/Object;+1
v  ~StubRoutines::call_stub
V  [libjvm.so+0x690206]  JavaCalls::call_helper(JavaValue*, methodHandle*, JavaCallArguments*, Thread*)+0x1056
V  [libjvm.so+0x728e4c]  JVM_DoPrivileged+0x27c
j  java.security.AccessController.doPrivileged(Ljava/security/PrivilegedAction;Ljava/security/AccessControlContext;)Ljava/lang/Object;+0
j  java.security.ProtectionDomain$JavaSecurityAccessImpl.doIntersectionPrivilege(Ljava/security/PrivilegedAction;Ljava/security/AccessControlContext;Ljava/security/AccessControlContext;)Ljava/lang/Object;+18
j  java.awt.EventQueue.dispatchEvent(Ljava/awt/AWTEvent;)V+73
j  java.awt.EventDispatchThread.pumpOneEventForFilters(I)V+245
j  java.awt.EventDispatchThread.pumpEventsForFilter(ILjava/awt/Conditional;Ljava/awt/EventFilter;)V+35
j  java.awt.EventDispatchThread.pumpEventsForHierarchy(ILjava/awt/Conditional;Ljava/awt/Component;)V+11
j  java.awt.EventDispatchThread.pumpEvents(ILjava/awt/Conditional;)V+4
j  java.awt.EventDispatchThread.pumpEvents(Ljava/awt/Conditional;)V+3
j  java.awt.EventDispatchThread.run()V+9
v  ~StubRoutines::call_stub
V  [libjvm.so+0x690206]  JavaCalls::call_helper(JavaValue*, methodHandle*, JavaCallArguments*, Thread*)+0x1056
V  [libjvm.so+0x690711]  JavaCalls::call_virtual(JavaValue*, KlassHandle, Symbol*, Symbol*, JavaCallArguments*, Thread*)+0x321
V  [libjvm.so+0x690bb7]  JavaCalls::call_virtual(JavaValue*, Handle, KlassHandle, Symbol*, Symbol*, Thread*)+0x47
V  [libjvm.so+0x7278f0]  thread_entry(JavaThread*, Thread*)+0xa0
V  [libjvm.so+0xa742b3]  JavaThread::thread_main_inner()+0x103
V  [libjvm.so+0xa743fc]  JavaThread::run()+0x11c
V  [libjvm.so+0x924ea8]  java_start(Thread*)+0x108
C  [libpthread.so.0+0x76ba]  start_thread+0xca

Java frames: (J=compiled Java code, j=interpreted, Vv=VM code)
j  org.opencv.core.Core.inRange_0(JDDDDDDDDJ)V+0
j  org.opencv.core.Core.inRange(Lorg/opencv/core/Mat;Lorg/opencv/core/Scalar;Lorg/opencv/core/Scalar;Lorg/opencv/core/Mat;)V+56
j  ip.ImgProcessing.bgSubtraction(Lorg/opencv/core/Mat;)Lorg/opencv/core/Mat;+15
j  main.Main$1.actionPerformed(Ljava/awt/event/ActionEvent;)V+33
j  javax.swing.AbstractButton.fireActionPerformed(Ljava/awt/event/ActionEvent;)V+83
j  javax.swing.AbstractButton$Handler.actionPerformed(Ljava/awt/event/ActionEvent;)V+5
j  javax.swing.DefaultButtonModel.fireActionPerformed(Ljava/awt/event/ActionEvent;)V+34
j  javax.swing.DefaultButtonModel.setPressed(Z)V+117
j  javax.swing.plaf.basic.BasicButtonListener$Actions.actionPerformed(Ljava/awt/event/ActionEvent;)V+70
j  javax.swing.SwingUtilities.notifyAction(Ljavax/swing/Action;Ljavax/swing/KeyStroke;Ljava/awt/event/KeyEvent;Ljava/lang/Object;I)Z+132
j  javax.swing.JComponent.processKeyBinding(Ljavax/swing/KeyStroke;Ljava/awt/event/KeyEvent;IZ)Z+72
j  javax.swing.JComponent.processKeyBindings(Ljava/awt/event/KeyEvent;Z)Z+111
j  javax.swing.JComponent.processKeyEvent(Ljava/awt/event/KeyEvent;)V+51
j  java.awt.Component.processEvent(Ljava/awt/AWTEvent;)V+121
j  java.awt.Container.processEvent(Ljava/awt/AWTEvent;)V+18
j  java.awt.Component.dispatchEventImpl(Ljava/awt/AWTEvent;)V+589
j  java.awt.Container.dispatchEventImpl(Ljava/awt/AWTEvent;)V+42
j  java.awt.Component.dispatchEvent(Ljava/awt/AWTEvent;)V+2
j  java.awt.KeyboardFocusManager.redispatchEvent(Ljava/awt/Component;Ljava/awt/AWTEvent;)V+7
j  java.awt.DefaultKeyboardFocusManager.dispatchKeyEvent(Ljava/awt/event/KeyEvent;)Z+63
j  java.awt.DefaultKeyboardFocusManager.preDispatchKeyEvent(Ljava/awt/event/KeyEvent;)Z+137
j  java.awt.DefaultKeyboardFocusManager.typeAheadAssertions(Ljava/awt/Component;Ljava/awt/AWTEvent;)Z+166
j  java.awt.DefaultKeyboardFocusManager.dispatchEvent(Ljava/awt/AWTEvent;)Z+1581
j  java.awt.Component.dispatchEventImpl(Ljava/awt/AWTEvent;)V+151
j  java.awt.Container.dispatchEventImpl(Ljava/awt/AWTEvent;)V+42
j  java.awt.Window.dispatchEventImpl(Ljava/awt/AWTEvent;)V+19
j  java.awt.Component.dispatchEvent(Ljava/awt/AWTEvent;)V+2
j  java.awt.EventQueue.dispatchEventImpl(Ljava/awt/AWTEvent;Ljava/lang/Object;)V+41
j  java.awt.EventQueue.access$500(Ljava/awt/EventQueue;Ljava/awt/AWTEvent;Ljava/lang/Object;)V+3
j  java.awt.EventQueue$3.run()Ljava/lang/Void;+32
j  java.awt.EventQueue$3.run()Ljava/lang/Object;+1
v  ~StubRoutines::call_stub
j  java.security.AccessController.doPrivileged(Ljava/security/PrivilegedAction;Ljava/security/AccessControlContext;)Ljava/lang/Object;+0
j  java.security.ProtectionDomain$JavaSecurityAccessImpl.doIntersectionPrivilege(Ljava/security/PrivilegedAction;Ljava/security/AccessControlContext;Ljava/security/AccessControlContext;)Ljava/lang/Object;+18
j  java.security.ProtectionDomain$JavaSecurityAccessImpl.doIntersectionPrivilege(Ljava/security/PrivilegedAction;Ljava/security/AccessControlContext;)Ljava/lang/Object;+6
j  java.awt.EventQueue$4.run()Ljava/lang/Void;+11
j  java.awt.EventQueue$4.run()Ljava/lang/Object;+1
v  ~StubRoutines::call_stub
j  java.security.AccessController.doPrivileged(Ljava/security/PrivilegedAction;Ljava/security/AccessControlContext;)Ljava/lang/Object;+0
j  java.security.ProtectionDomain$JavaSecurityAccessImpl.doIntersectionPrivilege(Ljava/security/PrivilegedAction;Ljava/security/AccessControlContext;Ljava/security/AccessControlContext;)Ljava/lang/Object;+18
j  java.awt.EventQueue.dispatchEvent(Ljava/awt/AWTEvent;)V+73
j  java.awt.EventDispatchThread.pumpOneEventForFilters(I)V+245
j  java.awt.EventDispatchThread.pumpEventsForFilter(ILjava/awt/Conditional;Ljava/awt/EventFilter;)V+35
j  java.awt.EventDispatchThread.pumpEventsForHierarchy(ILjava/awt/Conditional;Ljava/awt/Component;)V+11
j  java.awt.EventDispatchThread.pumpEvents(ILjava/awt/Conditional;)V+4
j  java.awt.EventDispatchThread.pumpEvents(Ljava/awt/Conditional;)V+3
j  java.awt.EventDispatchThread.run()V+9
v  ~StubRoutines::call_stub

---------------  P R O C E S S  ---------------

Java Threads: ( => current thread )
  0x00007fdbb00b1000 JavaThread "TimerQueue" daemon [_thread_blocked, id=8191, stack(0x00007fdbc83fd000,0x00007fdbc84fe000)]
  0x00007fdc1400a800 JavaThread "DestroyJavaVM" [_thread_blocked, id=8157, stack(0x00007fdc1db05000,0x00007fdc1dc06000)]
=>0x00007fdc1436c000 JavaThread "AWT-EventQueue-0" [_thread_in_native, id=8190, stack(0x00007fdbc84fe000,0x00007fdbc85ff000)]
  0x00007fdc14309800 JavaThread "AWT-Shutdown" [_thread_blocked, id=8189, stack(0x00007fdbc8a90000,0x00007fdbc8b91000)]
  0x00007fdc142b1000 JavaThread "AWT-XAWT" daemon [_thread_in_native, id=8188, stack(0x00007fdbf40c2000,0x00007fdbf41c3000)]
  0x00007fdc1428d000 JavaThread "Java2D Disposer" daemon [_thread_blocked, id=8187, stack(0x00007fdbf49a0000,0x00007fdbf4aa1000)]
  0x00007fdc1414d000 JavaThread "Monitor Ctrl-Break" daemon [_thread_in_native, id=8186, stack(0x00007fdbf6914000,0x00007fdbf6a15000)]
  0x00007fdc140c8800 JavaThread "Service Thread" daemon [_thread_blocked, id=8178, stack(0x00007fdbf6d18000,0x00007fdbf6e19000)]
  0x00007fdc140bd800 JavaThread "C1 CompilerThread2" daemon [_thread_blocked, id=8177, stack(0x00007fdbf6e19000,0x00007fdbf6f1a000)]
  0x00007fdc140bb800 JavaThread "C2 CompilerThread1" daemon [_thread_blocked, id=8176, stack(0x00007fdbf6f1a000,0x00007fdbf701b000)]
  0x00007fdc140b8800 JavaThread "C2 CompilerThread0" daemon [_thread_blocked, id=8175, stack(0x00007fdbf701b000,0x00007fdbf711c000)]
  0x00007fdc140b7000 JavaThread "Signal Dispatcher" daemon [_thread_blocked, id=8174, stack(0x00007fdbf711c000,0x00007fdbf721d000)]
  0x00007fdc14084800 JavaThread "Finalizer" daemon [_thread_blocked, id=8171, stack(0x00007fdbf74f5000,0x00007fdbf75f6000)]
  0x00007fdc14080000 JavaThread "Reference Handler" daemon [_thread_blocked, id=8170, stack(0x00007fdbf75f6000,0x00007fdbf76f7000)]

Other Threads:
  0x00007fdc14078000 VMThread [stack: 0x00007fdbf76f7000,0x00007fdbf77f8000] [id=8168]
  0x00007fdc140cb800 WatcherThread [stack: 0x00007fdbf6c17000,0x00007fdbf6d18000] [id=8179]

VM state:not at safepoint (normal execution)

VM Mutex/Monitor currently owned by a thread: None

Heap:
 PSYoungGen      total 17920K, used 7076K [0x00000000ec780000, 0x00000000edb80000, 0x0000000100000000)
  eden space 15360K, 46% used [0x00000000ec780000,0x00000000ece69278,0x00000000ed680000)
  from space 2560K, 0% used [0x00000000ed900000,0x00000000ed900000,0x00000000edb80000)
  to   space 2560K, 0% used [0x00000000ed680000,0x00000000ed680000,0x00000000ed900000)
 ParOldGen       total 40960K, used 0K [0x00000000c5600000, 0x00000000c7e00000, 0x00000000ec780000)
  object space 40960K, 0% used [0x00000000c5600000,0x00000000c5600000,0x00000000c7e00000)
 Metaspace       used 11655K, capacity 11844K, committed 12032K, reserved 1060864K
  class space    used 1386K, capacity 1468K, committed 1536K, reserved 1048576K

Card table byte_map: [0x00007fdc1a6da000,0x00007fdc1a8b0000] byte_map_base: 0x00007fdc1a0af000

Marking Bits: (ParMarkBitMap*) 0x00007fdc1cfd9220
 Begin Bits: [0x00007fdc1844d000, 0x00007fdc192f5000)
 End Bits:   [0x00007fdc192f5000, 0x00007fdc1a19d000)

Polling page: 0x00007fdc1dc28000

CodeCache: size=245760Kb used=2176Kb max_used=2176Kb free=243584Kb
 bounds [0x00007fdc05000000, 0x00007fdc05270000, 0x00007fdc14000000]
 total_blobs=1101 nmethods=512 adapters=504
 compilation: enabled

Compilation events (10 events):
Event: 5.834 Thread 0x00007fdc140bd800 nmethod 501 0x00007fdc05217390 code [0x00007fdc05217500, 0x00007fdc052176f0]
Event: 5.895 Thread 0x00007fdc140bd800  505       1       java.awt.event.KeyEvent::getKeyCode (5 bytes)
Event: 5.895 Thread 0x00007fdc140bd800 nmethod 505 0x00007fdc052170d0 code [0x00007fdc05217220, 0x00007fdc05217330]
Event: 5.896 Thread 0x00007fdc140bd800  506   !   3       sun.misc.URLClassPath$JarLoader::getResource (85 bytes)
Event: 5.898 Thread 0x00007fdc140bd800 nmethod 506 0x00007fdc05215990 code [0x00007fdc05215be0, 0x00007fdc05216978]
Event: 5.898 Thread 0x00007fdc140bd800  507       3       java.lang.String::indexOf (7 bytes)
Event: 5.899 Thread 0x00007fdc140bd800 nmethod 507 0x00007fdc05215410 code [0x00007fdc05215580, 0x00007fdc05215808]
Event: 5.901 Thread 0x00007fdc140bd800  508       3       java.util.zip.ZipFile::ensureOpen (37 bytes)
Event: 5.901 Thread 0x00007fdc140bd800 nmethod 508 0x00007fdc052184d0 code [0x00007fdc05218660, 0x00007fdc052189b8]
Event: 5.901 Thread 0x00007fdc140bd800  510   !   3       java.lang.StringCoding$StringEncoder::encode (179 bytes)

GC Heap History (0 events):
No events

Deoptimization events (4 events):
Event: 1.461 Thread 0x00007fdc1436c000 Uncommon trap: reason=class_check action=maybe_recompile pc=0x00007fdc051617f0 method=java.lang.String.equals(Ljava/lang/Object;)Z @ 8
Event: 1.461 Thread 0x00007fdc1436c000 Uncommon trap: reason=class_check action=maybe_recompile pc=0x00007fdc051617f0 method=java.lang.String.equals(Ljava/lang/Object;)Z @ 8
Event: 1.699 Thread 0x00007fdc1436c000 Uncommon trap: reason=class_check action=maybe_recompile pc=0x00007fdc051617f0 method=java.lang.String.equals(Ljava/lang/Object;)Z @ 8
Event: 1.699 Thread 0x00007fdc1436c000 Uncommon trap: reason=class_check action=maybe_recompile pc=0x00007fdc051617f0 method=java.lang.String.equals(Ljava/lang/Object;)Z @ 8

Internal exceptions (10 events):
Event: 0.042 Thread 0x00007fdc1400a800 Exception <a 'java/lang/NoSuchMethodError': Method sun.misc.Unsafe.prefetchRead(Ljava/lang/Object;J)V name or signature does not match> (0x00000000ec787f60) thrown at [/HUDSON3/workspace/8-2-build-linux-amd64/jdk8u111/7883/hotspot/src/share/vm/prims/jni.c
Event: 0.198 Thread 0x00007fdc1400a800 Exception <a 'java/security/PrivilegedActionException'> (0x00000000ec88c9d8) thrown at [/HUDSON3/workspace/8-2-build-linux-amd64/jdk8u111/7883/hotspot/src/share/vm/prims/jvm.cpp, line 1386]
Event: 0.198 Thread 0x00007fdc1400a800 Exception <a 'java/security/PrivilegedActionException'> (0x00000000ec88cbe8) thrown at [/HUDSON3/workspace/8-2-build-linux-amd64/jdk8u111/7883/hotspot/src/share/vm/prims/jvm.cpp, line 1386]
Event: 0.199 Thread 0x00007fdc1400a800 Exception <a 'java/security/PrivilegedActionException'> (0x00000000ec88f1b8) thrown at [/HUDSON3/workspace/8-2-build-linux-amd64/jdk8u111/7883/hotspot/src/share/vm/prims/jvm.cpp, line 1386]
Event: 0.199 Thread 0x00007fdc1400a800 Exception <a 'java/security/PrivilegedActionException'> (0x00000000ec88f3c8) thrown at [/HUDSON3/workspace/8-2-build-linux-amd64/jdk8u111/7883/hotspot/src/share/vm/prims/jvm.cpp, line 1386]
Event: 0.281 Thread 0x00007fdc1400a800 Exception <a 'java/lang/NoSuchFieldError': method resolution failed> (0x00000000ec9ac128) thrown at [/HUDSON3/workspace/8-2-build-linux-amd64/jdk8u111/7883/hotspot/src/share/vm/prims/methodHandles.cpp, line 1146]
Event: 0.285 Thread 0x00007fdc1400a800 Exception <a 'java/lang/NoSuchFieldError': method resolution failed> (0x00000000ec9b98f8) thrown at [/HUDSON3/workspace/8-2-build-linux-amd64/jdk8u111/7883/hotspot/src/share/vm/prims/methodHandles.cpp, line 1146]
Event: 0.325 Thread 0x00007fdc1400a800 Exception <a 'java/io/FileNotFoundException'> (0x00000000eca36d48) thrown at [/HUDSON3/workspace/8-2-build-linux-amd64/jdk8u111/7883/hotspot/src/share/vm/prims/jni.cpp, line 709]
Event: 0.325 Thread 0x00007fdc1400a800 Exception <a 'java/io/FileNotFoundException'> (0x00000000eca376f0) thrown at [/HUDSON3/workspace/8-2-build-linux-amd64/jdk8u111/7883/hotspot/src/share/vm/prims/jni.cpp, line 709]
Event: 0.944 Thread 0x00007fdc1436c000 Exception <a 'java/lang/UnsupportedOperationException': > (0x00000000ecd49210) thrown at [/HUDSON3/workspace/8-2-build-linux-amd64/jdk8u111/7883/hotspot/src/share/vm/prims/jni.cpp, line 735]

Events (10 events):
Event: 5.895 loading class org/opencv/imgcodecs/Imgcodecs
Event: 5.895 loading class org/opencv/imgcodecs/Imgcodecs done
Event: 5.898 loading class org/opencv/core/MatOfByte
Event: 5.898 loading class org/opencv/core/MatOfByte done
Event: 5.901 loading class ip/ImgProcessing
Event: 5.901 loading class ip/ImgProcessing done
Event: 5.901 loading class org/opencv/core/Scalar
Event: 5.901 loading class org/opencv/core/Scalar done
Event: 5.902 loading class ann/ANN
Event: 5.902 loading class ann/ANN done


Dynamic libraries:
00400000-00401000 r-xp 00000000 08:05 930318                             /home/g/Documents/jdk1.8.0_111/bin/java
00600000-00601000 rw-p 00000000 08:05 930318                             /home/g/Documents/jdk1.8.0_111/bin/java
025be000-025df000 rw-p 00000000 00:00 0                                  [heap]
c5600000-c7e00000 rw-p 00000000 00:00 0 
c7e00000-ec780000 ---p 00000000 00:00 0 
ec780000-edb80000 rw-p 00000000 00:00 0 
edb80000-100000000 ---p 00000000 00:00 0 
100000000-100180000 rw-p 00000000 00:00 0 
100180000-140000000 ---p 00000000 00:00 0 
7fdbb0000000-7fdbb03c7000 rw-p 00000000 00:00 0 
7fdbb03c7000-7fdbb4000000 ---p 00000000 00:00 0 
7fdbb4000000-7fdbb4021000 rw-p 00000000 00:00 0 
7fdbb4021000-7fdbb8000000 ---p 00000000 00:00 0 
7fdbb8000000-7fdbb8021000 rw-p 00000000 00:00 0 
7fdbb8021000-7fdbbc000000 ---p 00000000 00:00 0 
7fdbbc000000-7fdbbc021000 rw-p 00000000 00:00 0 
7fdbbc021000-7fdbc0000000 ---p 00000000 00:00 0 
7fdbc0000000-7fdbc0021000 rw-p 00000000 00:00 0 
7fdbc0021000-7fdbc4000000 ---p 00000000 00:00 0 
7fdbc4000000-7fdbc4021000 rw-p 00000000 00:00 0 
7fdbc4021000-7fdbc8000000 ---p 00000000 00:00 0 
7fdbc81fd000-7fdbc823d000 rw-p 00000000 00:00 0 
7fdbc823d000-7fdbc83fd000 ---p 00000000 00:00 0 
7fdbc83fd000-7fdbc8400000 ---p 00000000 00:00 0 
7fdbc8400000-7fdbc84fe000 rwxp 00000000 00:00 0 
7fdbc84fe000-7fdbc8501000 ---p 00000000 00:00 0 
7fdbc8501000-7fdbc85ff000 rwxp 00000000 00:00 0 
7fdbc85ff000-7fdbc8668000 r-xp 00000000 08:05 930457                     /home/g/Documents/jdk1.8.0_111/jre/lib/amd64/libt2k.so
7fdbc8668000-7fdbc8868000 ---p 00069000 08:05 930457                     /home/g/Documents/jdk1.8.0_111/jre/lib/amd64/libt2k.so
7fdbc8868000-7fdbc886f000 rw-p 00069000 08:05 930457                     /home/g/Documents/jdk1.8.0_111/jre/lib/amd64/libt2k.so
7fdbc886f000-7fdbc887f000 rw-p 00000000 00:00 0 
7fdbc887f000-7fdbc8890000 r-xp 00000000 08:05 930425                     /home/g/Documents/jdk1.8.0_111/jre/lib/amd64/libnio.so
7fdbc8890000-7fdbc8a8f000 ---p 00011000 08:05 930425                     /home/g/Documents/jdk1.8.0_111/jre/lib/amd64/libnio.so
7fdbc8a8f000-7fdbc8a90000 rw-p 00010000 08:05 930425                     /home/g/Documents/jdk1.8.0_111/jre/lib/amd64/libnio.so
7fdbc8a90000-7fdbc8a93000 ---p 00000000 00:00 0 
7fdbc8a93000-7fdbc8b91000 rwxp 00000000 00:00 0 
7fdbc8b91000-7fdbc8d91000 rw-p 00000000 00:00 0 
7fdbc8d91000-7fdbc8da7000 r-xp 00000000 08:05 4592281                    /lib/x86_64-linux-gnu/libgcc_s.so.1
7fdbc8da7000-7fdbc8fa6000 ---p 00016000 08:05 4592281                    /lib/x86_64-linux-gnu/libgcc_s.so.1
7fdbc8fa6000-7fdbc8fa7000 rw-p 00015000 08:05 4592281                    /lib/x86_64-linux-gnu/libgcc_s.so.1
7fdbc8fa7000-7fdbcbcd1000 r-xp 00000000 08:05 929317                     /home/g/Documents/opencv-3.1.0/build/lib/libopencv_java310.so
7fdbcbcd1000-7fdbcbed1000 ---p 02d2a000 08:05 929317                     /home/g/Documents/opencv-3.1.0/build/lib/libopencv_java310.so
7fdbcbed1000-7fdbcbef4000 r--p 02d2a000 08:05 929317                     /home/g/Documents/opencv-3.1.0/build/lib/libopencv_java310.so
7fdbcbef4000-7fdbcbf5a000 rw-p 02d4d000 08:05 929317                     /home/g/Documents/opencv-3.1.0/build/lib/libopencv_java310.so
7fdbcbf5a000-7fdbcc000000 rw-p 00000000 00:00 0 
7fdbcc000000-7fdbcc18f000 rw-p 00000000 00:00 0 
7fdbcc18f000-7fdbd0000000 ---p 00000000 00:00 0 
7fdbd0000000-7fdbd0021000 rw-p 00000000 00:00 0 
7fdbd0021000-7fdbd4000000 ---p 00000000 00:00 0 
7fdbd4000000-7fdbd4035000 rw-p 00000000 00:00 0 
7fdbd4035000-7fdbd8000000 ---p 00000000 00:00 0 
7fdbd8000000-7fdbd8021000 rw-p 00000000 00:00 0 
7fdbd8021000-7fdbdc000000 ---p 00000000 00:00 0 
7fdbdc000000-7fdbdc021000 rw-p 00000000 00:00 0 
7fdbdc021000-7fdbe0000000 ---p 00000000 00:00 0 
7fdbe0000000-7fdbe01a2000 rw-p 00000000 00:00 0 
7fdbe01a2000-7fdbe4000000 ---p 00000000 00:00 0 
7fdbe4000000-7fdbe4021000 rw-p 00000000 00:00 0 
7fdbe4021000-7fdbe8000000 ---p 00000000 00:00 0 
7fdbe8000000-7fdbe8021000 rw-p 00000000 00:00 0 
7fdbe8021000-7fdbec000000 ---p 00000000 00:00 0 
7fdbec000000-7fdbec091000 rw-p 00000000 00:00 0 
7fdbec091000-7fdbf0000000 ---p 00000000 00:00 0 
7fdbf0000000-7fdbf0021000 rw-p 00000000 00:00 0 
7fdbf0021000-7fdbf4000000 ---p 00000000 00:00 0 
7fdbf40c2000-7fdbf40c5000 ---p 00000000 00:00 0 
7fdbf40c5000-7fdbf41c3000 rwxp 00000000 00:00 0 
7fdbf41c3000-7fdbf4335000 r-xp 00000000 08:05 3287218                    /usr/lib/x86_64-linux-gnu/libstdc++.so.6.0.21
7fdbf4335000-7fdbf4535000 ---p 00172000 08:05 3287218                    /usr/lib/x86_64-linux-gnu/libstdc++.so.6.0.21
7fdbf4535000-7fdbf453f000 r--p 00172000 08:05 3287218                    /usr/lib/x86_64-linux-gnu/libstdc++.so.6.0.21
7fdbf453f000-7fdbf4541000 rw-p 0017c000 08:05 3287218                    /usr/lib/x86_64-linux-gnu/libstdc++.so.6.0.21
7fdbf4541000-7fdbf4545000 rw-p 00000000 00:00 0 
7fdbf4590000-7fdbf4595000 r-xp 00000000 08:05 3286030                    /usr/lib/x86_64-linux-gnu/libXfixes.so.3.1.0
7fdbf4595000-7fdbf4794000 ---p 00005000 08:05 3286030                    /usr/lib/x86_64-linux-gnu/libXfixes.so.3.1.0
7fdbf4794000-7fdbf4795000 r--p 00004000 08:05 3286030                    /usr/lib/x86_64-linux-gnu/libXfixes.so.3.1.0
7fdbf4795000-7fdbf4796000 rw-p 00005000 08:05 3286030                    /usr/lib/x86_64-linux-gnu/libXfixes.so.3.1.0
7fdbf4796000-7fdbf479f000 r-xp 00000000 08:05 3286022                    /usr/lib/x86_64-linux-gnu/libXcursor.so.1.0.2
7fdbf479f000-7fdbf499e000 ---p 00009000 08:05 3286022                    /usr/lib/x86_64-linux-gnu/libXcursor.so.1.0.2
7fdbf499e000-7fdbf499f000 r--p 00008000 08:05 3286022                    /usr/lib/x86_64-linux-gnu/libXcursor.so.1.0.2
7fdbf499f000-7fdbf49a0000 rw-p 00009000 08:05 3286022                    /usr/lib/x86_64-linux-gnu/libXcursor.so.1.0.2
7fdbf49a0000-7fdbf49a3000 ---p 00000000 00:00 0 
7fdbf49a3000-7fdbf4aa1000 rwxp 00000000 00:00 0 
7fdbf4aa1000-7fdbf4b06000 r-xp 00000000 08:05 930419                     /home/g/Documents/jdk1.8.0_111/jre/lib/amd64/libfontmanager.so
7fdbf4b06000-7fdbf4d05000 ---p 00065000 08:05 930419                     /home/g/Documents/jdk1.8.0_111/jre/lib/amd64/libfontmanager.so
7fdbf4d05000-7fdbf4d0a000 rw-p 00064000 08:05 930419                     /home/g/Documents/jdk1.8.0_111/jre/lib/amd64/libfontmanager.so
7fdbf4d0a000-7fdbf4d1a000 rw-p 00000000 00:00 0 
7fdbf4d1a000-7fdbf4d1f000 r-xp 00000000 08:05 3286026                    /usr/lib/x86_64-linux-gnu/libXdmcp.so.6.0.0
7fdbf4d1f000-7fdbf4f1e000 ---p 00005000 08:05 3286026                    /usr/lib/x86_64-linux-gnu/libXdmcp.so.6.0.0
7fdbf4f1e000-7fdbf4f1f000 r--p 00004000 08:05 3286026                    /usr/lib/x86_64-linux-gnu/libXdmcp.so.6.0.0
7fdbf4f1f000-7fdbf4f20000 rw-p 00005000 08:05 3286026                    /usr/lib/x86_64-linux-gnu/libXdmcp.so.6.0.0
7fdbf4f20000-7fdbf4f22000 r-xp 00000000 08:05 3286015                    /usr/lib/x86_64-linux-gnu/libXau.so.6.0.0
7fdbf4f22000-7fdbf5122000 ---p 00002000 08:05 3286015                    /usr/lib/x86_64-linux-gnu/libXau.so.6.0.0
7fdbf5122000-7fdbf5123000 r--p 00002000 08:05 3286015                    /usr/lib/x86_64-linux-gnu/libXau.so.6.0.0
7fdbf5123000-7fdbf5124000 rw-p 00003000 08:05 3286015                    /usr/lib/x86_64-linux-gnu/libXau.so.6.0.0
7fdbf5124000-7fdbf5145000 r-xp 00000000 08:05 3287435                    /usr/lib/x86_64-linux-gnu/libxcb.so.1.1.0
7fdbf5145000-7fdbf5344000 ---p 00021000 08:05 3287435                    /usr/lib/x86_64-linux-gnu/libxcb.so.1.1.0
7fdbf5344000-7fdbf5345000 r--p 00020000 08:05 3287435                    /usr/lib/x86_64-linux-gnu/libxcb.so.1.1.0
7fdbf5345000-7fdbf5346000 rw-p 00021000 08:05 3287435                    /usr/lib/x86_64-linux-gnu/libxcb.so.1.1.0
7fdbf5346000-7fdbf5355000 r-xp 00000000 08:05 3286036                    /usr/lib/x86_64-linux-gnu/libXi.so.6.1.0
7fdbf5355000-7fdbf5554000 ---p 0000f000 08:05 3286036                    /usr/lib/x86_64-linux-gnu/libXi.so.6.1.0
7fdbf5554000-7fdbf5555000 r--p 0000e000 08:05 3286036                    /usr/lib/x86_64-linux-gnu/libXi.so.6.1.0
7fdbf5555000-7fdbf5556000 rw-p 0000f000 08:05 3286036                    /usr/lib/x86_64-linux-gnu/libXi.so.6.1.0
7fdbf5556000-7fdbf555b000 r-xp 00000000 08:05 3286054                    /usr/lib/x86_64-linux-gnu/libXtst.so.6.1.0
7fdbf555b000-7fdbf575a000 ---p 00005000 08:05 3286054                    /usr/lib/x86_64-linux-gnu/libXtst.so.6.1.0
7fdbf575a000-7fdbf575b000 r--p 00004000 08:05 3286054                    /usr/lib/x86_64-linux-gnu/libXtst.so.6.1.0
7fdbf575b000-7fdbf575c000 rw-p 00005000 08:05 3286054                    /usr/lib/x86_64-linux-gnu/libXtst.so.6.1.0
7fdbf575c000-7fdbf5765000 r-xp 00000000 08:05 3286048                    /usr/lib/x86_64-linux-gnu/libXrender.so.1.3.0
7fdbf5765000-7fdbf5964000 ---p 00009000 08:05 3286048                    /usr/lib/x86_64-linux-gnu/libXrender.so.1.3.0
7fdbf5964000-7fdbf5965000 r--p 00008000 08:05 3286048                    /usr/lib/x86_64-linux-gnu/libXrender.so.1.3.0
7fdbf5965000-7fdbf5966000 rw-p 00009000 08:05 3286048                    /usr/lib/x86_64-linux-gnu/libXrender.so.1.3.0
7fdbf5966000-7fdbf5a9b000 r-xp 00000000 08:05 3286011                    /usr/lib/x86_64-linux-gnu/libX11.so.6.3.0
7fdbf5a9b000-7fdbf5c9b000 ---p 00135000 08:05 3286011                    /usr/lib/x86_64-linux-gnu/libX11.so.6.3.0
7fdbf5c9b000-7fdbf5c9c000 r--p 00135000 08:05 3286011                    /usr/lib/x86_64-linux-gnu/libX11.so.6.3.0
7fdbf5c9c000-7fdbf5ca0000 rw-p 00136000 08:05 3286011                    /usr/lib/x86_64-linux-gnu/libX11.so.6.3.0
7fdbf5ca0000-7fdbf5cb1000 r-xp 00000000 08:05 3286028                    /usr/lib/x86_64-linux-gnu/libXext.so.6.4.0
7fdbf5cb1000-7fdbf5eb0000 ---p 00011000 08:05 3286028                    /usr/lib/x86_64-linux-gnu/libXext.so.6.4.0
7fdbf5eb0000-7fdbf5eb1000 r--p 00010000 08:05 3286028                    /usr/lib/x86_64-linux-gnu/libXext.so.6.4.0
7fdbf5eb1000-7fdbf5eb2000 rw-p 00011000 08:05 3286028                    /usr/lib/x86_64-linux-gnu/libXext.so.6.4.0
7fdbf5ed1000-7fdbf5f25000 r-xp 00000000 08:05 930427                     /home/g/Documents/jdk1.8.0_111/jre/lib/amd64/libawt_xawt.so
7fdbf5f25000-7fdbf6125000 ---p 00054000 08:05 930427                     /home/g/Documents/jdk1.8.0_111/jre/lib/amd64/libawt_xawt.so
7fdbf6125000-7fdbf6129000 rw-p 00054000 08:05 930427                     /home/g/Documents/jdk1.8.0_111/jre/lib/amd64/libawt_xawt.so
7fdbf6129000-7fdbf612a000 rw-p 00000000 00:00 0 
7fdbf612a000-7fdbf61cc000 r-xp 00000000 08:05 930460                     /home/g/Documents/jdk1.8.0_111/jre/lib/amd64/libawt.so
7fdbf61cc000-7fdbf63cc000 ---p 000a2000 08:05 930460                     /home/g/Documents/jdk1.8.0_111/jre/lib/amd64/libawt.so
7fdbf63cc000-7fdbf63d8000 rw-p 000a2000 08:05 930460                     /home/g/Documents/jdk1.8.0_111/jre/lib/amd64/libawt.so
7fdbf63d8000-7fdbf66fd000 rw-p 00000000 00:00 0 
7fdbf66fd000-7fdbf6713000 r-xp 00000000 08:05 930400                     /home/g/Documents/jdk1.8.0_111/jre/lib/amd64/libnet.so
7fdbf6713000-7fdbf6913000 ---p 00016000 08:05 930400                     /home/g/Documents/jdk1.8.0_111/jre/lib/amd64/libnet.so
7fdbf6913000-7fdbf6914000 rw-p 00016000 08:05 930400                     /home/g/Documents/jdk1.8.0_111/jre/lib/amd64/libnet.so
7fdbf6914000-7fdbf6917000 ---p 00000000 00:00 0 
7fdbf6917000-7fdbf6a15000 rwxp 00000000 00:00 0 
7fdbf6a15000-7fdbf6a16000 r-xp 00000000 08:05 404569                     /home/g/Documents/idea-IC-163.7743.44/bin/libbreakgen64.so
7fdbf6a16000-7fdbf6c15000 ---p 00001000 08:05 404569                     /home/g/Documents/idea-IC-163.7743.44/bin/libbreakgen64.so
7fdbf6c15000-7fdbf6c16000 r--p 00000000 08:05 404569                     /home/g/Documents/idea-IC-163.7743.44/bin/libbreakgen64.so
7fdbf6c16000-7fdbf6c17000 rw-p 00001000 08:05 404569                     /home/g/Documents/idea-IC-163.7743.44/bin/libbreakgen64.so
7fdbf6c17000-7fdbf6c18000 ---p 00000000 00:00 0 
7fdbf6c18000-7fdbf6d18000 rwxp 00000000 00:00 0 
7fdbf6d18000-7fdbf6d1b000 ---p 00000000 00:00 0 
7fdbf6d1b000-7fdbf6e19000 rwxp 00000000 00:00 0 
7fdbf6e19000-7fdbf6e1c000 ---p 00000000 00:00 0 
7fdbf6e1c000-7fdbf6f1a000 rwxp 00000000 00:00 0 
7fdbf6f1a000-7fdbf6f1d000 ---p 00000000 00:00 0 
7fdbf6f1d000-7fdbf701b000 rwxp 00000000 00:00 0 
7fdbf701b000-7fdbf701e000 ---p 00000000 00:00 0 
7fdbf701e000-7fdbf711c000 rwxp 00000000 00:00 0 
7fdbf711c000-7fdbf711f000 ---p 00000000 00:00 0 
7fdbf711f000-7fdbf721d000 rwxp 00000000 00:00 0 
7fdbf721d000-7fdbf74f5000 r--p 00000000 08:05 3284534                    /usr/lib/locale/locale-archive
7fdbf74f5000-7fdbf74f8000 ---p 00000000 00:00 0 
7fdbf74f8000-7fdbf75f6000 rwxp 00000000 00:00 0 
7fdbf75f6000-7fdbf75f9000 ---p 00000000 00:00 0 
7fdbf75f9000-7fdbf76f7000 rwxp 00000000 00:00 0 
7fdbf76f7000-7fdbf76f8000 ---p 00000000 00:00 0 
7fdbf76f8000-7fdbf77f8000 rwxp 00000000 00:00 0 
7fdbf77f8000-7fdbf8000000 rw-p 00000000 00:00 0 
7fdbf8000000-7fdbf8021000 rw-p 00000000 00:00 0 
7fdbf8021000-7fdbfc000000 ---p 00000000 00:00 0 
7fdbfc000000-7fdbfc021000 rw-p 00000000 00:00 0 
7fdbfc021000-7fdc00000000 ---p 00000000 00:00 0 
7fdc00000000-7fdc00021000 rw-p 00000000 00:00 0 
7fdc00021000-7fdc04000000 ---p 00000000 00:00 0 
7fdc0401b000-7fdc04020000 r--s 002f9000 08:05 930345                     /home/g/Documents/jdk1.8.0_111/jre/lib/charsets.jar
7fdc04020000-7fdc04022000 r--s 00019000 08:05 395806                     /home/g/Documents/idea-IC-163.7743.44/lib/idea_rt.jar
7fdc04022000-7fdc04027000 r--s 00048000 08:05 929348                     /home/g/Documents/opencv-3.1.0/build/bin/opencv-310.jar
7fdc04027000-7fdc0403a000 r--s 00345000 08:05 930624                     /home/g/Documents/jdk1.8.0_111/jre/lib/resources.jar
7fdc0403a000-7fdc0404c000 r--s 000d6000 08:05 930623                     /home/g/Documents/jdk1.8.0_111/jre/lib/plugin.jar
7fdc0404c000-7fdc04050000 r--s 00097000 08:05 930344                     /home/g/Documents/jdk1.8.0_111/jre/lib/jsse.jar
7fdc04050000-7fdc0405a000 r--s 0006c000 08:05 930507                     /home/g/Documents/jdk1.8.0_111/jre/lib/javaws.jar
7fdc0405a000-7fdc04075000 r--s 00208000 08:05 930508                     /home/g/Documents/jdk1.8.0_111/jre/lib/deploy.jar
7fdc04075000-7fdc05000000 rw-p 00000000 00:00 0 
7fdc05000000-7fdc05270000 rwxp 00000000 00:00 0 
7fdc05270000-7fdc14000000 ---p 00000000 00:00 0 
7fdc14000000-7fdc14374000 rw-p 00000000 00:00 0 
7fdc14374000-7fdc18000000 ---p 00000000 00:00 0 
7fdc18001000-7fdc18006000 r--s 00084000 08:05 930499                     /home/g/Documents/jdk1.8.0_111/jre/lib/jfr.jar
7fdc18006000-7fdc18009000 r--s 0001a000 08:05 930654                     /home/g/Documents/jdk1.8.0_111/jre/lib/jce.jar
7fdc18009000-7fdc1802a000 rw-p 00000000 00:00 0 
7fdc1802a000-7fdc18202000 r--s 03d2a000 08:05 930392                     /home/g/Documents/jdk1.8.0_111/jre/lib/rt.jar
7fdc18202000-7fdc1a19d000 rw-p 00000000 00:00 0 
7fdc1a19d000-7fdc1a19e000 ---p 00000000 00:00 0 
7fdc1a19e000-7fdc1a29e000 rwxp 00000000 00:00 0 
7fdc1a29e000-7fdc1a29f000 ---p 00000000 00:00 0 
7fdc1a29f000-7fdc1a39f000 rwxp 00000000 00:00 0 
7fdc1a39f000-7fdc1a3a0000 ---p 00000000 00:00 0 
7fdc1a3a0000-7fdc1a4a0000 rwxp 00000000 00:00 0 
7fdc1a4a0000-7fdc1a4a1000 ---p 00000000 00:00 0 
7fdc1a4a1000-7fdc1a5a1000 rwxp 00000000 00:00 0 
7fdc1a5a1000-7fdc1a5b5000 rw-p 00000000 00:00 0 
7fdc1a5b5000-7fdc1a6da000 ---p 00000000 00:00 0 
7fdc1a6da000-7fdc1a6ee000 rw-p 00000000 00:00 0 
7fdc1a6ee000-7fdc1a812000 ---p 00000000 00:00 0 
7fdc1a812000-7fdc1a81d000 rw-p 00000000 00:00 0 
7fdc1a81d000-7fdc1a8af000 ---p 00000000 00:00 0 
7fdc1a8af000-7fdc1a8ba000 rw-p 00000000 00:00 0 
7fdc1a8ba000-7fdc1ac70000 ---p 00000000 00:00 0 
7fdc1ac70000-7fdc1ac8a000 r-xp 00000000 08:05 930423                     /home/g/Documents/jdk1.8.0_111/jre/lib/amd64/libzip.so
7fdc1ac8a000-7fdc1ae8a000 ---p 0001a000 08:05 930423                     /home/g/Documents/jdk1.8.0_111/jre/lib/amd64/libzip.so
7fdc1ae8a000-7fdc1ae8b000 rw-p 0001a000 08:05 930423                     /home/g/Documents/jdk1.8.0_111/jre/lib/amd64/libzip.so
7fdc1ae8b000-7fdc1ae96000 r-xp 00000000 08:05 4596442                    /lib/x86_64-linux-gnu/libnss_files-2.23.so
7fdc1ae96000-7fdc1b095000 ---p 0000b000 08:05 4596442                    /lib/x86_64-linux-gnu/libnss_files-2.23.so
7fdc1b095000-7fdc1b096000 r--p 0000a000 08:05 4596442                    /lib/x86_64-linux-gnu/libnss_files-2.23.so
7fdc1b096000-7fdc1b097000 rw-p 0000b000 08:05 4596442                    /lib/x86_64-linux-gnu/libnss_files-2.23.so
7fdc1b097000-7fdc1b09d000 rw-p 00000000 00:00 0 
7fdc1b09d000-7fdc1b0a8000 r-xp 00000000 08:05 4595065                    /lib/x86_64-linux-gnu/libnss_nis-2.23.so
7fdc1b0a8000-7fdc1b2a7000 ---p 0000b000 08:05 4595065                    /lib/x86_64-linux-gnu/libnss_nis-2.23.so
7fdc1b2a7000-7fdc1b2a8000 r--p 0000a000 08:05 4595065                    /lib/x86_64-linux-gnu/libnss_nis-2.23.so
7fdc1b2a8000-7fdc1b2a9000 rw-p 0000b000 08:05 4595065                    /lib/x86_64-linux-gnu/libnss_nis-2.23.so
7fdc1b2a9000-7fdc1b2bf000 r-xp 00000000 08:05 4596438                    /lib/x86_64-linux-gnu/libnsl-2.23.so
7fdc1b2bf000-7fdc1b4be000 ---p 00016000 08:05 4596438                    /lib/x86_64-linux-gnu/libnsl-2.23.so
7fdc1b4be000-7fdc1b4bf000 r--p 00015000 08:05 4596438                    /lib/x86_64-linux-gnu/libnsl-2.23.so
7fdc1b4bf000-7fdc1b4c0000 rw-p 00016000 08:05 4596438                    /lib/x86_64-linux-gnu/libnsl-2.23.so
7fdc1b4c0000-7fdc1b4c2000 rw-p 00000000 00:00 0 
7fdc1b4c2000-7fdc1b4ca000 r-xp 00000000 08:05 4596439                    /lib/x86_64-linux-gnu/libnss_compat-2.23.so
7fdc1b4ca000-7fdc1b6c9000 ---p 00008000 08:05 4596439                    /lib/x86_64-linux-gnu/libnss_compat-2.23.so
7fdc1b6c9000-7fdc1b6ca000 r--p 00007000 08:05 4596439                    /lib/x86_64-linux-gnu/libnss_compat-2.23.so
7fdc1b6ca000-7fdc1b6cb000 rw-p 00008000 08:05 4596439                    /lib/x86_64-linux-gnu/libnss_compat-2.23.so
7fdc1b6cb000-7fdc1b6f6000 r-xp 00000000 08:05 930450                     /home/g/Documents/jdk1.8.0_111/jre/lib/amd64/libjava.so
7fdc1b6f6000-7fdc1b8f5000 ---p 0002b000 08:05 930450                     /home/g/Documents/jdk1.8.0_111/jre/lib/amd64/libjava.so
7fdc1b8f5000-7fdc1b8f7000 rw-p 0002a000 08:05 930450                     /home/g/Documents/jdk1.8.0_111/jre/lib/amd64/libjava.so
7fdc1b8f7000-7fdc1b904000 r-xp 00000000 08:05 930401                     /home/g/Documents/jdk1.8.0_111/jre/lib/amd64/libverify.so
7fdc1b904000-7fdc1bb03000 ---p 0000d000 08:05 930401                     /home/g/Documents/jdk1.8.0_111/jre/lib/amd64/libverify.so
7fdc1bb03000-7fdc1bb05000 rw-p 0000c000 08:05 930401                     /home/g/Documents/jdk1.8.0_111/jre/lib/amd64/libverify.so
7fdc1bb05000-7fdc1bb0c000 r-xp 00000000 08:05 4594950                    /lib/x86_64-linux-gnu/librt-2.23.so
7fdc1bb0c000-7fdc1bd0b000 ---p 00007000 08:05 4594950                    /lib/x86_64-linux-gnu/librt-2.23.so
7fdc1bd0b000-7fdc1bd0c000 r--p 00006000 08:05 4594950                    /lib/x86_64-linux-gnu/librt-2.23.so
7fdc1bd0c000-7fdc1bd0d000 rw-p 00007000 08:05 4594950                    /lib/x86_64-linux-gnu/librt-2.23.so
7fdc1bd0d000-7fdc1be15000 r-xp 00000000 08:05 4595074                    /lib/x86_64-linux-gnu/libm-2.23.so
7fdc1be15000-7fdc1c014000 ---p 00108000 08:05 4595074                    /lib/x86_64-linux-gnu/libm-2.23.so
7fdc1c014000-7fdc1c015000 r--p 00107000 08:05 4595074                    /lib/x86_64-linux-gnu/libm-2.23.so
7fdc1c015000-7fdc1c016000 rw-p 00108000 08:05 4595074                    /lib/x86_64-linux-gnu/libm-2.23.so
7fdc1c016000-7fdc1cce3000 r-xp 00000000 08:05 930454                     /home/g/Documents/jdk1.8.0_111/jre/lib/amd64/server/libjvm.so
7fdc1cce3000-7fdc1cee2000 ---p 00ccd000 08:05 930454                     /home/g/Documents/jdk1.8.0_111/jre/lib/amd64/server/libjvm.so
7fdc1cee2000-7fdc1cfbb000 rw-p 00ccc000 08:05 930454                     /home/g/Documents/jdk1.8.0_111/jre/lib/amd64/server/libjvm.so
7fdc1cfbb000-7fdc1d006000 rw-p 00000000 00:00 0 
7fdc1d006000-7fdc1d1c5000 r-xp 00000000 08:05 4595069                    /lib/x86_64-linux-gnu/libc-2.23.so
7fdc1d1c5000-7fdc1d3c5000 ---p 001bf000 08:05 4595069                    /lib/x86_64-linux-gnu/libc-2.23.so
7fdc1d3c5000-7fdc1d3c9000 r--p 001bf000 08:05 4595069                    /lib/x86_64-linux-gnu/libc-2.23.so
7fdc1d3c9000-7fdc1d3cb000 rw-p 001c3000 08:05 4595069                    /lib/x86_64-linux-gnu/libc-2.23.so
7fdc1d3cb000-7fdc1d3cf000 rw-p 00000000 00:00 0 
7fdc1d3cf000-7fdc1d3d2000 r-xp 00000000 08:05 4595068                    /lib/x86_64-linux-gnu/libdl-2.23.so
7fdc1d3d2000-7fdc1d5d1000 ---p 00003000 08:05 4595068                    /lib/x86_64-linux-gnu/libdl-2.23.so
7fdc1d5d1000-7fdc1d5d2000 r--p 00002000 08:05 4595068                    /lib/x86_64-linux-gnu/libdl-2.23.so
7fdc1d5d2000-7fdc1d5d3000 rw-p 00003000 08:05 4595068                    /lib/x86_64-linux-gnu/libdl-2.23.so
7fdc1d5d3000-7fdc1d5e8000 r-xp 00000000 08:05 929582                     /home/g/Documents/jdk1.8.0_111/lib/amd64/jli/libjli.so
7fdc1d5e8000-7fdc1d7e8000 ---p 00015000 08:05 929582                     /home/g/Documents/jdk1.8.0_111/lib/amd64/jli/libjli.so
7fdc1d7e8000-7fdc1d7e9000 rw-p 00015000 08:05 929582                     /home/g/Documents/jdk1.8.0_111/lib/amd64/jli/libjli.so
7fdc1d7e9000-7fdc1d801000 r-xp 00000000 08:05 4595075                    /lib/x86_64-linux-gnu/libpthread-2.23.so
7fdc1d801000-7fdc1da00000 ---p 00018000 08:05 4595075                    /lib/x86_64-linux-gnu/libpthread-2.23.so
7fdc1da00000-7fdc1da01000 r--p 00017000 08:05 4595075                    /lib/x86_64-linux-gnu/libpthread-2.23.so
7fdc1da01000-7fdc1da02000 rw-p 00018000 08:05 4595075                    /lib/x86_64-linux-gnu/libpthread-2.23.so
7fdc1da02000-7fdc1da06000 rw-p 00000000 00:00 0 
7fdc1da06000-7fdc1da2c000 r-xp 00000000 08:05 4587535                    /lib/x86_64-linux-gnu/ld-2.23.so
7fdc1da2d000-7fdc1da2e000 r--s 00000000 08:05 930471                     /home/g/Documents/jdk1.8.0_111/jre/lib/management-agent.jar
7fdc1da2e000-7fdc1da33000 r--s 002f9000 08:05 930345                     /home/g/Documents/jdk1.8.0_111/jre/lib/charsets.jar
7fdc1da33000-7fdc1db05000 rw-p 00000000 00:00 0 
7fdc1db05000-7fdc1db08000 ---p 00000000 00:00 0 
7fdc1db08000-7fdc1dc06000 rwxp 00000000 00:00 0 
7fdc1dc06000-7fdc1dc0a000 rw-p 00000000 00:00 0 
7fdc1dc0a000-7fdc1dc0c000 r--s 00007000 08:05 930465                     /home/g/Documents/jdk1.8.0_111/jre/lib/jfxswt.jar
7fdc1dc0c000-7fdc1dc1f000 rw-p 00000000 00:00 0 
7fdc1dc1f000-7fdc1dc27000 rw-s 00000000 08:05 3014694                    /tmp/hsperfdata_g/8156
7fdc1dc27000-7fdc1dc28000 rw-p 00000000 00:00 0 
7fdc1dc28000-7fdc1dc29000 r--p 00000000 00:00 0 
7fdc1dc29000-7fdc1dc2b000 rw-p 00000000 00:00 0 
7fdc1dc2b000-7fdc1dc2c000 r--p 00025000 08:05 4587535                    /lib/x86_64-linux-gnu/ld-2.23.so
7fdc1dc2c000-7fdc1dc2d000 rw-p 00026000 08:05 4587535                    /lib/x86_64-linux-gnu/ld-2.23.so
7fdc1dc2d000-7fdc1dc2e000 rw-p 00000000 00:00 0 
7fff6b956000-7fff6b977000 rwxp 00000000 00:00 0                          [stack]
7fff6b983000-7fff6b985000 r--p 00000000 00:00 0                          [vvar]
7fff6b985000-7fff6b987000 r-xp 00000000 00:00 0                          [vdso]
ffffffffff600000-ffffffffff601000 r-xp 00000000 00:00 0                  [vsyscall]

VM Arguments:
jvm_args: -Djava.library.path=/home/g/Documents/opencv-3.1.0/build/lib -Didea.launcher.port=7532 -Didea.launcher.bin.path=/home/g/Documents/idea-IC-163.7743.44/bin -Dfile.encoding=UTF-8 
java_command: com.intellij.rt.execution.application.AppMain main.Main
java_class_path (initial): /home/g/Documents/jdk1.8.0_111/jre/lib/charsets.jar:/home/g/Documents/jdk1.8.0_111/jre/lib/deploy.jar:/home/g/Documents/jdk1.8.0_111/jre/lib/ext/cldrdata.jar:/home/g/Documents/jdk1.8.0_111/jre/lib/ext/dnsns.jar:/home/g/Documents/jdk1.8.0_111/jre/lib/ext/jaccess.jar:/home/g/Documents/jdk1.8.0_111/jre/lib/ext/jfxrt.jar:/home/g/Documents/jdk1.8.0_111/jre/lib/ext/localedata.jar:/home/g/Documents/jdk1.8.0_111/jre/lib/ext/nashorn.jar:/home/g/Documents/jdk1.8.0_111/jre/lib/ext/sunec.jar:/home/g/Documents/jdk1.8.0_111/jre/lib/ext/sunjce_provider.jar:/home/g/Documents/jdk1.8.0_111/jre/lib/ext/sunpkcs11.jar:/home/g/Documents/jdk1.8.0_111/jre/lib/ext/zipfs.jar:/home/g/Documents/jdk1.8.0_111/jre/lib/javaws.jar:/home/g/Documents/jdk1.8.0_111/jre/lib/jce.jar:/home/g/Documents/jdk1.8.0_111/jre/lib/jfr.jar:/home/g/Documents/jdk1.8.0_111/jre/lib/jfxswt.jar:/home/g/Documents/jdk1.8.0_111/jre/lib/jsse.jar:/home/g/Documents/jdk1.8.0_111/jre/lib/management-agent.jar:/home/g/Documents/jdk1.8.0_111/jre/lib/plugin.jar:/home/g/Documents/jdk1.8.0_111/jre/lib/resources.jar:/home/g/Documents/jdk1.8.0_111/jre/lib/rt.jar:/home/g/IdeaProjects/thesis/out/production/thesis:/home/g/Documents/opencv-3.1.0/build/bin/opencv-310.jar:/home/g/Documents/idea-IC-163.7743.44/lib/idea_rt.jar
Launcher Type: SUN_STANDARD

Environment Variables:
PATH=/usr/local/sbin:/usr/local/bin:/usr/sbin:/usr/bin:/sbin:/bin:/usr/games:/usr/local/games
USERNAME=g
LD_LIBRARY_PATH=/home/g/Documents/idea-IC-163.7743.44/bin:
SHELL=/bin/bash
DISPLAY=:0

Signal Handlers:
SIGSEGV: [libjvm.so+0xac64b0], sa_mask[0]=11111111011111111101111111111110, sa_flags=SA_RESTART|SA_SIGINFO
SIGBUS: [libjvm.so+0xac64b0], sa_mask[0]=11111111011111111101111111111110, sa_flags=SA_RESTART|SA_SIGINFO
SIGFPE: [libjvm.so+0x91f950], sa_mask[0]=11111111011111111101111111111110, sa_flags=SA_RESTART|SA_SIGINFO
SIGPIPE: [libjvm.so+0x91f950], sa_mask[0]=11111111011111111101111111111110, sa_flags=SA_RESTART|SA_SIGINFO
SIGXFSZ: [libjvm.so+0x91f950], sa_mask[0]=11111111011111111101111111111110, sa_flags=SA_RESTART|SA_SIGINFO
SIGILL: [libjvm.so+0x91f950], sa_mask[0]=11111111011111111101111111111110, sa_flags=SA_RESTART|SA_SIGINFO
SIGUSR1: SIG_DFL, sa_mask[0]=00000000000000000000000000000000, sa_flags=none
SIGUSR2: [libjvm.so+0x920f80], sa_mask[0]=00100000000000000000000000000000, sa_flags=SA_RESTART|SA_SIGINFO
SIGHUP: [libjvm.so+0x922380], sa_mask[0]=11111111011111111101111111111110, sa_flags=SA_RESTART|SA_SIGINFO
SIGINT: [libjvm.so+0x922380], sa_mask[0]=11111111011111111101111111111110, sa_flags=SA_RESTART|SA_SIGINFO
SIGTERM: [libjvm.so+0x922380], sa_mask[0]=11111111011111111101111111111110, sa_flags=SA_RESTART|SA_SIGINFO
SIGQUIT: [libjvm.so+0x922380], sa_mask[0]=11111111011111111101111111111110, sa_flags=SA_RESTART|SA_SIGINFO


---------------  S Y S T E M  ---------------

OS:DISTRIB_ID=LinuxMint
DISTRIB_RELEASE=18
DISTRIB_CODENAME=sarah
DISTRIB_DESCRIPTION="Linux Mint 18 Sarah"

uname:Linux 4.4.0-21-generic #37-Ubuntu SMP Mon Apr 18 18:33:37 UTC 2016 x86_64
libc:glibc 2.23 NPTL 2.23 
rlimit: STACK 8192k, CORE 0k, NPROC 14845, NOFILE 65536, AS infinity
load average:1.21 0.59 0.42

/proc/meminfo:
MemTotal:        3841456 kB
MemFree:          466044 kB
MemAvailable:    1792692 kB
Buffers:          109484 kB
Cached:          1284028 kB
SwapCached:           12 kB
Active:          1929188 kB
Inactive:        1252976 kB
Active(anon):    1293284 kB
Inactive(anon):   639200 kB
Active(file):     635904 kB
Inactive(file):   613776 kB
Unevictable:           0 kB
Mlocked:               0 kB
SwapTotal:       3986428 kB
SwapFree:        3982564 kB
Dirty:             12376 kB
Writeback:             0 kB
AnonPages:       1788720 kB
Mapped:           217796 kB
Shmem:            143836 kB
Slab:             132976 kB
SReclaimable:     105936 kB
SUnreclaim:        27040 kB
KernelStack:        7056 kB
PageTables:        20500 kB
NFS_Unstable:          0 kB
Bounce:                0 kB
WritebackTmp:          0 kB
CommitLimit:     5907156 kB
Committed_AS:    3143728 kB
VmallocTotal:   34359738367 kB
VmallocUsed:           0 kB
VmallocChunk:          0 kB
HardwareCorrupted:     0 kB
AnonHugePages:   1282048 kB
CmaTotal:              0 kB
CmaFree:               0 kB
HugePages_Total:       0
HugePages_Free:        0
HugePages_Rsvd:        0
HugePages_Surp:        0
Hugepagesize:       2048 kB
DirectMap4k:      102656 kB
DirectMap2M:     3885056 kB


CPU:total 4 (2 cores per cpu, 2 threads per core) family 6 model 37 stepping 2, cmov, cx8, fxsr, mmx, sse, sse2, sse3, ssse3, sse4.1, sse4.2, popcnt, ht, tsc, tscinvbit

/proc/cpuinfo:
processor	: 0
vendor_id	: GenuineIntel
cpu family	: 6
model		: 37
model name	: Intel(R) Core(TM) i3 CPU       M 330  @ 2.13GHz
stepping	: 2
microcode	: 0xc
cpu MHz		: 2133.000
cache size	: 3072 KB
physical id	: 0
siblings	: 4
core id		: 0
cpu cores	: 2
apicid		: 0
initial apicid	: 0
fpu		: yes
fpu_exception	: yes
cpuid level	: 11
wp		: yes
flags		: fpu vme de pse tsc msr pae mce cx8 apic sep mtrr pge mca cmov pat pse36 clflush dts acpi mmx fxsr sse sse2 ss ht tm pbe syscall nx rdtscp lm constant_tsc arch_perfmon pebs bts rep_good nopl xtopology nonstop_tsc aperfmperf pni dtes64 monitor ds_cpl vmx est tm2 ssse3 cx16 xtpr pdcm sse4_1 sse4_2 popcnt lahf_lm tpr_shadow vnmi flexpriority ept vpid dtherm arat
bugs		:
bogomips	: 4266.93
clflush size	: 64
cache_alignment	: 64
address sizes	: 36 bits physical, 48 bits virtual
power management:

processor	: 1
vendor_id	: GenuineIntel
cpu family	: 6
model		: 37
model name	: Intel(R) Core(TM) i3 CPU       M 330  @ 2.13GHz
stepping	: 2
microcode	: 0xc
cpu MHz		: 1066.000
cache size	: 3072 KB
physical id	: 0
siblings	: 4
core id		: 0
cpu cores	: 2
apicid		: 1
initial apicid	: 1
fpu		: yes
fpu_exception	: yes
cpuid level	: 11
wp		: yes
flags		: fpu vme de pse tsc msr pae mce cx8 apic sep mtrr pge mca cmov pat pse36 clflush dts acpi mmx fxsr sse sse2 ss ht tm pbe syscall nx rdtscp lm constant_tsc arch_perfmon pebs bts rep_good nopl xtopology nonstop_tsc aperfmperf pni dtes64 monitor ds_cpl vmx est tm2 ssse3 cx16 xtpr pdcm sse4_1 sse4_2 popcnt lahf_lm tpr_shadow vnmi flexpriority ept vpid dtherm arat
bugs		:
bogomips	: 4266.93
clflush size	: 64
cache_alignment	: 64
address sizes	: 36 bits physical, 48 bits virtual
power management:

processor	: 2
vendor_id	: GenuineIntel
cpu family	: 6
model		: 37
model name	: Intel(R) Core(TM) i3 CPU       M 330  @ 2.13GHz
stepping	: 2
microcode	: 0xc
cpu MHz		: 933.000
cache size	: 3072 KB
physical id	: 0
siblings	: 4
core id		: 2
cpu cores	: 2
apicid		: 4
initial apicid	: 4
fpu		: yes
fpu_exception	: yes
cpuid level	: 11
wp		: yes
flags		: fpu vme de pse tsc msr pae mce cx8 apic sep mtrr pge mca cmov pat pse36 clflush dts acpi mmx fxsr sse sse2 ss ht tm pbe syscall nx rdtscp lm constant_tsc arch_perfmon pebs bts rep_good nopl xtopology nonstop_tsc aperfmperf pni dtes64 monitor ds_cpl vmx est tm2 ssse3 cx16 xtpr pdcm sse4_1 sse4_2 popcnt lahf_lm tpr_shadow vnmi flexpriority ept vpid dtherm arat
bugs		:
bogomips	: 4266.93
clflush size	: 64
cache_alignment	: 64
address sizes	: 36 bits physical, 48 bits virtual
power management:

processor	: 3
vendor_id	: GenuineIntel
cpu family	: 6
model		: 37
model name	: Intel(R) Core(TM) i3 CPU       M 330  @ 2.13GHz
stepping	: 2
microcode	: 0xc
cpu MHz		: 933.000
cache size	: 3072 KB
physical id	: 0
siblings	: 4
core id		: 2
cpu cores	: 2
apicid		: 5
initial apicid	: 5
fpu		: yes
fpu_exception	: yes
cpuid level	: 11
wp		: yes
flags		: fpu vme de pse tsc msr pae mce cx8 apic sep mtrr pge mca cmov pat pse36 clflush dts acpi mmx fxsr sse sse2 ss ht tm pbe syscall nx rdtscp lm constant_tsc arch_perfmon pebs bts rep_good nopl xtopology nonstop_tsc aperfmperf pni dtes64 monitor ds_cpl vmx est tm2 ssse3 cx16 xtpr pdcm sse4_1 sse4_2 popcnt lahf_lm tpr_shadow vnmi flexpriority ept vpid dtherm arat
bugs		:
bogomips	: 4266.93
clflush size	: 64
cache_alignment	: 64
address sizes	: 36 bits physical, 48 bits virtual
power management:



Memory: 4k page, physical 3841456k(466044k free), swap 3986428k(3982564k free)

vm_info: Java HotSpot(TM) 64-Bit Server VM (25.111-b14) for linux-amd64 JRE (1.8.0_111-b14), built on Sep 22 2016 16:14:03 by "java_re" with gcc 4.3.0 20080428 (Red Hat 4.3.0-8)

time: Sat Jan 14 11:45:49 2017
elapsed time: 5 seconds (0d 0h 0m 5s)

